2019-10-28 22:43:19 [restartedMain] [INFO] com.spring.movi.MoviApplication - Starting MoviApplication on DESKTOP-SSTPOFF with PID 216 (D:\Projects\movi\target\classes started by Eanda in D:\Projects\movi)
2019-10-28 22:43:19 [restartedMain] [INFO] com.spring.movi.MoviApplication - No active profile set, falling back to default profiles: default
2019-10-28 22:43:19 [restartedMain] [INFO] o.s.b.d.e.DevToolsPropertyDefaultsPostProcessor - Devtools property defaults active! Set 'spring.devtools.add-properties' to 'false' to disable
2019-10-28 22:43:19 [restartedMain] [INFO] o.s.b.d.e.DevToolsPropertyDefaultsPostProcessor - For additional web related logging consider setting the 'logging.level.web' property to 'DEBUG'
2019-10-28 22:43:21 [restartedMain] [DEBUG] o.m.s.b.a.MybatisAutoConfiguration - Searching for mappers annotated with @Mapper
2019-10-28 22:43:21 [restartedMain] [DEBUG] o.m.s.b.a.MybatisAutoConfiguration - Using auto-configuration base package 'com.spring.movi'
2019-10-28 22:43:21 [restartedMain] [DEBUG] o.m.s.mapper.ClassPathMapperScanner - Identified candidate component class: file [D:\Projects\movi\target\classes\com\spring\movi\dao\ImageDAO.class]
2019-10-28 22:43:21 [restartedMain] [DEBUG] o.m.s.mapper.ClassPathMapperScanner - Identified candidate component class: file [D:\Projects\movi\target\classes\com\spring\movi\dao\MoviDAO.class]
2019-10-28 22:43:21 [restartedMain] [DEBUG] o.m.s.mapper.ClassPathMapperScanner - Identified candidate component class: file [D:\Projects\movi\target\classes\com\spring\movi\dao\MoviDetailsDAO.class]
2019-10-28 22:43:21 [restartedMain] [DEBUG] o.m.s.mapper.ClassPathMapperScanner - Identified candidate component class: file [D:\Projects\movi\target\classes\com\spring\movi\dao\MoviImageDAO.class]
2019-10-28 22:43:21 [restartedMain] [DEBUG] o.m.s.mapper.ClassPathMapperScanner - Identified candidate component class: file [D:\Projects\movi\target\classes\com\spring\movi\dao\MoviTypeDAO.class]
2019-10-28 22:43:21 [restartedMain] [DEBUG] o.m.s.mapper.ClassPathMapperScanner - Identified candidate component class: file [D:\Projects\movi\target\classes\com\spring\movi\dao\RoleDAO.class]
2019-10-28 22:43:21 [restartedMain] [DEBUG] o.m.s.mapper.ClassPathMapperScanner - Identified candidate component class: file [D:\Projects\movi\target\classes\com\spring\movi\dao\TypeDAO.class]
2019-10-28 22:43:21 [restartedMain] [DEBUG] o.m.s.mapper.ClassPathMapperScanner - Creating MapperFactoryBean with name 'imageDAO' and 'com.spring.movi.dao.ImageDAO' mapperInterface
2019-10-28 22:43:21 [restartedMain] [DEBUG] o.m.s.mapper.ClassPathMapperScanner - Enabling autowire by type for MapperFactoryBean with name 'imageDAO'.
2019-10-28 22:43:21 [restartedMain] [DEBUG] o.m.s.mapper.ClassPathMapperScanner - Creating MapperFactoryBean with name 'moviDAO' and 'com.spring.movi.dao.MoviDAO' mapperInterface
2019-10-28 22:43:21 [restartedMain] [DEBUG] o.m.s.mapper.ClassPathMapperScanner - Enabling autowire by type for MapperFactoryBean with name 'moviDAO'.
2019-10-28 22:43:21 [restartedMain] [DEBUG] o.m.s.mapper.ClassPathMapperScanner - Creating MapperFactoryBean with name 'moviDetailsDAO' and 'com.spring.movi.dao.MoviDetailsDAO' mapperInterface
2019-10-28 22:43:21 [restartedMain] [DEBUG] o.m.s.mapper.ClassPathMapperScanner - Enabling autowire by type for MapperFactoryBean with name 'moviDetailsDAO'.
2019-10-28 22:43:21 [restartedMain] [DEBUG] o.m.s.mapper.ClassPathMapperScanner - Creating MapperFactoryBean with name 'moviImageDAO' and 'com.spring.movi.dao.MoviImageDAO' mapperInterface
2019-10-28 22:43:21 [restartedMain] [DEBUG] o.m.s.mapper.ClassPathMapperScanner - Enabling autowire by type for MapperFactoryBean with name 'moviImageDAO'.
2019-10-28 22:43:21 [restartedMain] [DEBUG] o.m.s.mapper.ClassPathMapperScanner - Creating MapperFactoryBean with name 'moviTypeDAO' and 'com.spring.movi.dao.MoviTypeDAO' mapperInterface
2019-10-28 22:43:21 [restartedMain] [DEBUG] o.m.s.mapper.ClassPathMapperScanner - Enabling autowire by type for MapperFactoryBean with name 'moviTypeDAO'.
2019-10-28 22:43:21 [restartedMain] [DEBUG] o.m.s.mapper.ClassPathMapperScanner - Creating MapperFactoryBean with name 'roleDAO' and 'com.spring.movi.dao.RoleDAO' mapperInterface
2019-10-28 22:43:21 [restartedMain] [DEBUG] o.m.s.mapper.ClassPathMapperScanner - Enabling autowire by type for MapperFactoryBean with name 'roleDAO'.
2019-10-28 22:43:21 [restartedMain] [DEBUG] o.m.s.mapper.ClassPathMapperScanner - Creating MapperFactoryBean with name 'typeDAO' and 'com.spring.movi.dao.TypeDAO' mapperInterface
2019-10-28 22:43:21 [restartedMain] [DEBUG] o.m.s.mapper.ClassPathMapperScanner - Enabling autowire by type for MapperFactoryBean with name 'typeDAO'.
2019-10-28 22:43:22 [restartedMain] [INFO] o.s.b.w.e.tomcat.TomcatWebServer - Tomcat initialized with port(s): 8080 (http)
2019-10-28 22:43:22 [restartedMain] [INFO] o.a.coyote.http11.Http11NioProtocol - Initializing ProtocolHandler ["http-nio-8080"]
2019-10-28 22:43:22 [restartedMain] [INFO] o.a.catalina.core.StandardService - Starting service [Tomcat]
2019-10-28 22:43:22 [restartedMain] [INFO] o.a.catalina.core.StandardEngine - Starting Servlet engine: [Apache Tomcat/9.0.26]
2019-10-28 22:43:22 [restartedMain] [INFO] o.a.c.c.C.[Tomcat].[localhost].[/] - Initializing Spring embedded WebApplicationContext
2019-10-28 22:43:22 [restartedMain] [INFO] o.s.web.context.ContextLoader - Root WebApplicationContext: initialization completed in 2888 ms
2019-10-28 22:43:23 [restartedMain] [DEBUG] o.m.spring.SqlSessionFactoryBean - Parsed configuration file: 'class path resource [mybatis/mybatis_config.xml]'
2019-10-28 22:43:23 [restartedMain] [DEBUG] o.m.spring.SqlSessionFactoryBean - Parsed mapper file: 'file [D:\Projects\movi\target\classes\mybatis\mapper\imagedao.xml]'
2019-10-28 22:43:23 [restartedMain] [DEBUG] o.m.spring.SqlSessionFactoryBean - Parsed mapper file: 'file [D:\Projects\movi\target\classes\mybatis\mapper\movidao.xml]'
2019-10-28 22:43:23 [restartedMain] [DEBUG] o.m.spring.SqlSessionFactoryBean - Parsed mapper file: 'file [D:\Projects\movi\target\classes\mybatis\mapper\movidetailsdao.xml]'
2019-10-28 22:43:23 [restartedMain] [DEBUG] o.m.spring.SqlSessionFactoryBean - Parsed mapper file: 'file [D:\Projects\movi\target\classes\mybatis\mapper\moviimagedao.xml]'
2019-10-28 22:43:23 [restartedMain] [DEBUG] o.m.spring.SqlSessionFactoryBean - Parsed mapper file: 'file [D:\Projects\movi\target\classes\mybatis\mapper\movitypedao.xml]'
2019-10-28 22:43:23 [restartedMain] [DEBUG] o.m.spring.SqlSessionFactoryBean - Parsed mapper file: 'file [D:\Projects\movi\target\classes\mybatis\mapper\roledao.xml]'
2019-10-28 22:43:23 [restartedMain] [DEBUG] o.m.spring.SqlSessionFactoryBean - Parsed mapper file: 'file [D:\Projects\movi\target\classes\mybatis\mapper\typedao.xml]'
2019-10-28 22:43:23 [restartedMain] [INFO] o.s.s.c.ThreadPoolTaskExecutor - Initializing ExecutorService 'applicationTaskExecutor'
2019-10-28 22:43:23 [restartedMain] [INFO] o.s.b.a.w.s.WelcomePageHandlerMapping - Adding welcome page template: index
2019-10-28 22:43:23 [restartedMain] [WARN] o.t.templatemode.TemplateMode - [THYMELEAF][restartedMain] Template Mode 'LEGACYHTML5' is deprecated. Using Template Mode 'HTML' instead.
2019-10-28 22:43:23 [restartedMain] [DEBUG] o.m.s.b.a.MybatisAutoConfiguration - Not found configuration for registering mapper bean using @MapperScan, MapperFactoryBean and MapperScannerConfigurer.
2019-10-28 22:43:24 [restartedMain] [INFO] o.s.b.d.a.OptionalLiveReloadServer - LiveReload server is running on port 35729
2019-10-28 22:43:24 [restartedMain] [INFO] o.a.coyote.http11.Http11NioProtocol - Starting ProtocolHandler ["http-nio-8080"]
2019-10-28 22:43:24 [restartedMain] [INFO] o.s.b.w.e.tomcat.TomcatWebServer - Tomcat started on port(s): 8080 (http) with context path ''
2019-10-28 22:43:24 [restartedMain] [INFO] com.spring.movi.MoviApplication - Started MoviApplication in 5.823 seconds (JVM running for 10.234)
2019-10-28 22:45:11 [http-nio-8080-exec-1] [INFO] o.a.c.c.C.[Tomcat].[localhost].[/] - Initializing Spring DispatcherServlet 'dispatcherServlet'
2019-10-28 22:45:11 [http-nio-8080-exec-1] [INFO] o.s.web.servlet.DispatcherServlet - Initializing Servlet 'dispatcherServlet'
2019-10-28 22:45:11 [http-nio-8080-exec-1] [INFO] o.s.web.servlet.DispatcherServlet - Completed initialization in 23 ms
2019-10-28 22:45:11 [http-nio-8080-exec-1] [WARN] n.n.u.t.d.DecoratorProcessor - The layout:decorator/data-layout-decorator processor has been deprecated and will be removed in the next major version of the layout dialect.  Please use layout:decorate/data-layout-decorate instead to future-proof your code.  See https://github.com/ultraq/thymeleaf-layout-dialect/issues/95 for more information.
2019-10-28 22:45:12 [http-nio-8080-exec-1] [WARN] n.n.u.t.e.ExpressionProcessor - Fragment expression "admin/layout/default" is being wrapped as a Thymeleaf 3 fragment expression (~{...}) for backwards compatibility purposes.  This wrapping will be dropped in the next major version of the expression processor, so please rewrite as a Thymeleaf 3 fragment expression to future-proof your code.  See https://github.com/thymeleaf/thymeleaf/issues/451 for more information.
2019-10-28 22:45:15 [http-nio-8080-exec-1] [DEBUG] org.mybatis.spring.SqlSessionUtils - Creating a new SqlSession
2019-10-28 22:45:15 [http-nio-8080-exec-8] [DEBUG] org.mybatis.spring.SqlSessionUtils - Creating a new SqlSession
2019-10-28 22:45:15 [http-nio-8080-exec-1] [DEBUG] org.mybatis.spring.SqlSessionUtils - SqlSession [org.apache.ibatis.session.defaults.DefaultSqlSession@367f3be2] was not registered for synchronization because synchronization is not active
2019-10-28 22:45:15 [http-nio-8080-exec-8] [DEBUG] org.mybatis.spring.SqlSessionUtils - SqlSession [org.apache.ibatis.session.defaults.DefaultSqlSession@5c8c3c61] was not registered for synchronization because synchronization is not active
2019-10-28 22:45:15 [http-nio-8080-exec-3] [DEBUG] org.mybatis.spring.SqlSessionUtils - Creating a new SqlSession
2019-10-28 22:45:15 [http-nio-8080-exec-3] [DEBUG] org.mybatis.spring.SqlSessionUtils - SqlSession [org.apache.ibatis.session.defaults.DefaultSqlSession@46b64512] was not registered for synchronization because synchronization is not active
2019-10-28 22:45:15 [http-nio-8080-exec-1] [INFO] com.zaxxer.hikari.HikariDataSource - HikariPool-1 - Starting...
2019-10-28 22:45:15 [http-nio-8080-exec-1] [INFO] com.zaxxer.hikari.HikariDataSource - HikariPool-1 - Start completed.
2019-10-28 22:45:15 [http-nio-8080-exec-8] [DEBUG] o.m.s.t.SpringManagedTransaction - JDBC Connection [HikariProxyConnection@1620948218 wrapping org.postgresql.jdbc.PgConnection@7230a04d] will not be managed by Spring
2019-10-28 22:45:15 [http-nio-8080-exec-3] [DEBUG] o.m.s.t.SpringManagedTransaction - JDBC Connection [HikariProxyConnection@1880129638 wrapping org.postgresql.jdbc.PgConnection@266cfce2] will not be managed by Spring
2019-10-28 22:45:15 [http-nio-8080-exec-8] [DEBUG] org.mybatis.spring.SqlSessionUtils - Closing non transactional SqlSession [org.apache.ibatis.session.defaults.DefaultSqlSession@5c8c3c61]
2019-10-28 22:45:15 [http-nio-8080-exec-1] [DEBUG] o.m.s.t.SpringManagedTransaction - JDBC Connection [HikariProxyConnection@392306510 wrapping org.postgresql.jdbc.PgConnection@7230a04d] will not be managed by Spring
2019-10-28 22:45:15 [http-nio-8080-exec-1] [DEBUG] org.mybatis.spring.SqlSessionUtils - Closing non transactional SqlSession [org.apache.ibatis.session.defaults.DefaultSqlSession@367f3be2]
2019-10-28 22:45:15 [http-nio-8080-exec-3] [DEBUG] org.mybatis.spring.SqlSessionUtils - Closing non transactional SqlSession [org.apache.ibatis.session.defaults.DefaultSqlSession@46b64512]
2019-10-28 22:45:23 [http-nio-8080-exec-10] [DEBUG] org.mybatis.spring.SqlSessionUtils - Creating a new SqlSession
2019-10-28 22:45:23 [http-nio-8080-exec-10] [DEBUG] org.mybatis.spring.SqlSessionUtils - SqlSession [org.apache.ibatis.session.defaults.DefaultSqlSession@10b6f0e9] was not registered for synchronization because synchronization is not active
2019-10-28 22:45:23 [http-nio-8080-exec-10] [DEBUG] o.m.s.t.SpringManagedTransaction - JDBC Connection [HikariProxyConnection@898189738 wrapping org.postgresql.jdbc.PgConnection@7230a04d] will not be managed by Spring
2019-10-28 22:45:23 [http-nio-8080-exec-10] [DEBUG] org.mybatis.spring.SqlSessionUtils - Closing non transactional SqlSession [org.apache.ibatis.session.defaults.DefaultSqlSession@10b6f0e9]
2019-10-28 22:45:27 [http-nio-8080-exec-3] [DEBUG] org.mybatis.spring.SqlSessionUtils - Creating a new SqlSession
2019-10-28 22:45:27 [http-nio-8080-exec-3] [DEBUG] org.mybatis.spring.SqlSessionUtils - SqlSession [org.apache.ibatis.session.defaults.DefaultSqlSession@43fd3829] was not registered for synchronization because synchronization is not active
2019-10-28 22:45:27 [http-nio-8080-exec-3] [DEBUG] o.m.s.t.SpringManagedTransaction - JDBC Connection [HikariProxyConnection@765577063 wrapping org.postgresql.jdbc.PgConnection@266cfce2] will not be managed by Spring
2019-10-28 22:45:27 [http-nio-8080-exec-3] [DEBUG] org.mybatis.spring.SqlSessionUtils - Closing non transactional SqlSession [org.apache.ibatis.session.defaults.DefaultSqlSession@43fd3829]
2019-10-28 22:45:27 [http-nio-8080-exec-3] [DEBUG] org.mybatis.spring.SqlSessionUtils - Creating a new SqlSession
2019-10-28 22:45:27 [http-nio-8080-exec-3] [DEBUG] org.mybatis.spring.SqlSessionUtils - SqlSession [org.apache.ibatis.session.defaults.DefaultSqlSession@1b1260d2] was not registered for synchronization because synchronization is not active
2019-10-28 22:45:27 [http-nio-8080-exec-3] [DEBUG] o.m.s.t.SpringManagedTransaction - JDBC Connection [HikariProxyConnection@133302954 wrapping org.postgresql.jdbc.PgConnection@266cfce2] will not be managed by Spring
2019-10-28 22:45:27 [http-nio-8080-exec-3] [DEBUG] org.mybatis.spring.SqlSessionUtils - Closing non transactional SqlSession [org.apache.ibatis.session.defaults.DefaultSqlSession@1b1260d2]
2019-10-28 22:45:36 [http-nio-8080-exec-2] [DEBUG] org.mybatis.spring.SqlSessionUtils - Creating a new SqlSession
2019-10-28 22:45:36 [http-nio-8080-exec-2] [DEBUG] org.mybatis.spring.SqlSessionUtils - SqlSession [org.apache.ibatis.session.defaults.DefaultSqlSession@61d60d62] was not registered for synchronization because synchronization is not active
2019-10-28 22:45:36 [http-nio-8080-exec-2] [DEBUG] o.m.s.t.SpringManagedTransaction - JDBC Connection [HikariProxyConnection@2057038310 wrapping org.postgresql.jdbc.PgConnection@7230a04d] will not be managed by Spring
2019-10-28 22:45:36 [http-nio-8080-exec-2] [DEBUG] org.mybatis.spring.SqlSessionUtils - Closing non transactional SqlSession [org.apache.ibatis.session.defaults.DefaultSqlSession@61d60d62]
2019-10-28 22:45:36 [http-nio-8080-exec-2] [DEBUG] org.mybatis.spring.SqlSessionUtils - Creating a new SqlSession
2019-10-28 22:45:36 [http-nio-8080-exec-2] [DEBUG] org.mybatis.spring.SqlSessionUtils - SqlSession [org.apache.ibatis.session.defaults.DefaultSqlSession@72d2af68] was not registered for synchronization because synchronization is not active
2019-10-28 22:45:36 [http-nio-8080-exec-2] [DEBUG] o.m.s.t.SpringManagedTransaction - JDBC Connection [HikariProxyConnection@1721001902 wrapping org.postgresql.jdbc.PgConnection@7230a04d] will not be managed by Spring
2019-10-28 22:45:36 [http-nio-8080-exec-2] [DEBUG] org.mybatis.spring.SqlSessionUtils - Closing non transactional SqlSession [org.apache.ibatis.session.defaults.DefaultSqlSession@72d2af68]
2019-10-28 22:45:41 [http-nio-8080-exec-1] [DEBUG] org.mybatis.spring.SqlSessionUtils - Creating a new SqlSession
2019-10-28 22:45:41 [http-nio-8080-exec-1] [DEBUG] org.mybatis.spring.SqlSessionUtils - SqlSession [org.apache.ibatis.session.defaults.DefaultSqlSession@6e94718a] was not registered for synchronization because synchronization is not active
2019-10-28 22:45:41 [http-nio-8080-exec-10] [DEBUG] org.mybatis.spring.SqlSessionUtils - Creating a new SqlSession
2019-10-28 22:45:41 [http-nio-8080-exec-10] [DEBUG] org.mybatis.spring.SqlSessionUtils - SqlSession [org.apache.ibatis.session.defaults.DefaultSqlSession@35b15505] was not registered for synchronization because synchronization is not active
2019-10-28 22:45:41 [http-nio-8080-exec-1] [DEBUG] o.m.s.t.SpringManagedTransaction - JDBC Connection [HikariProxyConnection@1028881986 wrapping org.postgresql.jdbc.PgConnection@7230a04d] will not be managed by Spring
2019-10-28 22:45:41 [http-nio-8080-exec-10] [DEBUG] o.m.s.t.SpringManagedTransaction - JDBC Connection [HikariProxyConnection@291444123 wrapping org.postgresql.jdbc.PgConnection@266cfce2] will not be managed by Spring
2019-10-28 22:45:41 [http-nio-8080-exec-1] [DEBUG] org.mybatis.spring.SqlSessionUtils - Closing non transactional SqlSession [org.apache.ibatis.session.defaults.DefaultSqlSession@6e94718a]
2019-10-28 22:45:41 [http-nio-8080-exec-10] [DEBUG] org.mybatis.spring.SqlSessionUtils - Closing non transactional SqlSession [org.apache.ibatis.session.defaults.DefaultSqlSession@35b15505]
2019-10-28 22:45:41 [http-nio-8080-exec-5] [DEBUG] org.mybatis.spring.SqlSessionUtils - Creating a new SqlSession
2019-10-28 22:45:41 [http-nio-8080-exec-5] [DEBUG] org.mybatis.spring.SqlSessionUtils - SqlSession [org.apache.ibatis.session.defaults.DefaultSqlSession@35614237] was not registered for synchronization because synchronization is not active
2019-10-28 22:45:41 [http-nio-8080-exec-5] [DEBUG] o.m.s.t.SpringManagedTransaction - JDBC Connection [HikariProxyConnection@1433277339 wrapping org.postgresql.jdbc.PgConnection@7230a04d] will not be managed by Spring
2019-10-28 22:45:41 [http-nio-8080-exec-5] [DEBUG] org.mybatis.spring.SqlSessionUtils - Closing non transactional SqlSession [org.apache.ibatis.session.defaults.DefaultSqlSession@35614237]
2019-10-28 22:45:47 [http-nio-8080-exec-5] [DEBUG] org.mybatis.spring.SqlSessionUtils - Creating a new SqlSession
2019-10-28 22:45:47 [http-nio-8080-exec-5] [DEBUG] org.mybatis.spring.SqlSessionUtils - SqlSession [org.apache.ibatis.session.defaults.DefaultSqlSession@7eb64dee] was not registered for synchronization because synchronization is not active
2019-10-28 22:45:47 [http-nio-8080-exec-10] [DEBUG] org.mybatis.spring.SqlSessionUtils - Creating a new SqlSession
2019-10-28 22:45:47 [http-nio-8080-exec-10] [DEBUG] org.mybatis.spring.SqlSessionUtils - SqlSession [org.apache.ibatis.session.defaults.DefaultSqlSession@2d1eaef3] was not registered for synchronization because synchronization is not active
2019-10-28 22:45:47 [http-nio-8080-exec-10] [DEBUG] o.m.s.t.SpringManagedTransaction - JDBC Connection [HikariProxyConnection@1926500934 wrapping org.postgresql.jdbc.PgConnection@266cfce2] will not be managed by Spring
2019-10-28 22:45:47 [http-nio-8080-exec-5] [DEBUG] o.m.s.t.SpringManagedTransaction - JDBC Connection [HikariProxyConnection@76151194 wrapping org.postgresql.jdbc.PgConnection@7230a04d] will not be managed by Spring
2019-10-28 22:45:47 [http-nio-8080-exec-5] [DEBUG] org.mybatis.spring.SqlSessionUtils - Closing non transactional SqlSession [org.apache.ibatis.session.defaults.DefaultSqlSession@7eb64dee]
2019-10-28 22:45:47 [http-nio-8080-exec-10] [DEBUG] org.mybatis.spring.SqlSessionUtils - Closing non transactional SqlSession [org.apache.ibatis.session.defaults.DefaultSqlSession@2d1eaef3]
2019-10-28 22:45:47 [http-nio-8080-exec-3] [DEBUG] org.mybatis.spring.SqlSessionUtils - Creating a new SqlSession
2019-10-28 22:45:47 [http-nio-8080-exec-3] [DEBUG] org.mybatis.spring.SqlSessionUtils - SqlSession [org.apache.ibatis.session.defaults.DefaultSqlSession@2656a209] was not registered for synchronization because synchronization is not active
2019-10-28 22:45:47 [http-nio-8080-exec-3] [DEBUG] o.m.s.t.SpringManagedTransaction - JDBC Connection [HikariProxyConnection@2024683633 wrapping org.postgresql.jdbc.PgConnection@266cfce2] will not be managed by Spring
2019-10-28 22:45:47 [http-nio-8080-exec-3] [DEBUG] org.mybatis.spring.SqlSessionUtils - Closing non transactional SqlSession [org.apache.ibatis.session.defaults.DefaultSqlSession@2656a209]
2019-10-28 22:53:11 [http-nio-8080-exec-10] [DEBUG] org.mybatis.spring.SqlSessionUtils - Creating a new SqlSession
2019-10-28 22:53:11 [http-nio-8080-exec-10] [DEBUG] org.mybatis.spring.SqlSessionUtils - SqlSession [org.apache.ibatis.session.defaults.DefaultSqlSession@967b499] was not registered for synchronization because synchronization is not active
2019-10-28 22:53:11 [http-nio-8080-exec-10] [DEBUG] o.m.s.t.SpringManagedTransaction - JDBC Connection [HikariProxyConnection@1170240941 wrapping org.postgresql.jdbc.PgConnection@266cfce2] will not be managed by Spring
2019-10-28 22:53:11 [http-nio-8080-exec-3] [DEBUG] org.mybatis.spring.SqlSessionUtils - Creating a new SqlSession
2019-10-28 22:53:11 [http-nio-8080-exec-3] [DEBUG] org.mybatis.spring.SqlSessionUtils - SqlSession [org.apache.ibatis.session.defaults.DefaultSqlSession@6688cfd5] was not registered for synchronization because synchronization is not active
2019-10-28 22:53:11 [http-nio-8080-exec-3] [DEBUG] o.m.s.t.SpringManagedTransaction - JDBC Connection [HikariProxyConnection@275547671 wrapping org.postgresql.jdbc.PgConnection@7230a04d] will not be managed by Spring
2019-10-28 22:53:11 [http-nio-8080-exec-3] [DEBUG] org.mybatis.spring.SqlSessionUtils - Closing non transactional SqlSession [org.apache.ibatis.session.defaults.DefaultSqlSession@6688cfd5]
2019-10-28 22:53:11 [http-nio-8080-exec-10] [DEBUG] org.mybatis.spring.SqlSessionUtils - Closing non transactional SqlSession [org.apache.ibatis.session.defaults.DefaultSqlSession@967b499]
2019-10-28 22:53:11 [http-nio-8080-exec-5] [DEBUG] org.mybatis.spring.SqlSessionUtils - Creating a new SqlSession
2019-10-28 22:53:11 [http-nio-8080-exec-5] [DEBUG] org.mybatis.spring.SqlSessionUtils - SqlSession [org.apache.ibatis.session.defaults.DefaultSqlSession@6002a81] was not registered for synchronization because synchronization is not active
2019-10-28 22:53:11 [http-nio-8080-exec-5] [DEBUG] o.m.s.t.SpringManagedTransaction - JDBC Connection [HikariProxyConnection@1477365655 wrapping org.postgresql.jdbc.PgConnection@7230a04d] will not be managed by Spring
2019-10-28 22:53:11 [http-nio-8080-exec-5] [DEBUG] org.mybatis.spring.SqlSessionUtils - Closing non transactional SqlSession [org.apache.ibatis.session.defaults.DefaultSqlSession@6002a81]
2019-10-28 22:53:30 [restartedMain] [INFO] com.spring.movi.MoviApplication - Starting MoviApplication on DESKTOP-SSTPOFF with PID 6852 (D:\Projects\movi\target\classes started by Eanda in D:\Projects\movi)
2019-10-28 22:53:30 [restartedMain] [INFO] com.spring.movi.MoviApplication - No active profile set, falling back to default profiles: default
2019-10-28 22:53:30 [restartedMain] [INFO] o.s.b.d.e.DevToolsPropertyDefaultsPostProcessor - Devtools property defaults active! Set 'spring.devtools.add-properties' to 'false' to disable
2019-10-28 22:53:30 [restartedMain] [INFO] o.s.b.d.e.DevToolsPropertyDefaultsPostProcessor - For additional web related logging consider setting the 'logging.level.web' property to 'DEBUG'
2019-10-28 22:53:31 [restartedMain] [DEBUG] o.m.s.b.a.MybatisAutoConfiguration - Searching for mappers annotated with @Mapper
2019-10-28 22:53:31 [restartedMain] [DEBUG] o.m.s.b.a.MybatisAutoConfiguration - Using auto-configuration base package 'com.spring.movi'
2019-10-28 22:53:31 [restartedMain] [DEBUG] o.m.s.mapper.ClassPathMapperScanner - Identified candidate component class: file [D:\Projects\movi\target\classes\com\spring\movi\dao\ImageDAO.class]
2019-10-28 22:53:31 [restartedMain] [DEBUG] o.m.s.mapper.ClassPathMapperScanner - Identified candidate component class: file [D:\Projects\movi\target\classes\com\spring\movi\dao\MoviDAO.class]
2019-10-28 22:53:31 [restartedMain] [DEBUG] o.m.s.mapper.ClassPathMapperScanner - Identified candidate component class: file [D:\Projects\movi\target\classes\com\spring\movi\dao\MoviDetailsDAO.class]
2019-10-28 22:53:31 [restartedMain] [DEBUG] o.m.s.mapper.ClassPathMapperScanner - Identified candidate component class: file [D:\Projects\movi\target\classes\com\spring\movi\dao\MoviImageDAO.class]
2019-10-28 22:53:31 [restartedMain] [DEBUG] o.m.s.mapper.ClassPathMapperScanner - Identified candidate component class: file [D:\Projects\movi\target\classes\com\spring\movi\dao\MoviTypeDAO.class]
2019-10-28 22:53:31 [restartedMain] [DEBUG] o.m.s.mapper.ClassPathMapperScanner - Identified candidate component class: file [D:\Projects\movi\target\classes\com\spring\movi\dao\RoleDAO.class]
2019-10-28 22:53:31 [restartedMain] [DEBUG] o.m.s.mapper.ClassPathMapperScanner - Identified candidate component class: file [D:\Projects\movi\target\classes\com\spring\movi\dao\TypeDAO.class]
2019-10-28 22:53:31 [restartedMain] [DEBUG] o.m.s.mapper.ClassPathMapperScanner - Creating MapperFactoryBean with name 'imageDAO' and 'com.spring.movi.dao.ImageDAO' mapperInterface
2019-10-28 22:53:31 [restartedMain] [DEBUG] o.m.s.mapper.ClassPathMapperScanner - Enabling autowire by type for MapperFactoryBean with name 'imageDAO'.
2019-10-28 22:53:31 [restartedMain] [DEBUG] o.m.s.mapper.ClassPathMapperScanner - Creating MapperFactoryBean with name 'moviDAO' and 'com.spring.movi.dao.MoviDAO' mapperInterface
2019-10-28 22:53:31 [restartedMain] [DEBUG] o.m.s.mapper.ClassPathMapperScanner - Enabling autowire by type for MapperFactoryBean with name 'moviDAO'.
2019-10-28 22:53:31 [restartedMain] [DEBUG] o.m.s.mapper.ClassPathMapperScanner - Creating MapperFactoryBean with name 'moviDetailsDAO' and 'com.spring.movi.dao.MoviDetailsDAO' mapperInterface
2019-10-28 22:53:31 [restartedMain] [DEBUG] o.m.s.mapper.ClassPathMapperScanner - Enabling autowire by type for MapperFactoryBean with name 'moviDetailsDAO'.
2019-10-28 22:53:31 [restartedMain] [DEBUG] o.m.s.mapper.ClassPathMapperScanner - Creating MapperFactoryBean with name 'moviImageDAO' and 'com.spring.movi.dao.MoviImageDAO' mapperInterface
2019-10-28 22:53:31 [restartedMain] [DEBUG] o.m.s.mapper.ClassPathMapperScanner - Enabling autowire by type for MapperFactoryBean with name 'moviImageDAO'.
2019-10-28 22:53:31 [restartedMain] [DEBUG] o.m.s.mapper.ClassPathMapperScanner - Creating MapperFactoryBean with name 'moviTypeDAO' and 'com.spring.movi.dao.MoviTypeDAO' mapperInterface
2019-10-28 22:53:31 [restartedMain] [DEBUG] o.m.s.mapper.ClassPathMapperScanner - Enabling autowire by type for MapperFactoryBean with name 'moviTypeDAO'.
2019-10-28 22:53:31 [restartedMain] [DEBUG] o.m.s.mapper.ClassPathMapperScanner - Creating MapperFactoryBean with name 'roleDAO' and 'com.spring.movi.dao.RoleDAO' mapperInterface
2019-10-28 22:53:31 [restartedMain] [DEBUG] o.m.s.mapper.ClassPathMapperScanner - Enabling autowire by type for MapperFactoryBean with name 'roleDAO'.
2019-10-28 22:53:31 [restartedMain] [DEBUG] o.m.s.mapper.ClassPathMapperScanner - Creating MapperFactoryBean with name 'typeDAO' and 'com.spring.movi.dao.TypeDAO' mapperInterface
2019-10-28 22:53:31 [restartedMain] [DEBUG] o.m.s.mapper.ClassPathMapperScanner - Enabling autowire by type for MapperFactoryBean with name 'typeDAO'.
2019-10-28 22:53:32 [restartedMain] [INFO] o.s.b.w.e.tomcat.TomcatWebServer - Tomcat initialized with port(s): 8080 (http)
2019-10-28 22:53:32 [restartedMain] [INFO] o.a.coyote.http11.Http11NioProtocol - Initializing ProtocolHandler ["http-nio-8080"]
2019-10-28 22:53:32 [restartedMain] [INFO] o.a.catalina.core.StandardService - Starting service [Tomcat]
2019-10-28 22:53:32 [restartedMain] [INFO] o.a.catalina.core.StandardEngine - Starting Servlet engine: [Apache Tomcat/9.0.26]
2019-10-28 22:53:32 [restartedMain] [INFO] o.a.c.c.C.[Tomcat].[localhost].[/] - Initializing Spring embedded WebApplicationContext
2019-10-28 22:53:32 [restartedMain] [INFO] o.s.web.context.ContextLoader - Root WebApplicationContext: initialization completed in 2096 ms
2019-10-28 22:53:32 [restartedMain] [DEBUG] o.m.spring.SqlSessionFactoryBean - Parsed configuration file: 'class path resource [mybatis/mybatis_config.xml]'
2019-10-28 22:53:32 [restartedMain] [DEBUG] o.m.spring.SqlSessionFactoryBean - Parsed mapper file: 'file [D:\Projects\movi\target\classes\mybatis\mapper\imagedao.xml]'
2019-10-28 22:53:32 [restartedMain] [DEBUG] o.m.spring.SqlSessionFactoryBean - Parsed mapper file: 'file [D:\Projects\movi\target\classes\mybatis\mapper\movidao.xml]'
2019-10-28 22:53:32 [restartedMain] [DEBUG] o.m.spring.SqlSessionFactoryBean - Parsed mapper file: 'file [D:\Projects\movi\target\classes\mybatis\mapper\movidetailsdao.xml]'
2019-10-28 22:53:33 [restartedMain] [DEBUG] o.m.spring.SqlSessionFactoryBean - Parsed mapper file: 'file [D:\Projects\movi\target\classes\mybatis\mapper\moviimagedao.xml]'
2019-10-28 22:53:33 [restartedMain] [DEBUG] o.m.spring.SqlSessionFactoryBean - Parsed mapper file: 'file [D:\Projects\movi\target\classes\mybatis\mapper\movitypedao.xml]'
2019-10-28 22:53:33 [restartedMain] [DEBUG] o.m.spring.SqlSessionFactoryBean - Parsed mapper file: 'file [D:\Projects\movi\target\classes\mybatis\mapper\roledao.xml]'
2019-10-28 22:53:33 [restartedMain] [DEBUG] o.m.spring.SqlSessionFactoryBean - Parsed mapper file: 'file [D:\Projects\movi\target\classes\mybatis\mapper\typedao.xml]'
2019-10-28 22:53:33 [restartedMain] [INFO] o.s.s.c.ThreadPoolTaskExecutor - Initializing ExecutorService 'applicationTaskExecutor'
2019-10-28 22:53:33 [restartedMain] [INFO] o.s.b.a.w.s.WelcomePageHandlerMapping - Adding welcome page template: index
2019-10-28 22:53:33 [restartedMain] [WARN] o.t.templatemode.TemplateMode - [THYMELEAF][restartedMain] Template Mode 'LEGACYHTML5' is deprecated. Using Template Mode 'HTML' instead.
2019-10-28 22:53:33 [restartedMain] [DEBUG] o.m.s.b.a.MybatisAutoConfiguration - Not found configuration for registering mapper bean using @MapperScan, MapperFactoryBean and MapperScannerConfigurer.
2019-10-28 22:53:34 [restartedMain] [INFO] o.s.b.d.a.OptionalLiveReloadServer - LiveReload server is running on port 35729
2019-10-28 22:53:34 [restartedMain] [INFO] o.a.coyote.http11.Http11NioProtocol - Starting ProtocolHandler ["http-nio-8080"]
2019-10-28 22:53:34 [restartedMain] [INFO] o.s.b.w.e.tomcat.TomcatWebServer - Tomcat started on port(s): 8080 (http) with context path ''
2019-10-28 22:53:34 [restartedMain] [INFO] com.spring.movi.MoviApplication - Started MoviApplication in 4.651 seconds (JVM running for 8.316)
2019-10-28 22:53:34 [http-nio-8080-exec-1] [INFO] o.a.c.c.C.[Tomcat].[localhost].[/] - Initializing Spring DispatcherServlet 'dispatcherServlet'
2019-10-28 22:53:34 [http-nio-8080-exec-1] [INFO] o.s.web.servlet.DispatcherServlet - Initializing Servlet 'dispatcherServlet'
2019-10-28 22:53:34 [http-nio-8080-exec-1] [INFO] o.s.web.servlet.DispatcherServlet - Completed initialization in 15 ms
2019-10-28 22:53:35 [http-nio-8080-exec-1] [WARN] n.n.u.t.d.DecoratorProcessor - The layout:decorator/data-layout-decorator processor has been deprecated and will be removed in the next major version of the layout dialect.  Please use layout:decorate/data-layout-decorate instead to future-proof your code.  See https://github.com/ultraq/thymeleaf-layout-dialect/issues/95 for more information.
2019-10-28 22:53:35 [http-nio-8080-exec-1] [WARN] n.n.u.t.e.ExpressionProcessor - Fragment expression "admin/layout/default" is being wrapped as a Thymeleaf 3 fragment expression (~{...}) for backwards compatibility purposes.  This wrapping will be dropped in the next major version of the expression processor, so please rewrite as a Thymeleaf 3 fragment expression to future-proof your code.  See https://github.com/thymeleaf/thymeleaf/issues/451 for more information.
2019-10-28 22:53:36 [http-nio-8080-exec-2] [DEBUG] org.mybatis.spring.SqlSessionUtils - Creating a new SqlSession
2019-10-28 22:53:36 [http-nio-8080-exec-1] [DEBUG] org.mybatis.spring.SqlSessionUtils - Creating a new SqlSession
2019-10-28 22:53:36 [http-nio-8080-exec-1] [DEBUG] org.mybatis.spring.SqlSessionUtils - SqlSession [org.apache.ibatis.session.defaults.DefaultSqlSession@7184efa] was not registered for synchronization because synchronization is not active
2019-10-28 22:53:36 [http-nio-8080-exec-2] [DEBUG] org.mybatis.spring.SqlSessionUtils - SqlSession [org.apache.ibatis.session.defaults.DefaultSqlSession@ca3ee6f] was not registered for synchronization because synchronization is not active
2019-10-28 22:53:36 [http-nio-8080-exec-2] [INFO] com.zaxxer.hikari.HikariDataSource - HikariPool-1 - Starting...
2019-10-28 22:53:36 [http-nio-8080-exec-4] [DEBUG] org.mybatis.spring.SqlSessionUtils - Creating a new SqlSession
2019-10-28 22:53:36 [http-nio-8080-exec-4] [DEBUG] org.mybatis.spring.SqlSessionUtils - SqlSession [org.apache.ibatis.session.defaults.DefaultSqlSession@233e9e6d] was not registered for synchronization because synchronization is not active
2019-10-28 22:53:36 [http-nio-8080-exec-2] [INFO] com.zaxxer.hikari.HikariDataSource - HikariPool-1 - Start completed.
2019-10-28 22:53:36 [http-nio-8080-exec-2] [DEBUG] o.m.s.t.SpringManagedTransaction - JDBC Connection [HikariProxyConnection@1537222456 wrapping org.postgresql.jdbc.PgConnection@29699574] will not be managed by Spring
2019-10-28 22:53:36 [http-nio-8080-exec-1] [DEBUG] o.m.s.t.SpringManagedTransaction - JDBC Connection [HikariProxyConnection@1615747069 wrapping org.postgresql.jdbc.PgConnection@c028195] will not be managed by Spring
2019-10-28 22:53:36 [http-nio-8080-exec-2] [DEBUG] org.mybatis.spring.SqlSessionUtils - Closing non transactional SqlSession [org.apache.ibatis.session.defaults.DefaultSqlSession@ca3ee6f]
2019-10-28 22:53:36 [http-nio-8080-exec-4] [DEBUG] o.m.s.t.SpringManagedTransaction - JDBC Connection [HikariProxyConnection@1684322183 wrapping org.postgresql.jdbc.PgConnection@29699574] will not be managed by Spring
2019-10-28 22:53:36 [http-nio-8080-exec-1] [DEBUG] org.mybatis.spring.SqlSessionUtils - Closing non transactional SqlSession [org.apache.ibatis.session.defaults.DefaultSqlSession@7184efa]
2019-10-28 22:53:36 [http-nio-8080-exec-4] [DEBUG] org.mybatis.spring.SqlSessionUtils - Closing non transactional SqlSession [org.apache.ibatis.session.defaults.DefaultSqlSession@233e9e6d]
2019-10-28 22:53:40 [http-nio-8080-exec-10] [DEBUG] org.mybatis.spring.SqlSessionUtils - Creating a new SqlSession
2019-10-28 22:53:40 [http-nio-8080-exec-10] [DEBUG] org.mybatis.spring.SqlSessionUtils - SqlSession [org.apache.ibatis.session.defaults.DefaultSqlSession@1655dc16] was not registered for synchronization because synchronization is not active
2019-10-28 22:53:40 [http-nio-8080-exec-10] [DEBUG] o.m.s.t.SpringManagedTransaction - JDBC Connection [HikariProxyConnection@2085702917 wrapping org.postgresql.jdbc.PgConnection@29699574] will not be managed by Spring
2019-10-28 22:53:40 [http-nio-8080-exec-10] [DEBUG] org.mybatis.spring.SqlSessionUtils - Closing non transactional SqlSession [org.apache.ibatis.session.defaults.DefaultSqlSession@1655dc16]
