2019-10-17 21:45:41 [restartedMain] [INFO] com.spring.movi.MoviApplication - Starting MoviApplication on DESKTOP-SSTPOFF with PID 2576 (D:\Projects\movi\target\classes started by Eanda in D:\Projects\movi)
2019-10-17 21:45:41 [restartedMain] [INFO] com.spring.movi.MoviApplication - No active profile set, falling back to default profiles: default
2019-10-17 21:45:42 [restartedMain] [INFO] o.s.b.d.e.DevToolsPropertyDefaultsPostProcessor - Devtools property defaults active! Set 'spring.devtools.add-properties' to 'false' to disable
2019-10-17 21:45:42 [restartedMain] [INFO] o.s.b.d.e.DevToolsPropertyDefaultsPostProcessor - For additional web related logging consider setting the 'logging.level.web' property to 'DEBUG'
2019-10-17 21:45:43 [restartedMain] [DEBUG] o.m.s.b.a.MybatisAutoConfiguration - Searching for mappers annotated with @Mapper
2019-10-17 21:45:43 [restartedMain] [DEBUG] o.m.s.b.a.MybatisAutoConfiguration - Using auto-configuration base package 'com.spring.movi'
2019-10-17 21:45:43 [restartedMain] [DEBUG] o.m.s.mapper.ClassPathMapperScanner - Identified candidate component class: file [D:\Projects\movi\target\classes\com\spring\movi\dao\ImageDAO.class]
2019-10-17 21:45:43 [restartedMain] [DEBUG] o.m.s.mapper.ClassPathMapperScanner - Identified candidate component class: file [D:\Projects\movi\target\classes\com\spring\movi\dao\MoviTypeDAO.class]
2019-10-17 21:45:43 [restartedMain] [DEBUG] o.m.s.mapper.ClassPathMapperScanner - Identified candidate component class: file [D:\Projects\movi\target\classes\com\spring\movi\dao\RoleDAO.class]
2019-10-17 21:45:43 [restartedMain] [DEBUG] o.m.s.mapper.ClassPathMapperScanner - Identified candidate component class: file [D:\Projects\movi\target\classes\com\spring\movi\dao\TypeDAO.class]
2019-10-17 21:45:43 [restartedMain] [DEBUG] o.m.s.mapper.ClassPathMapperScanner - Creating MapperFactoryBean with name 'imageDAO' and 'com.spring.movi.dao.ImageDAO' mapperInterface
2019-10-17 21:45:43 [restartedMain] [DEBUG] o.m.s.mapper.ClassPathMapperScanner - Enabling autowire by type for MapperFactoryBean with name 'imageDAO'.
2019-10-17 21:45:43 [restartedMain] [DEBUG] o.m.s.mapper.ClassPathMapperScanner - Creating MapperFactoryBean with name 'moviTypeDAO' and 'com.spring.movi.dao.MoviTypeDAO' mapperInterface
2019-10-17 21:45:43 [restartedMain] [DEBUG] o.m.s.mapper.ClassPathMapperScanner - Enabling autowire by type for MapperFactoryBean with name 'moviTypeDAO'.
2019-10-17 21:45:43 [restartedMain] [DEBUG] o.m.s.mapper.ClassPathMapperScanner - Creating MapperFactoryBean with name 'roleDAO' and 'com.spring.movi.dao.RoleDAO' mapperInterface
2019-10-17 21:45:43 [restartedMain] [DEBUG] o.m.s.mapper.ClassPathMapperScanner - Enabling autowire by type for MapperFactoryBean with name 'roleDAO'.
2019-10-17 21:45:43 [restartedMain] [DEBUG] o.m.s.mapper.ClassPathMapperScanner - Creating MapperFactoryBean with name 'typeDAO' and 'com.spring.movi.dao.TypeDAO' mapperInterface
2019-10-17 21:45:43 [restartedMain] [DEBUG] o.m.s.mapper.ClassPathMapperScanner - Enabling autowire by type for MapperFactoryBean with name 'typeDAO'.
2019-10-17 21:45:44 [restartedMain] [INFO] o.s.b.w.e.tomcat.TomcatWebServer - Tomcat initialized with port(s): 8080 (http)
2019-10-17 21:45:44 [restartedMain] [INFO] o.a.coyote.http11.Http11NioProtocol - Initializing ProtocolHandler ["http-nio-8080"]
2019-10-17 21:45:44 [restartedMain] [INFO] o.a.catalina.core.StandardService - Starting service [Tomcat]
2019-10-17 21:45:44 [restartedMain] [INFO] o.a.catalina.core.StandardEngine - Starting Servlet engine: [Apache Tomcat/9.0.26]
2019-10-17 21:45:44 [restartedMain] [INFO] o.a.c.c.C.[Tomcat].[localhost].[/] - Initializing Spring embedded WebApplicationContext
2019-10-17 21:45:44 [restartedMain] [INFO] o.s.web.context.ContextLoader - Root WebApplicationContext: initialization completed in 2218 ms
2019-10-17 21:45:44 [restartedMain] [DEBUG] o.m.spring.SqlSessionFactoryBean - Parsed configuration file: 'class path resource [mybatis/mybatis_config.xml]'
2019-10-17 21:45:44 [restartedMain] [DEBUG] o.m.spring.SqlSessionFactoryBean - Parsed mapper file: 'file [D:\Projects\movi\target\classes\mybatis\mapper\imagedao.xml]'
2019-10-17 21:45:45 [restartedMain] [DEBUG] o.m.spring.SqlSessionFactoryBean - Parsed mapper file: 'file [D:\Projects\movi\target\classes\mybatis\mapper\movitypedao.xml]'
2019-10-17 21:45:45 [restartedMain] [DEBUG] o.m.spring.SqlSessionFactoryBean - Parsed mapper file: 'file [D:\Projects\movi\target\classes\mybatis\mapper\roledao.xml]'
2019-10-17 21:45:45 [restartedMain] [DEBUG] o.m.spring.SqlSessionFactoryBean - Parsed mapper file: 'file [D:\Projects\movi\target\classes\mybatis\mapper\typedao.xml]'
2019-10-17 21:45:45 [restartedMain] [INFO] o.s.s.c.ThreadPoolTaskExecutor - Initializing ExecutorService 'applicationTaskExecutor'
2019-10-17 21:45:45 [restartedMain] [INFO] o.s.b.a.w.s.WelcomePageHandlerMapping - Adding welcome page template: index
2019-10-17 21:45:45 [restartedMain] [WARN] o.t.templatemode.TemplateMode - [THYMELEAF][restartedMain] Template Mode 'LEGACYHTML5' is deprecated. Using Template Mode 'HTML' instead.
2019-10-17 21:45:45 [restartedMain] [DEBUG] o.m.s.b.a.MybatisAutoConfiguration - Not found configuration for registering mapper bean using @MapperScan, MapperFactoryBean and MapperScannerConfigurer.
2019-10-17 21:45:50 [restartedMain] [INFO] o.s.b.d.a.OptionalLiveReloadServer - LiveReload server is running on port 35729
2019-10-17 21:45:50 [restartedMain] [INFO] o.a.coyote.http11.Http11NioProtocol - Starting ProtocolHandler ["http-nio-8080"]
2019-10-17 21:45:50 [restartedMain] [INFO] o.s.b.w.e.tomcat.TomcatWebServer - Tomcat started on port(s): 8080 (http) with context path ''
2019-10-17 21:45:50 [restartedMain] [INFO] com.spring.movi.MoviApplication - Started MoviApplication in 9.22 seconds (JVM running for 24.999)
2019-10-17 21:46:33 [http-nio-8080-exec-1] [INFO] o.a.c.c.C.[Tomcat].[localhost].[/] - Initializing Spring DispatcherServlet 'dispatcherServlet'
2019-10-17 21:46:33 [http-nio-8080-exec-1] [INFO] o.s.web.servlet.DispatcherServlet - Initializing Servlet 'dispatcherServlet'
2019-10-17 21:46:33 [http-nio-8080-exec-1] [INFO] o.s.web.servlet.DispatcherServlet - Completed initialization in 9 ms
2019-10-17 21:46:48 [http-nio-8080-exec-1] [DEBUG] org.mybatis.spring.SqlSessionUtils - Creating a new SqlSession
2019-10-17 21:46:48 [http-nio-8080-exec-1] [DEBUG] org.mybatis.spring.SqlSessionUtils - SqlSession [org.apache.ibatis.session.defaults.DefaultSqlSession@39391de9] was not registered for synchronization because synchronization is not active
2019-10-17 21:46:48 [http-nio-8080-exec-1] [INFO] com.zaxxer.hikari.HikariDataSource - HikariPool-1 - Starting...
2019-10-17 21:46:48 [http-nio-8080-exec-1] [INFO] com.zaxxer.hikari.HikariDataSource - HikariPool-1 - Start completed.
2019-10-17 21:46:48 [http-nio-8080-exec-1] [DEBUG] o.m.s.t.SpringManagedTransaction - JDBC Connection [HikariProxyConnection@1093347345 wrapping org.postgresql.jdbc.PgConnection@15f4b204] will not be managed by Spring
2019-10-17 21:46:49 [http-nio-8080-exec-1] [DEBUG] org.mybatis.spring.SqlSessionUtils - Closing non transactional SqlSession [org.apache.ibatis.session.defaults.DefaultSqlSession@39391de9]
2019-10-17 21:47:08 [http-nio-8080-exec-1] [DEBUG] org.mybatis.spring.SqlSessionUtils - Creating a new SqlSession
2019-10-17 21:47:08 [http-nio-8080-exec-1] [DEBUG] org.mybatis.spring.SqlSessionUtils - SqlSession [org.apache.ibatis.session.defaults.DefaultSqlSession@7d2faff6] was not registered for synchronization because synchronization is not active
2019-10-17 21:47:08 [http-nio-8080-exec-1] [DEBUG] o.m.s.t.SpringManagedTransaction - JDBC Connection [HikariProxyConnection@2104074963 wrapping org.postgresql.jdbc.PgConnection@15f4b204] will not be managed by Spring
2019-10-17 21:47:08 [http-nio-8080-exec-1] [DEBUG] org.mybatis.spring.SqlSessionUtils - Closing non transactional SqlSession [org.apache.ibatis.session.defaults.DefaultSqlSession@7d2faff6]
2019-10-17 21:47:15 [http-nio-8080-exec-1] [ERROR] c.spring.movi.api.RoleRescontroller - 
 api/uploadfile/file-upload
2019-10-17 21:56:50 [http-nio-8080-exec-4] [DEBUG] org.mybatis.spring.SqlSessionUtils - Creating a new SqlSession
2019-10-17 21:56:50 [http-nio-8080-exec-4] [DEBUG] org.mybatis.spring.SqlSessionUtils - SqlSession [org.apache.ibatis.session.defaults.DefaultSqlSession@26148f6d] was not registered for synchronization because synchronization is not active
2019-10-17 21:56:50 [http-nio-8080-exec-4] [DEBUG] o.m.s.t.SpringManagedTransaction - JDBC Connection [HikariProxyConnection@573247351 wrapping org.postgresql.jdbc.PgConnection@15f4b204] will not be managed by Spring
2019-10-17 21:56:50 [http-nio-8080-exec-4] [DEBUG] org.mybatis.spring.SqlSessionUtils - Closing non transactional SqlSession [org.apache.ibatis.session.defaults.DefaultSqlSession@26148f6d]
2019-10-17 21:57:07 [http-nio-8080-exec-4] [DEBUG] org.mybatis.spring.SqlSessionUtils - Creating a new SqlSession
2019-10-17 21:57:07 [http-nio-8080-exec-4] [DEBUG] org.mybatis.spring.SqlSessionUtils - SqlSession [org.apache.ibatis.session.defaults.DefaultSqlSession@67298556] was not registered for synchronization because synchronization is not active
2019-10-17 21:57:07 [http-nio-8080-exec-4] [DEBUG] o.m.s.t.SpringManagedTransaction - JDBC Connection [HikariProxyConnection@1424565992 wrapping org.postgresql.jdbc.PgConnection@15f4b204] will not be managed by Spring
2019-10-17 21:57:07 [http-nio-8080-exec-4] [DEBUG] org.mybatis.spring.SqlSessionUtils - Closing non transactional SqlSession [org.apache.ibatis.session.defaults.DefaultSqlSession@67298556]
2019-10-17 21:57:07 [http-nio-8080-exec-4] [ERROR] c.spring.movi.api.RoleRescontroller - 
 api/uploadfile/file-upload
2019-10-17 21:57:40 [restartedMain] [INFO] com.spring.movi.MoviApplication - Starting MoviApplication on DESKTOP-SSTPOFF with PID 5160 (D:\Projects\movi\target\classes started by Eanda in D:\Projects\movi)
2019-10-17 21:57:40 [restartedMain] [INFO] com.spring.movi.MoviApplication - No active profile set, falling back to default profiles: default
2019-10-17 21:57:41 [restartedMain] [INFO] o.s.b.d.e.DevToolsPropertyDefaultsPostProcessor - Devtools property defaults active! Set 'spring.devtools.add-properties' to 'false' to disable
2019-10-17 21:57:41 [restartedMain] [INFO] o.s.b.d.e.DevToolsPropertyDefaultsPostProcessor - For additional web related logging consider setting the 'logging.level.web' property to 'DEBUG'
2019-10-17 21:57:41 [restartedMain] [DEBUG] o.m.s.b.a.MybatisAutoConfiguration - Searching for mappers annotated with @Mapper
2019-10-17 21:57:41 [restartedMain] [DEBUG] o.m.s.b.a.MybatisAutoConfiguration - Using auto-configuration base package 'com.spring.movi'
2019-10-17 21:57:41 [restartedMain] [DEBUG] o.m.s.mapper.ClassPathMapperScanner - Identified candidate component class: file [D:\Projects\movi\target\classes\com\spring\movi\dao\ImageDAO.class]
2019-10-17 21:57:41 [restartedMain] [DEBUG] o.m.s.mapper.ClassPathMapperScanner - Identified candidate component class: file [D:\Projects\movi\target\classes\com\spring\movi\dao\MoviTypeDAO.class]
2019-10-17 21:57:41 [restartedMain] [DEBUG] o.m.s.mapper.ClassPathMapperScanner - Identified candidate component class: file [D:\Projects\movi\target\classes\com\spring\movi\dao\RoleDAO.class]
2019-10-17 21:57:41 [restartedMain] [DEBUG] o.m.s.mapper.ClassPathMapperScanner - Identified candidate component class: file [D:\Projects\movi\target\classes\com\spring\movi\dao\TypeDAO.class]
2019-10-17 21:57:41 [restartedMain] [DEBUG] o.m.s.mapper.ClassPathMapperScanner - Creating MapperFactoryBean with name 'imageDAO' and 'com.spring.movi.dao.ImageDAO' mapperInterface
2019-10-17 21:57:41 [restartedMain] [DEBUG] o.m.s.mapper.ClassPathMapperScanner - Enabling autowire by type for MapperFactoryBean with name 'imageDAO'.
2019-10-17 21:57:41 [restartedMain] [DEBUG] o.m.s.mapper.ClassPathMapperScanner - Creating MapperFactoryBean with name 'moviTypeDAO' and 'com.spring.movi.dao.MoviTypeDAO' mapperInterface
2019-10-17 21:57:41 [restartedMain] [DEBUG] o.m.s.mapper.ClassPathMapperScanner - Enabling autowire by type for MapperFactoryBean with name 'moviTypeDAO'.
2019-10-17 21:57:41 [restartedMain] [DEBUG] o.m.s.mapper.ClassPathMapperScanner - Creating MapperFactoryBean with name 'roleDAO' and 'com.spring.movi.dao.RoleDAO' mapperInterface
2019-10-17 21:57:41 [restartedMain] [DEBUG] o.m.s.mapper.ClassPathMapperScanner - Enabling autowire by type for MapperFactoryBean with name 'roleDAO'.
2019-10-17 21:57:41 [restartedMain] [DEBUG] o.m.s.mapper.ClassPathMapperScanner - Creating MapperFactoryBean with name 'typeDAO' and 'com.spring.movi.dao.TypeDAO' mapperInterface
2019-10-17 21:57:41 [restartedMain] [DEBUG] o.m.s.mapper.ClassPathMapperScanner - Enabling autowire by type for MapperFactoryBean with name 'typeDAO'.
2019-10-17 21:57:42 [restartedMain] [INFO] o.s.b.w.e.tomcat.TomcatWebServer - Tomcat initialized with port(s): 8080 (http)
2019-10-17 21:57:42 [restartedMain] [INFO] o.a.coyote.http11.Http11NioProtocol - Initializing ProtocolHandler ["http-nio-8080"]
2019-10-17 21:57:42 [restartedMain] [INFO] o.a.catalina.core.StandardService - Starting service [Tomcat]
2019-10-17 21:57:42 [restartedMain] [INFO] o.a.catalina.core.StandardEngine - Starting Servlet engine: [Apache Tomcat/9.0.26]
2019-10-17 21:57:42 [restartedMain] [INFO] o.a.c.c.C.[Tomcat].[localhost].[/] - Initializing Spring embedded WebApplicationContext
2019-10-17 21:57:42 [restartedMain] [INFO] o.s.web.context.ContextLoader - Root WebApplicationContext: initialization completed in 1213 ms
2019-10-17 21:57:42 [restartedMain] [DEBUG] o.m.spring.SqlSessionFactoryBean - Parsed configuration file: 'class path resource [mybatis/mybatis_config.xml]'
2019-10-17 21:57:42 [restartedMain] [DEBUG] o.m.spring.SqlSessionFactoryBean - Parsed mapper file: 'file [D:\Projects\movi\target\classes\mybatis\mapper\imagedao.xml]'
2019-10-17 21:57:42 [restartedMain] [DEBUG] o.m.spring.SqlSessionFactoryBean - Parsed mapper file: 'file [D:\Projects\movi\target\classes\mybatis\mapper\movitypedao.xml]'
2019-10-17 21:57:42 [restartedMain] [DEBUG] o.m.spring.SqlSessionFactoryBean - Parsed mapper file: 'file [D:\Projects\movi\target\classes\mybatis\mapper\roledao.xml]'
2019-10-17 21:57:42 [restartedMain] [DEBUG] o.m.spring.SqlSessionFactoryBean - Parsed mapper file: 'file [D:\Projects\movi\target\classes\mybatis\mapper\typedao.xml]'
2019-10-17 21:57:42 [restartedMain] [INFO] o.s.s.c.ThreadPoolTaskExecutor - Initializing ExecutorService 'applicationTaskExecutor'
2019-10-17 21:57:42 [restartedMain] [INFO] o.s.b.a.w.s.WelcomePageHandlerMapping - Adding welcome page template: index
2019-10-17 21:57:42 [restartedMain] [WARN] o.t.templatemode.TemplateMode - [THYMELEAF][restartedMain] Template Mode 'LEGACYHTML5' is deprecated. Using Template Mode 'HTML' instead.
2019-10-17 21:57:43 [restartedMain] [DEBUG] o.m.s.b.a.MybatisAutoConfiguration - Not found configuration for registering mapper bean using @MapperScan, MapperFactoryBean and MapperScannerConfigurer.
2019-10-17 21:57:43 [restartedMain] [INFO] o.s.b.d.a.OptionalLiveReloadServer - LiveReload server is running on port 35729
2019-10-17 21:57:43 [restartedMain] [INFO] o.a.coyote.http11.Http11NioProtocol - Starting ProtocolHandler ["http-nio-8080"]
2019-10-17 21:57:43 [restartedMain] [INFO] o.s.b.w.e.tomcat.TomcatWebServer - Tomcat started on port(s): 8080 (http) with context path ''
2019-10-17 21:57:43 [restartedMain] [INFO] com.spring.movi.MoviApplication - Started MoviApplication in 2.942 seconds (JVM running for 4.835)
2019-10-17 21:59:40 [http-nio-8080-exec-1] [INFO] o.a.c.c.C.[Tomcat].[localhost].[/] - Initializing Spring DispatcherServlet 'dispatcherServlet'
2019-10-17 21:59:40 [http-nio-8080-exec-1] [INFO] o.s.web.servlet.DispatcherServlet - Initializing Servlet 'dispatcherServlet'
2019-10-17 21:59:40 [http-nio-8080-exec-1] [INFO] o.s.web.servlet.DispatcherServlet - Completed initialization in 10 ms
2019-10-17 21:59:57 [http-nio-8080-exec-1] [DEBUG] org.mybatis.spring.SqlSessionUtils - Creating a new SqlSession
2019-10-17 21:59:57 [http-nio-8080-exec-1] [DEBUG] org.mybatis.spring.SqlSessionUtils - SqlSession [org.apache.ibatis.session.defaults.DefaultSqlSession@a438907] was not registered for synchronization because synchronization is not active
2019-10-17 21:59:57 [http-nio-8080-exec-1] [INFO] com.zaxxer.hikari.HikariDataSource - HikariPool-1 - Starting...
2019-10-17 21:59:58 [http-nio-8080-exec-1] [INFO] com.zaxxer.hikari.HikariDataSource - HikariPool-1 - Start completed.
2019-10-17 21:59:58 [http-nio-8080-exec-1] [DEBUG] o.m.s.t.SpringManagedTransaction - JDBC Connection [HikariProxyConnection@427419642 wrapping org.postgresql.jdbc.PgConnection@63ccc2fe] will not be managed by Spring
2019-10-17 21:59:58 [http-nio-8080-exec-1] [DEBUG] org.mybatis.spring.SqlSessionUtils - Closing non transactional SqlSession [org.apache.ibatis.session.defaults.DefaultSqlSession@a438907]
2019-10-17 22:02:45 [HikariPool-1 housekeeper] [WARN] com.zaxxer.hikari.pool.HikariPool - HikariPool-1 - Thread starvation or clock leap detected (housekeeper delta=2m47s617ms627µs700ns).
2019-10-17 22:02:45 [http-nio-8080-exec-1] [DEBUG] org.mybatis.spring.SqlSessionUtils - Creating a new SqlSession
2019-10-17 22:02:45 [http-nio-8080-exec-1] [DEBUG] org.mybatis.spring.SqlSessionUtils - SqlSession [org.apache.ibatis.session.defaults.DefaultSqlSession@77a4c2e2] was not registered for synchronization because synchronization is not active
2019-10-17 22:02:45 [http-nio-8080-exec-1] [DEBUG] o.m.s.t.SpringManagedTransaction - JDBC Connection [HikariProxyConnection@1118065102 wrapping org.postgresql.jdbc.PgConnection@63ccc2fe] will not be managed by Spring
2019-10-17 22:02:45 [http-nio-8080-exec-1] [DEBUG] org.mybatis.spring.SqlSessionUtils - Closing non transactional SqlSession [org.apache.ibatis.session.defaults.DefaultSqlSession@77a4c2e2]
2019-10-17 22:02:55 [http-nio-8080-exec-1] [ERROR] c.spring.movi.api.RoleRescontroller - 
 api/uploadfile/file-upload
2019-10-17 22:06:21 [restartedMain] [INFO] com.spring.movi.MoviApplication - Starting MoviApplication on DESKTOP-SSTPOFF with PID 7000 (D:\Projects\movi\target\classes started by Eanda in D:\Projects\movi)
2019-10-17 22:06:21 [restartedMain] [INFO] com.spring.movi.MoviApplication - No active profile set, falling back to default profiles: default
2019-10-17 22:06:21 [restartedMain] [INFO] o.s.b.d.e.DevToolsPropertyDefaultsPostProcessor - Devtools property defaults active! Set 'spring.devtools.add-properties' to 'false' to disable
2019-10-17 22:06:21 [restartedMain] [INFO] o.s.b.d.e.DevToolsPropertyDefaultsPostProcessor - For additional web related logging consider setting the 'logging.level.web' property to 'DEBUG'
2019-10-17 22:06:22 [restartedMain] [DEBUG] o.m.s.b.a.MybatisAutoConfiguration - Searching for mappers annotated with @Mapper
2019-10-17 22:06:22 [restartedMain] [DEBUG] o.m.s.b.a.MybatisAutoConfiguration - Using auto-configuration base package 'com.spring.movi'
2019-10-17 22:06:22 [restartedMain] [DEBUG] o.m.s.mapper.ClassPathMapperScanner - Identified candidate component class: file [D:\Projects\movi\target\classes\com\spring\movi\dao\ImageDAO.class]
2019-10-17 22:06:22 [restartedMain] [DEBUG] o.m.s.mapper.ClassPathMapperScanner - Identified candidate component class: file [D:\Projects\movi\target\classes\com\spring\movi\dao\MoviTypeDAO.class]
2019-10-17 22:06:22 [restartedMain] [DEBUG] o.m.s.mapper.ClassPathMapperScanner - Identified candidate component class: file [D:\Projects\movi\target\classes\com\spring\movi\dao\RoleDAO.class]
2019-10-17 22:06:22 [restartedMain] [DEBUG] o.m.s.mapper.ClassPathMapperScanner - Identified candidate component class: file [D:\Projects\movi\target\classes\com\spring\movi\dao\TypeDAO.class]
2019-10-17 22:06:22 [restartedMain] [DEBUG] o.m.s.mapper.ClassPathMapperScanner - Creating MapperFactoryBean with name 'imageDAO' and 'com.spring.movi.dao.ImageDAO' mapperInterface
2019-10-17 22:06:22 [restartedMain] [DEBUG] o.m.s.mapper.ClassPathMapperScanner - Enabling autowire by type for MapperFactoryBean with name 'imageDAO'.
2019-10-17 22:06:22 [restartedMain] [DEBUG] o.m.s.mapper.ClassPathMapperScanner - Creating MapperFactoryBean with name 'moviTypeDAO' and 'com.spring.movi.dao.MoviTypeDAO' mapperInterface
2019-10-17 22:06:22 [restartedMain] [DEBUG] o.m.s.mapper.ClassPathMapperScanner - Enabling autowire by type for MapperFactoryBean with name 'moviTypeDAO'.
2019-10-17 22:06:22 [restartedMain] [DEBUG] o.m.s.mapper.ClassPathMapperScanner - Creating MapperFactoryBean with name 'roleDAO' and 'com.spring.movi.dao.RoleDAO' mapperInterface
2019-10-17 22:06:22 [restartedMain] [DEBUG] o.m.s.mapper.ClassPathMapperScanner - Enabling autowire by type for MapperFactoryBean with name 'roleDAO'.
2019-10-17 22:06:22 [restartedMain] [DEBUG] o.m.s.mapper.ClassPathMapperScanner - Creating MapperFactoryBean with name 'typeDAO' and 'com.spring.movi.dao.TypeDAO' mapperInterface
2019-10-17 22:06:22 [restartedMain] [DEBUG] o.m.s.mapper.ClassPathMapperScanner - Enabling autowire by type for MapperFactoryBean with name 'typeDAO'.
2019-10-17 22:06:22 [restartedMain] [INFO] o.s.b.w.e.tomcat.TomcatWebServer - Tomcat initialized with port(s): 8080 (http)
2019-10-17 22:06:22 [restartedMain] [INFO] o.a.coyote.http11.Http11NioProtocol - Initializing ProtocolHandler ["http-nio-8080"]
2019-10-17 22:06:22 [restartedMain] [INFO] o.a.catalina.core.StandardService - Starting service [Tomcat]
2019-10-17 22:06:22 [restartedMain] [INFO] o.a.catalina.core.StandardEngine - Starting Servlet engine: [Apache Tomcat/9.0.26]
2019-10-17 22:06:22 [restartedMain] [INFO] o.a.c.c.C.[Tomcat].[localhost].[/] - Initializing Spring embedded WebApplicationContext
2019-10-17 22:06:22 [restartedMain] [INFO] o.s.web.context.ContextLoader - Root WebApplicationContext: initialization completed in 1204 ms
2019-10-17 22:06:23 [restartedMain] [DEBUG] o.m.spring.SqlSessionFactoryBean - Parsed configuration file: 'class path resource [mybatis/mybatis_config.xml]'
2019-10-17 22:06:23 [restartedMain] [DEBUG] o.m.spring.SqlSessionFactoryBean - Parsed mapper file: 'file [D:\Projects\movi\target\classes\mybatis\mapper\imagedao.xml]'
2019-10-17 22:06:23 [restartedMain] [DEBUG] o.m.spring.SqlSessionFactoryBean - Parsed mapper file: 'file [D:\Projects\movi\target\classes\mybatis\mapper\movitypedao.xml]'
2019-10-17 22:06:23 [restartedMain] [DEBUG] o.m.spring.SqlSessionFactoryBean - Parsed mapper file: 'file [D:\Projects\movi\target\classes\mybatis\mapper\roledao.xml]'
2019-10-17 22:06:23 [restartedMain] [DEBUG] o.m.spring.SqlSessionFactoryBean - Parsed mapper file: 'file [D:\Projects\movi\target\classes\mybatis\mapper\typedao.xml]'
2019-10-17 22:06:23 [restartedMain] [INFO] o.s.s.c.ThreadPoolTaskExecutor - Initializing ExecutorService 'applicationTaskExecutor'
2019-10-17 22:06:23 [restartedMain] [INFO] o.s.b.a.w.s.WelcomePageHandlerMapping - Adding welcome page template: index
2019-10-17 22:06:23 [restartedMain] [WARN] o.t.templatemode.TemplateMode - [THYMELEAF][restartedMain] Template Mode 'LEGACYHTML5' is deprecated. Using Template Mode 'HTML' instead.
2019-10-17 22:06:23 [restartedMain] [DEBUG] o.m.s.b.a.MybatisAutoConfiguration - Not found configuration for registering mapper bean using @MapperScan, MapperFactoryBean and MapperScannerConfigurer.
2019-10-17 22:06:24 [restartedMain] [INFO] o.s.b.d.a.OptionalLiveReloadServer - LiveReload server is running on port 35729
2019-10-17 22:06:24 [restartedMain] [INFO] o.a.coyote.http11.Http11NioProtocol - Starting ProtocolHandler ["http-nio-8080"]
2019-10-17 22:06:24 [restartedMain] [INFO] o.s.b.w.e.tomcat.TomcatWebServer - Tomcat started on port(s): 8080 (http) with context path ''
2019-10-17 22:06:24 [restartedMain] [INFO] com.spring.movi.MoviApplication - Started MoviApplication in 2.825 seconds (JVM running for 4.586)
2019-10-17 22:10:16 [http-nio-8080-exec-1] [INFO] o.a.c.c.C.[Tomcat].[localhost].[/] - Initializing Spring DispatcherServlet 'dispatcherServlet'
2019-10-17 22:10:16 [http-nio-8080-exec-1] [INFO] o.s.web.servlet.DispatcherServlet - Initializing Servlet 'dispatcherServlet'
2019-10-17 22:10:16 [http-nio-8080-exec-1] [INFO] o.s.web.servlet.DispatcherServlet - Completed initialization in 11 ms
2019-10-17 22:10:21 [http-nio-8080-exec-1] [DEBUG] org.mybatis.spring.SqlSessionUtils - Creating a new SqlSession
2019-10-17 22:10:21 [http-nio-8080-exec-1] [DEBUG] org.mybatis.spring.SqlSessionUtils - SqlSession [org.apache.ibatis.session.defaults.DefaultSqlSession@19f6f7de] was not registered for synchronization because synchronization is not active
2019-10-17 22:10:21 [http-nio-8080-exec-1] [INFO] com.zaxxer.hikari.HikariDataSource - HikariPool-1 - Starting...
2019-10-17 22:10:22 [http-nio-8080-exec-1] [INFO] com.zaxxer.hikari.HikariDataSource - HikariPool-1 - Start completed.
2019-10-17 22:10:22 [http-nio-8080-exec-1] [DEBUG] o.m.s.t.SpringManagedTransaction - JDBC Connection [HikariProxyConnection@821726041 wrapping org.postgresql.jdbc.PgConnection@7c15f580] will not be managed by Spring
2019-10-17 22:10:22 [http-nio-8080-exec-1] [DEBUG] org.mybatis.spring.SqlSessionUtils - Closing non transactional SqlSession [org.apache.ibatis.session.defaults.DefaultSqlSession@19f6f7de]
2019-10-17 22:10:40 [http-nio-8080-exec-1] [DEBUG] org.mybatis.spring.SqlSessionUtils - Creating a new SqlSession
2019-10-17 22:10:40 [http-nio-8080-exec-1] [DEBUG] org.mybatis.spring.SqlSessionUtils - SqlSession [org.apache.ibatis.session.defaults.DefaultSqlSession@7b25dc87] was not registered for synchronization because synchronization is not active
2019-10-17 22:10:40 [http-nio-8080-exec-1] [DEBUG] o.m.s.t.SpringManagedTransaction - JDBC Connection [HikariProxyConnection@1890974419 wrapping org.postgresql.jdbc.PgConnection@7c15f580] will not be managed by Spring
2019-10-17 22:10:40 [http-nio-8080-exec-1] [DEBUG] org.mybatis.spring.SqlSessionUtils - Closing non transactional SqlSession [org.apache.ibatis.session.defaults.DefaultSqlSession@7b25dc87]
2019-10-17 22:10:40 [http-nio-8080-exec-1] [ERROR] c.spring.movi.api.RoleRescontroller - 
 api/uploadfile/file-upload
2019-10-17 22:13:13 [restartedMain] [INFO] com.spring.movi.MoviApplication - Starting MoviApplication on DESKTOP-SSTPOFF with PID 5768 (D:\Projects\movi\target\classes started by Eanda in D:\Projects\movi)
2019-10-17 22:13:13 [restartedMain] [INFO] com.spring.movi.MoviApplication - No active profile set, falling back to default profiles: default
2019-10-17 22:13:13 [restartedMain] [INFO] o.s.b.d.e.DevToolsPropertyDefaultsPostProcessor - Devtools property defaults active! Set 'spring.devtools.add-properties' to 'false' to disable
2019-10-17 22:13:13 [restartedMain] [INFO] o.s.b.d.e.DevToolsPropertyDefaultsPostProcessor - For additional web related logging consider setting the 'logging.level.web' property to 'DEBUG'
2019-10-17 22:13:13 [restartedMain] [DEBUG] o.m.s.b.a.MybatisAutoConfiguration - Searching for mappers annotated with @Mapper
2019-10-17 22:13:13 [restartedMain] [DEBUG] o.m.s.b.a.MybatisAutoConfiguration - Using auto-configuration base package 'com.spring.movi'
2019-10-17 22:13:13 [restartedMain] [DEBUG] o.m.s.mapper.ClassPathMapperScanner - Identified candidate component class: file [D:\Projects\movi\target\classes\com\spring\movi\dao\ImageDAO.class]
2019-10-17 22:13:13 [restartedMain] [DEBUG] o.m.s.mapper.ClassPathMapperScanner - Identified candidate component class: file [D:\Projects\movi\target\classes\com\spring\movi\dao\MoviTypeDAO.class]
2019-10-17 22:13:13 [restartedMain] [DEBUG] o.m.s.mapper.ClassPathMapperScanner - Identified candidate component class: file [D:\Projects\movi\target\classes\com\spring\movi\dao\RoleDAO.class]
2019-10-17 22:13:13 [restartedMain] [DEBUG] o.m.s.mapper.ClassPathMapperScanner - Identified candidate component class: file [D:\Projects\movi\target\classes\com\spring\movi\dao\TypeDAO.class]
2019-10-17 22:13:13 [restartedMain] [DEBUG] o.m.s.mapper.ClassPathMapperScanner - Creating MapperFactoryBean with name 'imageDAO' and 'com.spring.movi.dao.ImageDAO' mapperInterface
2019-10-17 22:13:13 [restartedMain] [DEBUG] o.m.s.mapper.ClassPathMapperScanner - Enabling autowire by type for MapperFactoryBean with name 'imageDAO'.
2019-10-17 22:13:13 [restartedMain] [DEBUG] o.m.s.mapper.ClassPathMapperScanner - Creating MapperFactoryBean with name 'moviTypeDAO' and 'com.spring.movi.dao.MoviTypeDAO' mapperInterface
2019-10-17 22:13:13 [restartedMain] [DEBUG] o.m.s.mapper.ClassPathMapperScanner - Enabling autowire by type for MapperFactoryBean with name 'moviTypeDAO'.
2019-10-17 22:13:13 [restartedMain] [DEBUG] o.m.s.mapper.ClassPathMapperScanner - Creating MapperFactoryBean with name 'roleDAO' and 'com.spring.movi.dao.RoleDAO' mapperInterface
2019-10-17 22:13:13 [restartedMain] [DEBUG] o.m.s.mapper.ClassPathMapperScanner - Enabling autowire by type for MapperFactoryBean with name 'roleDAO'.
2019-10-17 22:13:13 [restartedMain] [DEBUG] o.m.s.mapper.ClassPathMapperScanner - Creating MapperFactoryBean with name 'typeDAO' and 'com.spring.movi.dao.TypeDAO' mapperInterface
2019-10-17 22:13:13 [restartedMain] [DEBUG] o.m.s.mapper.ClassPathMapperScanner - Enabling autowire by type for MapperFactoryBean with name 'typeDAO'.
2019-10-17 22:13:14 [restartedMain] [INFO] o.s.b.w.e.tomcat.TomcatWebServer - Tomcat initialized with port(s): 8080 (http)
2019-10-17 22:13:14 [restartedMain] [INFO] o.a.coyote.http11.Http11NioProtocol - Initializing ProtocolHandler ["http-nio-8080"]
2019-10-17 22:13:14 [restartedMain] [INFO] o.a.catalina.core.StandardService - Starting service [Tomcat]
2019-10-17 22:13:14 [restartedMain] [INFO] o.a.catalina.core.StandardEngine - Starting Servlet engine: [Apache Tomcat/9.0.26]
2019-10-17 22:13:14 [restartedMain] [INFO] o.a.c.c.C.[Tomcat].[localhost].[/] - Initializing Spring embedded WebApplicationContext
2019-10-17 22:13:14 [restartedMain] [INFO] o.s.web.context.ContextLoader - Root WebApplicationContext: initialization completed in 1191 ms
2019-10-17 22:13:14 [restartedMain] [DEBUG] o.m.spring.SqlSessionFactoryBean - Parsed configuration file: 'class path resource [mybatis/mybatis_config.xml]'
2019-10-17 22:13:14 [restartedMain] [DEBUG] o.m.spring.SqlSessionFactoryBean - Parsed mapper file: 'file [D:\Projects\movi\target\classes\mybatis\mapper\imagedao.xml]'
2019-10-17 22:13:14 [restartedMain] [DEBUG] o.m.spring.SqlSessionFactoryBean - Parsed mapper file: 'file [D:\Projects\movi\target\classes\mybatis\mapper\movitypedao.xml]'
2019-10-17 22:13:14 [restartedMain] [DEBUG] o.m.spring.SqlSessionFactoryBean - Parsed mapper file: 'file [D:\Projects\movi\target\classes\mybatis\mapper\roledao.xml]'
2019-10-17 22:13:14 [restartedMain] [DEBUG] o.m.spring.SqlSessionFactoryBean - Parsed mapper file: 'file [D:\Projects\movi\target\classes\mybatis\mapper\typedao.xml]'
2019-10-17 22:13:14 [restartedMain] [INFO] o.s.s.c.ThreadPoolTaskExecutor - Initializing ExecutorService 'applicationTaskExecutor'
2019-10-17 22:13:14 [restartedMain] [INFO] o.s.b.a.w.s.WelcomePageHandlerMapping - Adding welcome page template: index
2019-10-17 22:13:15 [restartedMain] [WARN] o.t.templatemode.TemplateMode - [THYMELEAF][restartedMain] Template Mode 'LEGACYHTML5' is deprecated. Using Template Mode 'HTML' instead.
2019-10-17 22:13:15 [restartedMain] [DEBUG] o.m.s.b.a.MybatisAutoConfiguration - Not found configuration for registering mapper bean using @MapperScan, MapperFactoryBean and MapperScannerConfigurer.
2019-10-17 22:13:15 [restartedMain] [INFO] o.s.b.d.a.OptionalLiveReloadServer - LiveReload server is running on port 35729
2019-10-17 22:13:15 [restartedMain] [INFO] o.a.coyote.http11.Http11NioProtocol - Starting ProtocolHandler ["http-nio-8080"]
2019-10-17 22:13:15 [restartedMain] [INFO] o.s.b.w.e.tomcat.TomcatWebServer - Tomcat started on port(s): 8080 (http) with context path ''
2019-10-17 22:13:15 [restartedMain] [INFO] com.spring.movi.MoviApplication - Started MoviApplication in 2.86 seconds (JVM running for 4.652)
2019-10-17 22:14:06 [http-nio-8080-exec-1] [INFO] o.a.c.c.C.[Tomcat].[localhost].[/] - Initializing Spring DispatcherServlet 'dispatcherServlet'
2019-10-17 22:14:06 [http-nio-8080-exec-1] [INFO] o.s.web.servlet.DispatcherServlet - Initializing Servlet 'dispatcherServlet'
2019-10-17 22:14:06 [http-nio-8080-exec-1] [INFO] o.s.web.servlet.DispatcherServlet - Completed initialization in 10 ms
2019-10-17 22:14:12 [http-nio-8080-exec-1] [DEBUG] org.mybatis.spring.SqlSessionUtils - Creating a new SqlSession
2019-10-17 22:14:12 [http-nio-8080-exec-1] [DEBUG] org.mybatis.spring.SqlSessionUtils - SqlSession [org.apache.ibatis.session.defaults.DefaultSqlSession@20e18048] was not registered for synchronization because synchronization is not active
2019-10-17 22:14:12 [http-nio-8080-exec-1] [INFO] com.zaxxer.hikari.HikariDataSource - HikariPool-1 - Starting...
2019-10-17 22:14:12 [http-nio-8080-exec-1] [INFO] com.zaxxer.hikari.HikariDataSource - HikariPool-1 - Start completed.
2019-10-17 22:14:12 [http-nio-8080-exec-1] [DEBUG] o.m.s.t.SpringManagedTransaction - JDBC Connection [HikariProxyConnection@671695979 wrapping org.postgresql.jdbc.PgConnection@215f9493] will not be managed by Spring
2019-10-17 22:14:12 [http-nio-8080-exec-1] [DEBUG] org.mybatis.spring.SqlSessionUtils - Closing non transactional SqlSession [org.apache.ibatis.session.defaults.DefaultSqlSession@20e18048]
2019-10-17 22:14:18 [http-nio-8080-exec-1] [DEBUG] org.mybatis.spring.SqlSessionUtils - Creating a new SqlSession
2019-10-17 22:14:18 [http-nio-8080-exec-1] [DEBUG] org.mybatis.spring.SqlSessionUtils - SqlSession [org.apache.ibatis.session.defaults.DefaultSqlSession@e17b158] was not registered for synchronization because synchronization is not active
2019-10-17 22:14:18 [http-nio-8080-exec-1] [DEBUG] o.m.s.t.SpringManagedTransaction - JDBC Connection [HikariProxyConnection@265574583 wrapping org.postgresql.jdbc.PgConnection@215f9493] will not be managed by Spring
2019-10-17 22:14:19 [http-nio-8080-exec-1] [DEBUG] org.mybatis.spring.SqlSessionUtils - Closing non transactional SqlSession [org.apache.ibatis.session.defaults.DefaultSqlSession@e17b158]
2019-10-17 22:14:26 [http-nio-8080-exec-1] [ERROR] c.spring.movi.api.RoleRescontroller - 
 api/uploadfile/file-upload
2019-10-17 22:17:31 [restartedMain] [INFO] com.spring.movi.MoviApplication - Starting MoviApplication on DESKTOP-SSTPOFF with PID 6392 (D:\Projects\movi\target\classes started by Eanda in D:\Projects\movi)
2019-10-17 22:17:31 [restartedMain] [INFO] com.spring.movi.MoviApplication - No active profile set, falling back to default profiles: default
2019-10-17 22:17:32 [restartedMain] [INFO] o.s.b.d.e.DevToolsPropertyDefaultsPostProcessor - Devtools property defaults active! Set 'spring.devtools.add-properties' to 'false' to disable
2019-10-17 22:17:32 [restartedMain] [INFO] o.s.b.d.e.DevToolsPropertyDefaultsPostProcessor - For additional web related logging consider setting the 'logging.level.web' property to 'DEBUG'
2019-10-17 22:17:32 [restartedMain] [DEBUG] o.m.s.b.a.MybatisAutoConfiguration - Searching for mappers annotated with @Mapper
2019-10-17 22:17:32 [restartedMain] [DEBUG] o.m.s.b.a.MybatisAutoConfiguration - Using auto-configuration base package 'com.spring.movi'
2019-10-17 22:17:32 [restartedMain] [DEBUG] o.m.s.mapper.ClassPathMapperScanner - Identified candidate component class: file [D:\Projects\movi\target\classes\com\spring\movi\dao\ImageDAO.class]
2019-10-17 22:17:32 [restartedMain] [DEBUG] o.m.s.mapper.ClassPathMapperScanner - Identified candidate component class: file [D:\Projects\movi\target\classes\com\spring\movi\dao\MoviTypeDAO.class]
2019-10-17 22:17:32 [restartedMain] [DEBUG] o.m.s.mapper.ClassPathMapperScanner - Identified candidate component class: file [D:\Projects\movi\target\classes\com\spring\movi\dao\RoleDAO.class]
2019-10-17 22:17:32 [restartedMain] [DEBUG] o.m.s.mapper.ClassPathMapperScanner - Identified candidate component class: file [D:\Projects\movi\target\classes\com\spring\movi\dao\TypeDAO.class]
2019-10-17 22:17:32 [restartedMain] [DEBUG] o.m.s.mapper.ClassPathMapperScanner - Creating MapperFactoryBean with name 'imageDAO' and 'com.spring.movi.dao.ImageDAO' mapperInterface
2019-10-17 22:17:32 [restartedMain] [DEBUG] o.m.s.mapper.ClassPathMapperScanner - Enabling autowire by type for MapperFactoryBean with name 'imageDAO'.
2019-10-17 22:17:32 [restartedMain] [DEBUG] o.m.s.mapper.ClassPathMapperScanner - Creating MapperFactoryBean with name 'moviTypeDAO' and 'com.spring.movi.dao.MoviTypeDAO' mapperInterface
2019-10-17 22:17:32 [restartedMain] [DEBUG] o.m.s.mapper.ClassPathMapperScanner - Enabling autowire by type for MapperFactoryBean with name 'moviTypeDAO'.
2019-10-17 22:17:32 [restartedMain] [DEBUG] o.m.s.mapper.ClassPathMapperScanner - Creating MapperFactoryBean with name 'roleDAO' and 'com.spring.movi.dao.RoleDAO' mapperInterface
2019-10-17 22:17:32 [restartedMain] [DEBUG] o.m.s.mapper.ClassPathMapperScanner - Enabling autowire by type for MapperFactoryBean with name 'roleDAO'.
2019-10-17 22:17:32 [restartedMain] [DEBUG] o.m.s.mapper.ClassPathMapperScanner - Creating MapperFactoryBean with name 'typeDAO' and 'com.spring.movi.dao.TypeDAO' mapperInterface
2019-10-17 22:17:32 [restartedMain] [DEBUG] o.m.s.mapper.ClassPathMapperScanner - Enabling autowire by type for MapperFactoryBean with name 'typeDAO'.
2019-10-17 22:17:33 [restartedMain] [INFO] o.s.b.w.e.tomcat.TomcatWebServer - Tomcat initialized with port(s): 8080 (http)
2019-10-17 22:17:33 [restartedMain] [INFO] o.a.coyote.http11.Http11NioProtocol - Initializing ProtocolHandler ["http-nio-8080"]
2019-10-17 22:17:33 [restartedMain] [INFO] o.a.catalina.core.StandardService - Starting service [Tomcat]
2019-10-17 22:17:33 [restartedMain] [INFO] o.a.catalina.core.StandardEngine - Starting Servlet engine: [Apache Tomcat/9.0.26]
2019-10-17 22:17:33 [restartedMain] [INFO] o.a.c.c.C.[Tomcat].[localhost].[/] - Initializing Spring embedded WebApplicationContext
2019-10-17 22:17:33 [restartedMain] [INFO] o.s.web.context.ContextLoader - Root WebApplicationContext: initialization completed in 1179 ms
2019-10-17 22:17:33 [restartedMain] [DEBUG] o.m.spring.SqlSessionFactoryBean - Parsed configuration file: 'class path resource [mybatis/mybatis_config.xml]'
2019-10-17 22:17:33 [restartedMain] [DEBUG] o.m.spring.SqlSessionFactoryBean - Parsed mapper file: 'file [D:\Projects\movi\target\classes\mybatis\mapper\imagedao.xml]'
2019-10-17 22:17:33 [restartedMain] [DEBUG] o.m.spring.SqlSessionFactoryBean - Parsed mapper file: 'file [D:\Projects\movi\target\classes\mybatis\mapper\movitypedao.xml]'
2019-10-17 22:17:33 [restartedMain] [DEBUG] o.m.spring.SqlSessionFactoryBean - Parsed mapper file: 'file [D:\Projects\movi\target\classes\mybatis\mapper\roledao.xml]'
2019-10-17 22:17:33 [restartedMain] [DEBUG] o.m.spring.SqlSessionFactoryBean - Parsed mapper file: 'file [D:\Projects\movi\target\classes\mybatis\mapper\typedao.xml]'
2019-10-17 22:17:33 [restartedMain] [INFO] o.s.s.c.ThreadPoolTaskExecutor - Initializing ExecutorService 'applicationTaskExecutor'
2019-10-17 22:17:33 [restartedMain] [INFO] o.s.b.a.w.s.WelcomePageHandlerMapping - Adding welcome page template: index
2019-10-17 22:17:33 [restartedMain] [WARN] o.t.templatemode.TemplateMode - [THYMELEAF][restartedMain] Template Mode 'LEGACYHTML5' is deprecated. Using Template Mode 'HTML' instead.
2019-10-17 22:17:33 [restartedMain] [DEBUG] o.m.s.b.a.MybatisAutoConfiguration - Not found configuration for registering mapper bean using @MapperScan, MapperFactoryBean and MapperScannerConfigurer.
2019-10-17 22:17:34 [restartedMain] [INFO] o.s.b.d.a.OptionalLiveReloadServer - LiveReload server is running on port 35729
2019-10-17 22:17:34 [restartedMain] [INFO] o.a.coyote.http11.Http11NioProtocol - Starting ProtocolHandler ["http-nio-8080"]
2019-10-17 22:17:34 [restartedMain] [INFO] o.s.b.w.e.tomcat.TomcatWebServer - Tomcat started on port(s): 8080 (http) with context path ''
2019-10-17 22:17:34 [restartedMain] [INFO] com.spring.movi.MoviApplication - Started MoviApplication in 2.849 seconds (JVM running for 4.631)
2019-10-17 22:17:48 [http-nio-8080-exec-1] [INFO] o.a.c.c.C.[Tomcat].[localhost].[/] - Initializing Spring DispatcherServlet 'dispatcherServlet'
2019-10-17 22:17:48 [http-nio-8080-exec-1] [INFO] o.s.web.servlet.DispatcherServlet - Initializing Servlet 'dispatcherServlet'
2019-10-17 22:17:48 [http-nio-8080-exec-1] [INFO] o.s.web.servlet.DispatcherServlet - Completed initialization in 7 ms
2019-10-17 22:17:55 [http-nio-8080-exec-1] [DEBUG] org.mybatis.spring.SqlSessionUtils - Creating a new SqlSession
2019-10-17 22:17:55 [http-nio-8080-exec-1] [DEBUG] org.mybatis.spring.SqlSessionUtils - SqlSession [org.apache.ibatis.session.defaults.DefaultSqlSession@7a0c42ac] was not registered for synchronization because synchronization is not active
2019-10-17 22:17:55 [http-nio-8080-exec-1] [INFO] com.zaxxer.hikari.HikariDataSource - HikariPool-1 - Starting...
2019-10-17 22:17:56 [http-nio-8080-exec-1] [INFO] com.zaxxer.hikari.HikariDataSource - HikariPool-1 - Start completed.
2019-10-17 22:17:56 [http-nio-8080-exec-1] [DEBUG] o.m.s.t.SpringManagedTransaction - JDBC Connection [HikariProxyConnection@1672352634 wrapping org.postgresql.jdbc.PgConnection@14d0e73e] will not be managed by Spring
2019-10-17 22:17:56 [http-nio-8080-exec-1] [DEBUG] org.mybatis.spring.SqlSessionUtils - Closing non transactional SqlSession [org.apache.ibatis.session.defaults.DefaultSqlSession@7a0c42ac]
2019-10-17 22:18:04 [http-nio-8080-exec-1] [DEBUG] org.mybatis.spring.SqlSessionUtils - Creating a new SqlSession
2019-10-17 22:18:04 [http-nio-8080-exec-1] [DEBUG] org.mybatis.spring.SqlSessionUtils - SqlSession [org.apache.ibatis.session.defaults.DefaultSqlSession@4d0a19a4] was not registered for synchronization because synchronization is not active
2019-10-17 22:18:04 [http-nio-8080-exec-1] [DEBUG] o.m.s.t.SpringManagedTransaction - JDBC Connection [HikariProxyConnection@633525168 wrapping org.postgresql.jdbc.PgConnection@14d0e73e] will not be managed by Spring
2019-10-17 22:18:05 [http-nio-8080-exec-1] [DEBUG] org.mybatis.spring.SqlSessionUtils - Closing non transactional SqlSession [org.apache.ibatis.session.defaults.DefaultSqlSession@4d0a19a4]
2019-10-17 22:18:09 [http-nio-8080-exec-1] [ERROR] c.spring.movi.api.RoleRescontroller - 
 api/uploadfile/file-upload
2019-10-17 22:19:19 [restartedMain] [INFO] com.spring.movi.MoviApplication - Starting MoviApplication on DESKTOP-SSTPOFF with PID 12580 (D:\Projects\movi\target\classes started by Eanda in D:\Projects\movi)
2019-10-17 22:19:19 [restartedMain] [INFO] com.spring.movi.MoviApplication - No active profile set, falling back to default profiles: default
2019-10-17 22:19:19 [restartedMain] [INFO] o.s.b.d.e.DevToolsPropertyDefaultsPostProcessor - Devtools property defaults active! Set 'spring.devtools.add-properties' to 'false' to disable
2019-10-17 22:19:19 [restartedMain] [INFO] o.s.b.d.e.DevToolsPropertyDefaultsPostProcessor - For additional web related logging consider setting the 'logging.level.web' property to 'DEBUG'
2019-10-17 22:19:20 [restartedMain] [DEBUG] o.m.s.b.a.MybatisAutoConfiguration - Searching for mappers annotated with @Mapper
2019-10-17 22:19:20 [restartedMain] [DEBUG] o.m.s.b.a.MybatisAutoConfiguration - Using auto-configuration base package 'com.spring.movi'
2019-10-17 22:19:20 [restartedMain] [DEBUG] o.m.s.mapper.ClassPathMapperScanner - Identified candidate component class: file [D:\Projects\movi\target\classes\com\spring\movi\dao\ImageDAO.class]
2019-10-17 22:19:20 [restartedMain] [DEBUG] o.m.s.mapper.ClassPathMapperScanner - Identified candidate component class: file [D:\Projects\movi\target\classes\com\spring\movi\dao\MoviTypeDAO.class]
2019-10-17 22:19:20 [restartedMain] [DEBUG] o.m.s.mapper.ClassPathMapperScanner - Identified candidate component class: file [D:\Projects\movi\target\classes\com\spring\movi\dao\RoleDAO.class]
2019-10-17 22:19:20 [restartedMain] [DEBUG] o.m.s.mapper.ClassPathMapperScanner - Identified candidate component class: file [D:\Projects\movi\target\classes\com\spring\movi\dao\TypeDAO.class]
2019-10-17 22:19:20 [restartedMain] [DEBUG] o.m.s.mapper.ClassPathMapperScanner - Creating MapperFactoryBean with name 'imageDAO' and 'com.spring.movi.dao.ImageDAO' mapperInterface
2019-10-17 22:19:20 [restartedMain] [DEBUG] o.m.s.mapper.ClassPathMapperScanner - Enabling autowire by type for MapperFactoryBean with name 'imageDAO'.
2019-10-17 22:19:20 [restartedMain] [DEBUG] o.m.s.mapper.ClassPathMapperScanner - Creating MapperFactoryBean with name 'moviTypeDAO' and 'com.spring.movi.dao.MoviTypeDAO' mapperInterface
2019-10-17 22:19:20 [restartedMain] [DEBUG] o.m.s.mapper.ClassPathMapperScanner - Enabling autowire by type for MapperFactoryBean with name 'moviTypeDAO'.
2019-10-17 22:19:20 [restartedMain] [DEBUG] o.m.s.mapper.ClassPathMapperScanner - Creating MapperFactoryBean with name 'roleDAO' and 'com.spring.movi.dao.RoleDAO' mapperInterface
2019-10-17 22:19:20 [restartedMain] [DEBUG] o.m.s.mapper.ClassPathMapperScanner - Enabling autowire by type for MapperFactoryBean with name 'roleDAO'.
2019-10-17 22:19:20 [restartedMain] [DEBUG] o.m.s.mapper.ClassPathMapperScanner - Creating MapperFactoryBean with name 'typeDAO' and 'com.spring.movi.dao.TypeDAO' mapperInterface
2019-10-17 22:19:20 [restartedMain] [DEBUG] o.m.s.mapper.ClassPathMapperScanner - Enabling autowire by type for MapperFactoryBean with name 'typeDAO'.
2019-10-17 22:19:20 [restartedMain] [INFO] o.s.b.w.e.tomcat.TomcatWebServer - Tomcat initialized with port(s): 8080 (http)
2019-10-17 22:19:20 [restartedMain] [INFO] o.a.coyote.http11.Http11NioProtocol - Initializing ProtocolHandler ["http-nio-8080"]
2019-10-17 22:19:20 [restartedMain] [INFO] o.a.catalina.core.StandardService - Starting service [Tomcat]
2019-10-17 22:19:20 [restartedMain] [INFO] o.a.catalina.core.StandardEngine - Starting Servlet engine: [Apache Tomcat/9.0.26]
2019-10-17 22:19:20 [restartedMain] [INFO] o.a.c.c.C.[Tomcat].[localhost].[/] - Initializing Spring embedded WebApplicationContext
2019-10-17 22:19:20 [restartedMain] [INFO] o.s.web.context.ContextLoader - Root WebApplicationContext: initialization completed in 1250 ms
2019-10-17 22:19:21 [restartedMain] [DEBUG] o.m.spring.SqlSessionFactoryBean - Parsed configuration file: 'class path resource [mybatis/mybatis_config.xml]'
2019-10-17 22:19:21 [restartedMain] [DEBUG] o.m.spring.SqlSessionFactoryBean - Parsed mapper file: 'file [D:\Projects\movi\target\classes\mybatis\mapper\imagedao.xml]'
2019-10-17 22:19:21 [restartedMain] [DEBUG] o.m.spring.SqlSessionFactoryBean - Parsed mapper file: 'file [D:\Projects\movi\target\classes\mybatis\mapper\movitypedao.xml]'
2019-10-17 22:19:21 [restartedMain] [DEBUG] o.m.spring.SqlSessionFactoryBean - Parsed mapper file: 'file [D:\Projects\movi\target\classes\mybatis\mapper\roledao.xml]'
2019-10-17 22:19:21 [restartedMain] [DEBUG] o.m.spring.SqlSessionFactoryBean - Parsed mapper file: 'file [D:\Projects\movi\target\classes\mybatis\mapper\typedao.xml]'
2019-10-17 22:19:21 [restartedMain] [INFO] o.s.s.c.ThreadPoolTaskExecutor - Initializing ExecutorService 'applicationTaskExecutor'
2019-10-17 22:19:21 [restartedMain] [INFO] o.s.b.a.w.s.WelcomePageHandlerMapping - Adding welcome page template: index
2019-10-17 22:19:21 [restartedMain] [WARN] o.t.templatemode.TemplateMode - [THYMELEAF][restartedMain] Template Mode 'LEGACYHTML5' is deprecated. Using Template Mode 'HTML' instead.
2019-10-17 22:19:21 [restartedMain] [DEBUG] o.m.s.b.a.MybatisAutoConfiguration - Not found configuration for registering mapper bean using @MapperScan, MapperFactoryBean and MapperScannerConfigurer.
2019-10-17 22:19:22 [restartedMain] [INFO] o.s.b.d.a.OptionalLiveReloadServer - LiveReload server is running on port 35729
2019-10-17 22:19:22 [restartedMain] [INFO] o.a.coyote.http11.Http11NioProtocol - Starting ProtocolHandler ["http-nio-8080"]
2019-10-17 22:19:22 [restartedMain] [INFO] o.s.b.w.e.tomcat.TomcatWebServer - Tomcat started on port(s): 8080 (http) with context path ''
2019-10-17 22:19:22 [restartedMain] [INFO] com.spring.movi.MoviApplication - Started MoviApplication in 3.025 seconds (JVM running for 4.963)
2019-10-17 22:19:46 [http-nio-8080-exec-1] [INFO] o.a.c.c.C.[Tomcat].[localhost].[/] - Initializing Spring DispatcherServlet 'dispatcherServlet'
2019-10-17 22:19:46 [http-nio-8080-exec-1] [INFO] o.s.web.servlet.DispatcherServlet - Initializing Servlet 'dispatcherServlet'
2019-10-17 22:19:46 [http-nio-8080-exec-1] [INFO] o.s.web.servlet.DispatcherServlet - Completed initialization in 9 ms
2019-10-17 22:19:52 [http-nio-8080-exec-1] [DEBUG] org.mybatis.spring.SqlSessionUtils - Creating a new SqlSession
2019-10-17 22:19:52 [http-nio-8080-exec-1] [DEBUG] org.mybatis.spring.SqlSessionUtils - SqlSession [org.apache.ibatis.session.defaults.DefaultSqlSession@4b987644] was not registered for synchronization because synchronization is not active
2019-10-17 22:19:52 [http-nio-8080-exec-1] [INFO] com.zaxxer.hikari.HikariDataSource - HikariPool-1 - Starting...
2019-10-17 22:19:52 [http-nio-8080-exec-1] [INFO] com.zaxxer.hikari.HikariDataSource - HikariPool-1 - Start completed.
2019-10-17 22:19:52 [http-nio-8080-exec-1] [DEBUG] o.m.s.t.SpringManagedTransaction - JDBC Connection [HikariProxyConnection@829784487 wrapping org.postgresql.jdbc.PgConnection@526baa90] will not be managed by Spring
2019-10-17 22:19:52 [http-nio-8080-exec-1] [DEBUG] org.mybatis.spring.SqlSessionUtils - Closing non transactional SqlSession [org.apache.ibatis.session.defaults.DefaultSqlSession@4b987644]
2019-10-17 22:19:56 [http-nio-8080-exec-1] [DEBUG] org.mybatis.spring.SqlSessionUtils - Creating a new SqlSession
2019-10-17 22:19:56 [http-nio-8080-exec-1] [DEBUG] org.mybatis.spring.SqlSessionUtils - SqlSession [org.apache.ibatis.session.defaults.DefaultSqlSession@2f327c5f] was not registered for synchronization because synchronization is not active
2019-10-17 22:19:56 [http-nio-8080-exec-1] [DEBUG] o.m.s.t.SpringManagedTransaction - JDBC Connection [HikariProxyConnection@1312599776 wrapping org.postgresql.jdbc.PgConnection@526baa90] will not be managed by Spring
2019-10-17 22:19:56 [http-nio-8080-exec-1] [DEBUG] org.mybatis.spring.SqlSessionUtils - Closing non transactional SqlSession [org.apache.ibatis.session.defaults.DefaultSqlSession@2f327c5f]
2019-10-17 23:00:09 [HikariPool-1 housekeeper] [WARN] com.zaxxer.hikari.pool.HikariPool - HikariPool-1 - Thread starvation or clock leap detected (housekeeper delta=16m46s751ms142µs).
2019-10-17 23:07:18 [restartedMain] [INFO] com.spring.movi.MoviApplication - Starting MoviApplication on DESKTOP-SSTPOFF with PID 9824 (D:\Projects\movi\target\classes started by Eanda in D:\Projects\movi)
2019-10-17 23:07:18 [restartedMain] [INFO] com.spring.movi.MoviApplication - No active profile set, falling back to default profiles: default
2019-10-17 23:07:18 [restartedMain] [INFO] o.s.b.d.e.DevToolsPropertyDefaultsPostProcessor - Devtools property defaults active! Set 'spring.devtools.add-properties' to 'false' to disable
2019-10-17 23:07:18 [restartedMain] [INFO] o.s.b.d.e.DevToolsPropertyDefaultsPostProcessor - For additional web related logging consider setting the 'logging.level.web' property to 'DEBUG'
2019-10-17 23:07:19 [restartedMain] [DEBUG] o.m.s.b.a.MybatisAutoConfiguration - Searching for mappers annotated with @Mapper
2019-10-17 23:07:19 [restartedMain] [DEBUG] o.m.s.b.a.MybatisAutoConfiguration - Using auto-configuration base package 'com.spring.movi'
2019-10-17 23:07:19 [restartedMain] [DEBUG] o.m.s.mapper.ClassPathMapperScanner - Identified candidate component class: file [D:\Projects\movi\target\classes\com\spring\movi\dao\ImageDAO.class]
2019-10-17 23:07:19 [restartedMain] [DEBUG] o.m.s.mapper.ClassPathMapperScanner - Identified candidate component class: file [D:\Projects\movi\target\classes\com\spring\movi\dao\MoviTypeDAO.class]
2019-10-17 23:07:19 [restartedMain] [DEBUG] o.m.s.mapper.ClassPathMapperScanner - Identified candidate component class: file [D:\Projects\movi\target\classes\com\spring\movi\dao\RoleDAO.class]
2019-10-17 23:07:19 [restartedMain] [DEBUG] o.m.s.mapper.ClassPathMapperScanner - Identified candidate component class: file [D:\Projects\movi\target\classes\com\spring\movi\dao\TypeDAO.class]
2019-10-17 23:07:19 [restartedMain] [DEBUG] o.m.s.mapper.ClassPathMapperScanner - Creating MapperFactoryBean with name 'imageDAO' and 'com.spring.movi.dao.ImageDAO' mapperInterface
2019-10-17 23:07:19 [restartedMain] [DEBUG] o.m.s.mapper.ClassPathMapperScanner - Enabling autowire by type for MapperFactoryBean with name 'imageDAO'.
2019-10-17 23:07:19 [restartedMain] [DEBUG] o.m.s.mapper.ClassPathMapperScanner - Creating MapperFactoryBean with name 'moviTypeDAO' and 'com.spring.movi.dao.MoviTypeDAO' mapperInterface
2019-10-17 23:07:19 [restartedMain] [DEBUG] o.m.s.mapper.ClassPathMapperScanner - Enabling autowire by type for MapperFactoryBean with name 'moviTypeDAO'.
2019-10-17 23:07:19 [restartedMain] [DEBUG] o.m.s.mapper.ClassPathMapperScanner - Creating MapperFactoryBean with name 'roleDAO' and 'com.spring.movi.dao.RoleDAO' mapperInterface
2019-10-17 23:07:19 [restartedMain] [DEBUG] o.m.s.mapper.ClassPathMapperScanner - Enabling autowire by type for MapperFactoryBean with name 'roleDAO'.
2019-10-17 23:07:19 [restartedMain] [DEBUG] o.m.s.mapper.ClassPathMapperScanner - Creating MapperFactoryBean with name 'typeDAO' and 'com.spring.movi.dao.TypeDAO' mapperInterface
2019-10-17 23:07:19 [restartedMain] [DEBUG] o.m.s.mapper.ClassPathMapperScanner - Enabling autowire by type for MapperFactoryBean with name 'typeDAO'.
2019-10-17 23:07:20 [restartedMain] [INFO] o.s.b.w.e.tomcat.TomcatWebServer - Tomcat initialized with port(s): 8080 (http)
2019-10-17 23:07:20 [restartedMain] [INFO] o.a.coyote.http11.Http11NioProtocol - Initializing ProtocolHandler ["http-nio-8080"]
2019-10-17 23:07:20 [restartedMain] [INFO] o.a.catalina.core.StandardService - Starting service [Tomcat]
2019-10-17 23:07:20 [restartedMain] [INFO] o.a.catalina.core.StandardEngine - Starting Servlet engine: [Apache Tomcat/9.0.26]
2019-10-17 23:07:20 [restartedMain] [INFO] o.a.c.c.C.[Tomcat].[localhost].[/] - Initializing Spring embedded WebApplicationContext
2019-10-17 23:07:20 [restartedMain] [INFO] o.s.web.context.ContextLoader - Root WebApplicationContext: initialization completed in 1333 ms
2019-10-17 23:07:20 [restartedMain] [DEBUG] o.m.spring.SqlSessionFactoryBean - Parsed configuration file: 'class path resource [mybatis/mybatis_config.xml]'
2019-10-17 23:07:20 [restartedMain] [DEBUG] o.m.spring.SqlSessionFactoryBean - Parsed mapper file: 'file [D:\Projects\movi\target\classes\mybatis\mapper\imagedao.xml]'
2019-10-17 23:07:20 [restartedMain] [DEBUG] o.m.spring.SqlSessionFactoryBean - Parsed mapper file: 'file [D:\Projects\movi\target\classes\mybatis\mapper\movitypedao.xml]'
2019-10-17 23:07:20 [restartedMain] [DEBUG] o.m.spring.SqlSessionFactoryBean - Parsed mapper file: 'file [D:\Projects\movi\target\classes\mybatis\mapper\roledao.xml]'
2019-10-17 23:07:20 [restartedMain] [DEBUG] o.m.spring.SqlSessionFactoryBean - Parsed mapper file: 'file [D:\Projects\movi\target\classes\mybatis\mapper\typedao.xml]'
2019-10-17 23:07:20 [restartedMain] [INFO] o.s.s.c.ThreadPoolTaskExecutor - Initializing ExecutorService 'applicationTaskExecutor'
2019-10-17 23:07:20 [restartedMain] [INFO] o.s.b.a.w.s.WelcomePageHandlerMapping - Adding welcome page template: index
2019-10-17 23:07:20 [restartedMain] [WARN] o.t.templatemode.TemplateMode - [THYMELEAF][restartedMain] Template Mode 'LEGACYHTML5' is deprecated. Using Template Mode 'HTML' instead.
2019-10-17 23:07:20 [restartedMain] [DEBUG] o.m.s.b.a.MybatisAutoConfiguration - Not found configuration for registering mapper bean using @MapperScan, MapperFactoryBean and MapperScannerConfigurer.
2019-10-17 23:07:21 [restartedMain] [INFO] o.s.b.d.a.OptionalLiveReloadServer - LiveReload server is running on port 35729
2019-10-17 23:07:21 [restartedMain] [INFO] o.a.coyote.http11.Http11NioProtocol - Starting ProtocolHandler ["http-nio-8080"]
2019-10-17 23:07:21 [restartedMain] [INFO] o.s.b.w.e.tomcat.TomcatWebServer - Tomcat started on port(s): 8080 (http) with context path ''
2019-10-17 23:07:21 [restartedMain] [INFO] com.spring.movi.MoviApplication - Started MoviApplication in 3.39 seconds (JVM running for 5.727)
2019-10-17 23:08:52 [http-nio-8080-exec-1] [INFO] o.a.c.c.C.[Tomcat].[localhost].[/] - Initializing Spring DispatcherServlet 'dispatcherServlet'
2019-10-17 23:08:52 [http-nio-8080-exec-1] [INFO] o.s.web.servlet.DispatcherServlet - Initializing Servlet 'dispatcherServlet'
2019-10-17 23:08:52 [http-nio-8080-exec-1] [INFO] o.s.web.servlet.DispatcherServlet - Completed initialization in 7 ms
2019-10-17 23:08:58 [http-nio-8080-exec-1] [DEBUG] org.mybatis.spring.SqlSessionUtils - Creating a new SqlSession
2019-10-17 23:08:58 [http-nio-8080-exec-1] [DEBUG] org.mybatis.spring.SqlSessionUtils - SqlSession [org.apache.ibatis.session.defaults.DefaultSqlSession@4d6b8944] was not registered for synchronization because synchronization is not active
2019-10-17 23:08:58 [http-nio-8080-exec-1] [INFO] com.zaxxer.hikari.HikariDataSource - HikariPool-1 - Starting...
2019-10-17 23:08:58 [http-nio-8080-exec-1] [INFO] com.zaxxer.hikari.HikariDataSource - HikariPool-1 - Start completed.
2019-10-17 23:08:58 [http-nio-8080-exec-1] [DEBUG] o.m.s.t.SpringManagedTransaction - JDBC Connection [HikariProxyConnection@1855409794 wrapping org.postgresql.jdbc.PgConnection@5894cfe4] will not be managed by Spring
2019-10-17 23:08:58 [http-nio-8080-exec-1] [DEBUG] org.mybatis.spring.SqlSessionUtils - Closing non transactional SqlSession [org.apache.ibatis.session.defaults.DefaultSqlSession@4d6b8944]
2019-10-17 23:11:01 [restartedMain] [INFO] com.spring.movi.MoviApplication - Starting MoviApplication on DESKTOP-SSTPOFF with PID 4676 (D:\Projects\movi\target\classes started by Eanda in D:\Projects\movi)
2019-10-17 23:11:01 [restartedMain] [INFO] com.spring.movi.MoviApplication - No active profile set, falling back to default profiles: default
2019-10-17 23:11:01 [restartedMain] [INFO] o.s.b.d.e.DevToolsPropertyDefaultsPostProcessor - Devtools property defaults active! Set 'spring.devtools.add-properties' to 'false' to disable
2019-10-17 23:11:01 [restartedMain] [INFO] o.s.b.d.e.DevToolsPropertyDefaultsPostProcessor - For additional web related logging consider setting the 'logging.level.web' property to 'DEBUG'
2019-10-17 23:11:02 [restartedMain] [DEBUG] o.m.s.b.a.MybatisAutoConfiguration - Searching for mappers annotated with @Mapper
2019-10-17 23:11:02 [restartedMain] [DEBUG] o.m.s.b.a.MybatisAutoConfiguration - Using auto-configuration base package 'com.spring.movi'
2019-10-17 23:11:02 [restartedMain] [DEBUG] o.m.s.mapper.ClassPathMapperScanner - Identified candidate component class: file [D:\Projects\movi\target\classes\com\spring\movi\dao\ImageDAO.class]
2019-10-17 23:11:02 [restartedMain] [DEBUG] o.m.s.mapper.ClassPathMapperScanner - Identified candidate component class: file [D:\Projects\movi\target\classes\com\spring\movi\dao\MoviTypeDAO.class]
2019-10-17 23:11:02 [restartedMain] [DEBUG] o.m.s.mapper.ClassPathMapperScanner - Identified candidate component class: file [D:\Projects\movi\target\classes\com\spring\movi\dao\RoleDAO.class]
2019-10-17 23:11:02 [restartedMain] [DEBUG] o.m.s.mapper.ClassPathMapperScanner - Identified candidate component class: file [D:\Projects\movi\target\classes\com\spring\movi\dao\TypeDAO.class]
2019-10-17 23:11:02 [restartedMain] [DEBUG] o.m.s.mapper.ClassPathMapperScanner - Creating MapperFactoryBean with name 'imageDAO' and 'com.spring.movi.dao.ImageDAO' mapperInterface
2019-10-17 23:11:02 [restartedMain] [DEBUG] o.m.s.mapper.ClassPathMapperScanner - Enabling autowire by type for MapperFactoryBean with name 'imageDAO'.
2019-10-17 23:11:02 [restartedMain] [DEBUG] o.m.s.mapper.ClassPathMapperScanner - Creating MapperFactoryBean with name 'moviTypeDAO' and 'com.spring.movi.dao.MoviTypeDAO' mapperInterface
2019-10-17 23:11:02 [restartedMain] [DEBUG] o.m.s.mapper.ClassPathMapperScanner - Enabling autowire by type for MapperFactoryBean with name 'moviTypeDAO'.
2019-10-17 23:11:02 [restartedMain] [DEBUG] o.m.s.mapper.ClassPathMapperScanner - Creating MapperFactoryBean with name 'roleDAO' and 'com.spring.movi.dao.RoleDAO' mapperInterface
2019-10-17 23:11:02 [restartedMain] [DEBUG] o.m.s.mapper.ClassPathMapperScanner - Enabling autowire by type for MapperFactoryBean with name 'roleDAO'.
2019-10-17 23:11:02 [restartedMain] [DEBUG] o.m.s.mapper.ClassPathMapperScanner - Creating MapperFactoryBean with name 'typeDAO' and 'com.spring.movi.dao.TypeDAO' mapperInterface
2019-10-17 23:11:02 [restartedMain] [DEBUG] o.m.s.mapper.ClassPathMapperScanner - Enabling autowire by type for MapperFactoryBean with name 'typeDAO'.
2019-10-17 23:11:02 [restartedMain] [INFO] o.s.b.w.e.tomcat.TomcatWebServer - Tomcat initialized with port(s): 8080 (http)
2019-10-17 23:11:02 [restartedMain] [INFO] o.a.coyote.http11.Http11NioProtocol - Initializing ProtocolHandler ["http-nio-8080"]
2019-10-17 23:11:02 [restartedMain] [INFO] o.a.catalina.core.StandardService - Starting service [Tomcat]
2019-10-17 23:11:02 [restartedMain] [INFO] o.a.catalina.core.StandardEngine - Starting Servlet engine: [Apache Tomcat/9.0.26]
2019-10-17 23:11:03 [restartedMain] [INFO] o.a.c.c.C.[Tomcat].[localhost].[/] - Initializing Spring embedded WebApplicationContext
2019-10-17 23:11:03 [restartedMain] [INFO] o.s.web.context.ContextLoader - Root WebApplicationContext: initialization completed in 1217 ms
2019-10-17 23:11:03 [restartedMain] [DEBUG] o.m.spring.SqlSessionFactoryBean - Parsed configuration file: 'class path resource [mybatis/mybatis_config.xml]'
2019-10-17 23:11:03 [restartedMain] [DEBUG] o.m.spring.SqlSessionFactoryBean - Parsed mapper file: 'file [D:\Projects\movi\target\classes\mybatis\mapper\imagedao.xml]'
2019-10-17 23:11:03 [restartedMain] [DEBUG] o.m.spring.SqlSessionFactoryBean - Parsed mapper file: 'file [D:\Projects\movi\target\classes\mybatis\mapper\movitypedao.xml]'
2019-10-17 23:11:03 [restartedMain] [DEBUG] o.m.spring.SqlSessionFactoryBean - Parsed mapper file: 'file [D:\Projects\movi\target\classes\mybatis\mapper\roledao.xml]'
2019-10-17 23:11:03 [restartedMain] [DEBUG] o.m.spring.SqlSessionFactoryBean - Parsed mapper file: 'file [D:\Projects\movi\target\classes\mybatis\mapper\typedao.xml]'
2019-10-17 23:11:03 [restartedMain] [INFO] o.s.s.c.ThreadPoolTaskExecutor - Initializing ExecutorService 'applicationTaskExecutor'
2019-10-17 23:11:03 [restartedMain] [INFO] o.s.b.a.w.s.WelcomePageHandlerMapping - Adding welcome page template: index
2019-10-17 23:11:03 [restartedMain] [WARN] o.t.templatemode.TemplateMode - [THYMELEAF][restartedMain] Template Mode 'LEGACYHTML5' is deprecated. Using Template Mode 'HTML' instead.
2019-10-17 23:11:03 [restartedMain] [DEBUG] o.m.s.b.a.MybatisAutoConfiguration - Not found configuration for registering mapper bean using @MapperScan, MapperFactoryBean and MapperScannerConfigurer.
2019-10-17 23:11:04 [restartedMain] [INFO] o.s.b.d.a.OptionalLiveReloadServer - LiveReload server is running on port 35729
2019-10-17 23:11:04 [restartedMain] [INFO] o.a.coyote.http11.Http11NioProtocol - Starting ProtocolHandler ["http-nio-8080"]
2019-10-17 23:11:04 [restartedMain] [INFO] o.s.b.w.e.tomcat.TomcatWebServer - Tomcat started on port(s): 8080 (http) with context path ''
2019-10-17 23:11:04 [restartedMain] [INFO] com.spring.movi.MoviApplication - Started MoviApplication in 2.934 seconds (JVM running for 4.913)
2019-10-17 23:11:21 [http-nio-8080-exec-1] [INFO] o.a.c.c.C.[Tomcat].[localhost].[/] - Initializing Spring DispatcherServlet 'dispatcherServlet'
2019-10-17 23:11:21 [http-nio-8080-exec-1] [INFO] o.s.web.servlet.DispatcherServlet - Initializing Servlet 'dispatcherServlet'
2019-10-17 23:11:21 [http-nio-8080-exec-1] [INFO] o.s.web.servlet.DispatcherServlet - Completed initialization in 5 ms
2019-10-17 23:11:26 [http-nio-8080-exec-1] [DEBUG] org.mybatis.spring.SqlSessionUtils - Creating a new SqlSession
2019-10-17 23:11:26 [http-nio-8080-exec-1] [DEBUG] org.mybatis.spring.SqlSessionUtils - SqlSession [org.apache.ibatis.session.defaults.DefaultSqlSession@2642e874] was not registered for synchronization because synchronization is not active
2019-10-17 23:11:26 [http-nio-8080-exec-1] [INFO] com.zaxxer.hikari.HikariDataSource - HikariPool-1 - Starting...
2019-10-17 23:11:26 [http-nio-8080-exec-1] [INFO] com.zaxxer.hikari.HikariDataSource - HikariPool-1 - Start completed.
2019-10-17 23:11:26 [http-nio-8080-exec-1] [DEBUG] o.m.s.t.SpringManagedTransaction - JDBC Connection [HikariProxyConnection@1477120273 wrapping org.postgresql.jdbc.PgConnection@24be8c2b] will not be managed by Spring
2019-10-17 23:11:26 [http-nio-8080-exec-1] [DEBUG] org.mybatis.spring.SqlSessionUtils - Closing non transactional SqlSession [org.apache.ibatis.session.defaults.DefaultSqlSession@2642e874]
