2019-10-08 22:56:02 [restartedMain] [INFO] com.spring.movi.MoviApplication - Starting MoviApplication on DESKTOP-SSTPOFF with PID 15956 (D:\Projects\movi\target\classes started by Eanda in D:\Projects\movi)
2019-10-08 22:56:02 [restartedMain] [INFO] com.spring.movi.MoviApplication - No active profile set, falling back to default profiles: default
2019-10-08 22:56:02 [restartedMain] [INFO] o.s.b.d.e.DevToolsPropertyDefaultsPostProcessor - Devtools property defaults active! Set 'spring.devtools.add-properties' to 'false' to disable
2019-10-08 22:56:02 [restartedMain] [INFO] o.s.b.d.e.DevToolsPropertyDefaultsPostProcessor - For additional web related logging consider setting the 'logging.level.web' property to 'DEBUG'
2019-10-08 22:56:03 [restartedMain] [DEBUG] o.m.s.b.a.MybatisAutoConfiguration - Searching for mappers annotated with @Mapper
2019-10-08 22:56:03 [restartedMain] [DEBUG] o.m.s.b.a.MybatisAutoConfiguration - Using auto-configuration base package 'com.spring.movi'
2019-10-08 22:56:03 [restartedMain] [DEBUG] o.m.s.mapper.ClassPathMapperScanner - Identified candidate component class: file [D:\Projects\movi\target\classes\com\spring\movi\dao\MoviTypeDAO.class]
2019-10-08 22:56:03 [restartedMain] [DEBUG] o.m.s.mapper.ClassPathMapperScanner - Identified candidate component class: file [D:\Projects\movi\target\classes\com\spring\movi\dao\TypeDAO.class]
2019-10-08 22:56:03 [restartedMain] [DEBUG] o.m.s.mapper.ClassPathMapperScanner - Creating MapperFactoryBean with name 'moviTypeDAO' and 'com.spring.movi.dao.MoviTypeDAO' mapperInterface
2019-10-08 22:56:03 [restartedMain] [DEBUG] o.m.s.mapper.ClassPathMapperScanner - Enabling autowire by type for MapperFactoryBean with name 'moviTypeDAO'.
2019-10-08 22:56:03 [restartedMain] [DEBUG] o.m.s.mapper.ClassPathMapperScanner - Creating MapperFactoryBean with name 'typeDAO' and 'com.spring.movi.dao.TypeDAO' mapperInterface
2019-10-08 22:56:03 [restartedMain] [DEBUG] o.m.s.mapper.ClassPathMapperScanner - Enabling autowire by type for MapperFactoryBean with name 'typeDAO'.
2019-10-08 22:56:03 [restartedMain] [INFO] o.s.b.w.e.tomcat.TomcatWebServer - Tomcat initialized with port(s): 8080 (http)
2019-10-08 22:56:03 [restartedMain] [INFO] o.a.coyote.http11.Http11NioProtocol - Initializing ProtocolHandler ["http-nio-8080"]
2019-10-08 22:56:03 [restartedMain] [INFO] o.a.catalina.core.StandardService - Starting service [Tomcat]
2019-10-08 22:56:03 [restartedMain] [INFO] o.a.catalina.core.StandardEngine - Starting Servlet engine: [Apache Tomcat/9.0.26]
2019-10-08 22:56:03 [restartedMain] [INFO] o.a.c.c.C.[Tomcat].[localhost].[/] - Initializing Spring embedded WebApplicationContext
2019-10-08 22:56:03 [restartedMain] [INFO] o.s.web.context.ContextLoader - Root WebApplicationContext: initialization completed in 1219 ms
2019-10-08 22:56:04 [restartedMain] [DEBUG] o.m.spring.SqlSessionFactoryBean - Parsed configuration file: 'class path resource [mybatis/mybatis_config.xml]'
2019-10-08 22:56:04 [restartedMain] [DEBUG] o.m.spring.SqlSessionFactoryBean - Parsed mapper file: 'file [D:\Projects\movi\target\classes\mybatis\mapper\movitypedao.xml]'
2019-10-08 22:56:04 [restartedMain] [DEBUG] o.m.spring.SqlSessionFactoryBean - Parsed mapper file: 'file [D:\Projects\movi\target\classes\mybatis\mapper\typedao.xml]'
2019-10-08 22:56:04 [restartedMain] [INFO] o.s.s.c.ThreadPoolTaskExecutor - Initializing ExecutorService 'applicationTaskExecutor'
2019-10-08 22:56:04 [restartedMain] [INFO] o.s.b.a.w.s.WelcomePageHandlerMapping - Adding welcome page template: index
2019-10-08 22:56:04 [restartedMain] [WARN] o.t.templatemode.TemplateMode - [THYMELEAF][restartedMain] Template Mode 'LEGACYHTML5' is deprecated. Using Template Mode 'HTML' instead.
2019-10-08 22:56:04 [restartedMain] [DEBUG] o.m.s.b.a.MybatisAutoConfiguration - Not found configuration for registering mapper bean using @MapperScan, MapperFactoryBean and MapperScannerConfigurer.
2019-10-08 22:56:07 [restartedMain] [INFO] o.s.b.d.a.OptionalLiveReloadServer - LiveReload server is running on port 35729
2019-10-08 22:56:07 [restartedMain] [INFO] o.a.coyote.http11.Http11NioProtocol - Starting ProtocolHandler ["http-nio-8080"]
2019-10-08 22:56:07 [restartedMain] [INFO] o.s.b.w.e.tomcat.TomcatWebServer - Tomcat started on port(s): 8080 (http) with context path ''
2019-10-08 22:56:07 [restartedMain] [INFO] com.spring.movi.MoviApplication - Started MoviApplication in 4.827 seconds (JVM running for 7.994)
2019-10-08 22:56:27 [http-nio-8080-exec-1] [INFO] o.a.c.c.C.[Tomcat].[localhost].[/] - Initializing Spring DispatcherServlet 'dispatcherServlet'
2019-10-08 22:56:27 [http-nio-8080-exec-1] [INFO] o.s.web.servlet.DispatcherServlet - Initializing Servlet 'dispatcherServlet'
2019-10-08 22:56:27 [http-nio-8080-exec-1] [INFO] o.s.web.servlet.DispatcherServlet - Completed initialization in 6 ms
2019-10-08 22:56:27 [http-nio-8080-exec-1] [WARN] n.n.u.t.d.DecoratorProcessor - The layout:decorator/data-layout-decorator processor has been deprecated and will be removed in the next major version of the layout dialect.  Please use layout:decorate/data-layout-decorate instead to future-proof your code.  See https://github.com/ultraq/thymeleaf-layout-dialect/issues/95 for more information.
2019-10-08 22:56:27 [http-nio-8080-exec-1] [WARN] n.n.u.t.e.ExpressionProcessor - Fragment expression "admin/layout/default" is being wrapped as a Thymeleaf 3 fragment expression (~{...}) for backwards compatibility purposes.  This wrapping will be dropped in the next major version of the expression processor, so please rewrite as a Thymeleaf 3 fragment expression to future-proof your code.  See https://github.com/thymeleaf/thymeleaf/issues/451 for more information.
2019-10-08 22:56:28 [http-nio-8080-exec-10] [DEBUG] org.mybatis.spring.SqlSessionUtils - Creating a new SqlSession
2019-10-08 22:56:28 [http-nio-8080-exec-10] [DEBUG] org.mybatis.spring.SqlSessionUtils - SqlSession [org.apache.ibatis.session.defaults.DefaultSqlSession@42050db7] was not registered for synchronization because synchronization is not active
2019-10-08 22:56:28 [http-nio-8080-exec-10] [INFO] com.zaxxer.hikari.HikariDataSource - HikariPool-1 - Starting...
2019-10-08 22:56:28 [http-nio-8080-exec-10] [INFO] com.zaxxer.hikari.HikariDataSource - HikariPool-1 - Start completed.
2019-10-08 22:56:28 [http-nio-8080-exec-10] [DEBUG] o.m.s.t.SpringManagedTransaction - JDBC Connection [HikariProxyConnection@1533371629 wrapping org.postgresql.jdbc.PgConnection@41559b48] will not be managed by Spring
2019-10-08 22:56:28 [http-nio-8080-exec-10] [DEBUG] org.mybatis.spring.SqlSessionUtils - Closing non transactional SqlSession [org.apache.ibatis.session.defaults.DefaultSqlSession@42050db7]
2019-10-08 22:56:39 [http-nio-8080-exec-3] [DEBUG] org.mybatis.spring.SqlSessionUtils - Creating a new SqlSession
2019-10-08 22:56:39 [http-nio-8080-exec-3] [DEBUG] org.mybatis.spring.SqlSessionUtils - SqlSession [org.apache.ibatis.session.defaults.DefaultSqlSession@3609bdfb] was not registered for synchronization because synchronization is not active
2019-10-08 22:56:39 [http-nio-8080-exec-3] [DEBUG] o.m.s.t.SpringManagedTransaction - JDBC Connection [HikariProxyConnection@1793137367 wrapping org.postgresql.jdbc.PgConnection@41559b48] will not be managed by Spring
2019-10-08 22:56:39 [http-nio-8080-exec-3] [DEBUG] org.mybatis.spring.SqlSessionUtils - Closing non transactional SqlSession [org.apache.ibatis.session.defaults.DefaultSqlSession@3609bdfb]
2019-10-08 22:56:46 [http-nio-8080-exec-10] [DEBUG] org.mybatis.spring.SqlSessionUtils - Creating a new SqlSession
2019-10-08 22:56:46 [http-nio-8080-exec-10] [DEBUG] org.mybatis.spring.SqlSessionUtils - SqlSession [org.apache.ibatis.session.defaults.DefaultSqlSession@1bccb19d] was not registered for synchronization because synchronization is not active
2019-10-08 22:56:46 [http-nio-8080-exec-10] [DEBUG] o.m.s.t.SpringManagedTransaction - JDBC Connection [HikariProxyConnection@830965420 wrapping org.postgresql.jdbc.PgConnection@41559b48] will not be managed by Spring
2019-10-08 22:56:47 [http-nio-8080-exec-10] [DEBUG] org.mybatis.spring.SqlSessionUtils - Closing non transactional SqlSession [org.apache.ibatis.session.defaults.DefaultSqlSession@1bccb19d]
2019-10-08 22:56:50 [http-nio-8080-exec-4] [DEBUG] org.mybatis.spring.SqlSessionUtils - Creating a new SqlSession
2019-10-08 22:56:50 [http-nio-8080-exec-4] [DEBUG] org.mybatis.spring.SqlSessionUtils - SqlSession [org.apache.ibatis.session.defaults.DefaultSqlSession@ca4a3e0] was not registered for synchronization because synchronization is not active
2019-10-08 22:56:50 [http-nio-8080-exec-4] [DEBUG] o.m.s.t.SpringManagedTransaction - JDBC Connection [HikariProxyConnection@401930504 wrapping org.postgresql.jdbc.PgConnection@41559b48] will not be managed by Spring
2019-10-08 22:56:50 [http-nio-8080-exec-4] [DEBUG] org.mybatis.spring.SqlSessionUtils - Closing non transactional SqlSession [org.apache.ibatis.session.defaults.DefaultSqlSession@ca4a3e0]
2019-10-08 22:59:05 [restartedMain] [INFO] com.spring.movi.MoviApplication - Starting MoviApplication on DESKTOP-SSTPOFF with PID 9032 (D:\Projects\movi\target\classes started by Eanda in D:\Projects\movi)
2019-10-08 22:59:05 [restartedMain] [INFO] com.spring.movi.MoviApplication - No active profile set, falling back to default profiles: default
2019-10-08 22:59:05 [restartedMain] [INFO] o.s.b.d.e.DevToolsPropertyDefaultsPostProcessor - Devtools property defaults active! Set 'spring.devtools.add-properties' to 'false' to disable
2019-10-08 22:59:05 [restartedMain] [INFO] o.s.b.d.e.DevToolsPropertyDefaultsPostProcessor - For additional web related logging consider setting the 'logging.level.web' property to 'DEBUG'
2019-10-08 22:59:06 [restartedMain] [DEBUG] o.m.s.b.a.MybatisAutoConfiguration - Searching for mappers annotated with @Mapper
2019-10-08 22:59:06 [restartedMain] [DEBUG] o.m.s.b.a.MybatisAutoConfiguration - Using auto-configuration base package 'com.spring.movi'
2019-10-08 22:59:06 [restartedMain] [DEBUG] o.m.s.mapper.ClassPathMapperScanner - Identified candidate component class: file [D:\Projects\movi\target\classes\com\spring\movi\dao\MoviTypeDAO.class]
2019-10-08 22:59:06 [restartedMain] [DEBUG] o.m.s.mapper.ClassPathMapperScanner - Identified candidate component class: file [D:\Projects\movi\target\classes\com\spring\movi\dao\TypeDAO.class]
2019-10-08 22:59:06 [restartedMain] [DEBUG] o.m.s.mapper.ClassPathMapperScanner - Creating MapperFactoryBean with name 'moviTypeDAO' and 'com.spring.movi.dao.MoviTypeDAO' mapperInterface
2019-10-08 22:59:06 [restartedMain] [DEBUG] o.m.s.mapper.ClassPathMapperScanner - Enabling autowire by type for MapperFactoryBean with name 'moviTypeDAO'.
2019-10-08 22:59:06 [restartedMain] [DEBUG] o.m.s.mapper.ClassPathMapperScanner - Creating MapperFactoryBean with name 'typeDAO' and 'com.spring.movi.dao.TypeDAO' mapperInterface
2019-10-08 22:59:06 [restartedMain] [DEBUG] o.m.s.mapper.ClassPathMapperScanner - Enabling autowire by type for MapperFactoryBean with name 'typeDAO'.
2019-10-08 22:59:06 [restartedMain] [INFO] o.s.b.w.e.tomcat.TomcatWebServer - Tomcat initialized with port(s): 8080 (http)
2019-10-08 22:59:06 [restartedMain] [INFO] o.a.coyote.http11.Http11NioProtocol - Initializing ProtocolHandler ["http-nio-8080"]
2019-10-08 22:59:06 [restartedMain] [INFO] o.a.catalina.core.StandardService - Starting service [Tomcat]
2019-10-08 22:59:06 [restartedMain] [INFO] o.a.catalina.core.StandardEngine - Starting Servlet engine: [Apache Tomcat/9.0.26]
2019-10-08 22:59:06 [restartedMain] [INFO] o.a.c.c.C.[Tomcat].[localhost].[/] - Initializing Spring embedded WebApplicationContext
2019-10-08 22:59:06 [restartedMain] [INFO] o.s.web.context.ContextLoader - Root WebApplicationContext: initialization completed in 1134 ms
2019-10-08 22:59:07 [restartedMain] [DEBUG] o.m.spring.SqlSessionFactoryBean - Parsed configuration file: 'class path resource [mybatis/mybatis_config.xml]'
2019-10-08 22:59:07 [restartedMain] [DEBUG] o.m.spring.SqlSessionFactoryBean - Parsed mapper file: 'file [D:\Projects\movi\target\classes\mybatis\mapper\movitypedao.xml]'
2019-10-08 22:59:07 [restartedMain] [DEBUG] o.m.spring.SqlSessionFactoryBean - Parsed mapper file: 'file [D:\Projects\movi\target\classes\mybatis\mapper\typedao.xml]'
2019-10-08 22:59:07 [restartedMain] [INFO] o.s.s.c.ThreadPoolTaskExecutor - Initializing ExecutorService 'applicationTaskExecutor'
2019-10-08 22:59:07 [restartedMain] [INFO] o.s.b.a.w.s.WelcomePageHandlerMapping - Adding welcome page template: index
2019-10-08 22:59:07 [restartedMain] [WARN] o.t.templatemode.TemplateMode - [THYMELEAF][restartedMain] Template Mode 'LEGACYHTML5' is deprecated. Using Template Mode 'HTML' instead.
2019-10-08 22:59:07 [restartedMain] [DEBUG] o.m.s.b.a.MybatisAutoConfiguration - Not found configuration for registering mapper bean using @MapperScan, MapperFactoryBean and MapperScannerConfigurer.
2019-10-08 22:59:07 [restartedMain] [INFO] o.s.b.d.a.OptionalLiveReloadServer - LiveReload server is running on port 35729
2019-10-08 22:59:07 [restartedMain] [INFO] o.a.coyote.http11.Http11NioProtocol - Starting ProtocolHandler ["http-nio-8080"]
2019-10-08 22:59:07 [restartedMain] [INFO] o.s.b.w.e.tomcat.TomcatWebServer - Tomcat started on port(s): 8080 (http) with context path ''
2019-10-08 22:59:07 [restartedMain] [INFO] com.spring.movi.MoviApplication - Started MoviApplication in 2.677 seconds (JVM running for 4.295)
2019-10-08 22:59:38 [http-nio-8080-exec-1] [INFO] o.a.c.c.C.[Tomcat].[localhost].[/] - Initializing Spring DispatcherServlet 'dispatcherServlet'
2019-10-08 22:59:38 [http-nio-8080-exec-1] [INFO] o.s.web.servlet.DispatcherServlet - Initializing Servlet 'dispatcherServlet'
2019-10-08 22:59:38 [http-nio-8080-exec-1] [INFO] o.s.web.servlet.DispatcherServlet - Completed initialization in 4 ms
2019-10-08 22:59:38 [http-nio-8080-exec-1] [WARN] n.n.u.t.d.DecoratorProcessor - The layout:decorator/data-layout-decorator processor has been deprecated and will be removed in the next major version of the layout dialect.  Please use layout:decorate/data-layout-decorate instead to future-proof your code.  See https://github.com/ultraq/thymeleaf-layout-dialect/issues/95 for more information.
2019-10-08 22:59:38 [http-nio-8080-exec-1] [WARN] n.n.u.t.e.ExpressionProcessor - Fragment expression "admin/layout/default" is being wrapped as a Thymeleaf 3 fragment expression (~{...}) for backwards compatibility purposes.  This wrapping will be dropped in the next major version of the expression processor, so please rewrite as a Thymeleaf 3 fragment expression to future-proof your code.  See https://github.com/thymeleaf/thymeleaf/issues/451 for more information.
2019-10-08 22:59:39 [http-nio-8080-exec-1] [DEBUG] org.mybatis.spring.SqlSessionUtils - Creating a new SqlSession
2019-10-08 22:59:39 [http-nio-8080-exec-1] [DEBUG] org.mybatis.spring.SqlSessionUtils - SqlSession [org.apache.ibatis.session.defaults.DefaultSqlSession@30af11a0] was not registered for synchronization because synchronization is not active
2019-10-08 22:59:39 [http-nio-8080-exec-1] [INFO] com.zaxxer.hikari.HikariDataSource - HikariPool-1 - Starting...
2019-10-08 22:59:39 [http-nio-8080-exec-1] [INFO] com.zaxxer.hikari.HikariDataSource - HikariPool-1 - Start completed.
2019-10-08 22:59:39 [http-nio-8080-exec-1] [DEBUG] o.m.s.t.SpringManagedTransaction - JDBC Connection [HikariProxyConnection@1073347385 wrapping org.postgresql.jdbc.PgConnection@2dc8ead0] will not be managed by Spring
2019-10-08 22:59:39 [http-nio-8080-exec-1] [DEBUG] org.mybatis.spring.SqlSessionUtils - Closing non transactional SqlSession [org.apache.ibatis.session.defaults.DefaultSqlSession@30af11a0]
2019-10-08 23:01:08 [http-nio-8080-exec-3] [DEBUG] org.mybatis.spring.SqlSessionUtils - Creating a new SqlSession
2019-10-08 23:01:08 [http-nio-8080-exec-3] [DEBUG] org.mybatis.spring.SqlSessionUtils - SqlSession [org.apache.ibatis.session.defaults.DefaultSqlSession@455ac540] was not registered for synchronization because synchronization is not active
2019-10-08 23:01:08 [http-nio-8080-exec-3] [DEBUG] o.m.s.t.SpringManagedTransaction - JDBC Connection [HikariProxyConnection@887080486 wrapping org.postgresql.jdbc.PgConnection@2dc8ead0] will not be managed by Spring
2019-10-08 23:01:08 [http-nio-8080-exec-3] [DEBUG] org.mybatis.spring.SqlSessionUtils - Closing non transactional SqlSession [org.apache.ibatis.session.defaults.DefaultSqlSession@455ac540]
2019-10-08 23:01:19 [restartedMain] [INFO] com.spring.movi.MoviApplication - Starting MoviApplication on DESKTOP-SSTPOFF with PID 2704 (D:\Projects\movi\target\classes started by Eanda in D:\Projects\movi)
2019-10-08 23:01:19 [restartedMain] [INFO] com.spring.movi.MoviApplication - No active profile set, falling back to default profiles: default
2019-10-08 23:01:20 [restartedMain] [INFO] o.s.b.d.e.DevToolsPropertyDefaultsPostProcessor - Devtools property defaults active! Set 'spring.devtools.add-properties' to 'false' to disable
2019-10-08 23:01:20 [restartedMain] [INFO] o.s.b.d.e.DevToolsPropertyDefaultsPostProcessor - For additional web related logging consider setting the 'logging.level.web' property to 'DEBUG'
2019-10-08 23:01:20 [restartedMain] [DEBUG] o.m.s.b.a.MybatisAutoConfiguration - Searching for mappers annotated with @Mapper
2019-10-08 23:01:20 [restartedMain] [DEBUG] o.m.s.b.a.MybatisAutoConfiguration - Using auto-configuration base package 'com.spring.movi'
2019-10-08 23:01:20 [restartedMain] [DEBUG] o.m.s.mapper.ClassPathMapperScanner - Identified candidate component class: file [D:\Projects\movi\target\classes\com\spring\movi\dao\MoviTypeDAO.class]
2019-10-08 23:01:20 [restartedMain] [DEBUG] o.m.s.mapper.ClassPathMapperScanner - Identified candidate component class: file [D:\Projects\movi\target\classes\com\spring\movi\dao\TypeDAO.class]
2019-10-08 23:01:20 [restartedMain] [DEBUG] o.m.s.mapper.ClassPathMapperScanner - Creating MapperFactoryBean with name 'moviTypeDAO' and 'com.spring.movi.dao.MoviTypeDAO' mapperInterface
2019-10-08 23:01:20 [restartedMain] [DEBUG] o.m.s.mapper.ClassPathMapperScanner - Enabling autowire by type for MapperFactoryBean with name 'moviTypeDAO'.
2019-10-08 23:01:20 [restartedMain] [DEBUG] o.m.s.mapper.ClassPathMapperScanner - Creating MapperFactoryBean with name 'typeDAO' and 'com.spring.movi.dao.TypeDAO' mapperInterface
2019-10-08 23:01:20 [restartedMain] [DEBUG] o.m.s.mapper.ClassPathMapperScanner - Enabling autowire by type for MapperFactoryBean with name 'typeDAO'.
2019-10-08 23:01:20 [restartedMain] [INFO] o.s.b.w.e.tomcat.TomcatWebServer - Tomcat initialized with port(s): 8080 (http)
2019-10-08 23:01:21 [restartedMain] [INFO] o.a.coyote.http11.Http11NioProtocol - Initializing ProtocolHandler ["http-nio-8080"]
2019-10-08 23:01:21 [restartedMain] [INFO] o.a.catalina.core.StandardService - Starting service [Tomcat]
2019-10-08 23:01:21 [restartedMain] [INFO] o.a.catalina.core.StandardEngine - Starting Servlet engine: [Apache Tomcat/9.0.26]
2019-10-08 23:01:21 [restartedMain] [INFO] o.a.c.c.C.[Tomcat].[localhost].[/] - Initializing Spring embedded WebApplicationContext
2019-10-08 23:01:21 [restartedMain] [INFO] o.s.web.context.ContextLoader - Root WebApplicationContext: initialization completed in 1016 ms
2019-10-08 23:01:21 [restartedMain] [DEBUG] o.m.spring.SqlSessionFactoryBean - Parsed configuration file: 'class path resource [mybatis/mybatis_config.xml]'
2019-10-08 23:01:21 [restartedMain] [DEBUG] o.m.spring.SqlSessionFactoryBean - Parsed mapper file: 'file [D:\Projects\movi\target\classes\mybatis\mapper\movitypedao.xml]'
2019-10-08 23:01:21 [restartedMain] [DEBUG] o.m.spring.SqlSessionFactoryBean - Parsed mapper file: 'file [D:\Projects\movi\target\classes\mybatis\mapper\typedao.xml]'
2019-10-08 23:01:21 [restartedMain] [INFO] o.s.s.c.ThreadPoolTaskExecutor - Initializing ExecutorService 'applicationTaskExecutor'
2019-10-08 23:01:21 [restartedMain] [INFO] o.s.b.a.w.s.WelcomePageHandlerMapping - Adding welcome page template: index
2019-10-08 23:01:21 [restartedMain] [WARN] o.t.templatemode.TemplateMode - [THYMELEAF][restartedMain] Template Mode 'LEGACYHTML5' is deprecated. Using Template Mode 'HTML' instead.
2019-10-08 23:01:21 [restartedMain] [DEBUG] o.m.s.b.a.MybatisAutoConfiguration - Not found configuration for registering mapper bean using @MapperScan, MapperFactoryBean and MapperScannerConfigurer.
2019-10-08 23:01:22 [restartedMain] [INFO] o.s.b.d.a.OptionalLiveReloadServer - LiveReload server is running on port 35729
2019-10-08 23:01:22 [restartedMain] [INFO] o.a.coyote.http11.Http11NioProtocol - Starting ProtocolHandler ["http-nio-8080"]
2019-10-08 23:01:22 [restartedMain] [INFO] o.s.b.w.e.tomcat.TomcatWebServer - Tomcat started on port(s): 8080 (http) with context path ''
2019-10-08 23:01:22 [restartedMain] [INFO] com.spring.movi.MoviApplication - Started MoviApplication in 2.39 seconds (JVM running for 4.767)
2019-10-08 23:01:34 [http-nio-8080-exec-1] [INFO] o.a.c.c.C.[Tomcat].[localhost].[/] - Initializing Spring DispatcherServlet 'dispatcherServlet'
2019-10-08 23:01:34 [http-nio-8080-exec-1] [INFO] o.s.web.servlet.DispatcherServlet - Initializing Servlet 'dispatcherServlet'
2019-10-08 23:01:34 [http-nio-8080-exec-1] [INFO] o.s.web.servlet.DispatcherServlet - Completed initialization in 5 ms
2019-10-08 23:01:34 [http-nio-8080-exec-1] [WARN] n.n.u.t.d.DecoratorProcessor - The layout:decorator/data-layout-decorator processor has been deprecated and will be removed in the next major version of the layout dialect.  Please use layout:decorate/data-layout-decorate instead to future-proof your code.  See https://github.com/ultraq/thymeleaf-layout-dialect/issues/95 for more information.
2019-10-08 23:01:35 [http-nio-8080-exec-1] [WARN] n.n.u.t.e.ExpressionProcessor - Fragment expression "admin/layout/default" is being wrapped as a Thymeleaf 3 fragment expression (~{...}) for backwards compatibility purposes.  This wrapping will be dropped in the next major version of the expression processor, so please rewrite as a Thymeleaf 3 fragment expression to future-proof your code.  See https://github.com/thymeleaf/thymeleaf/issues/451 for more information.
2019-10-08 23:01:35 [http-nio-8080-exec-7] [DEBUG] org.mybatis.spring.SqlSessionUtils - Creating a new SqlSession
2019-10-08 23:01:35 [http-nio-8080-exec-7] [DEBUG] org.mybatis.spring.SqlSessionUtils - SqlSession [org.apache.ibatis.session.defaults.DefaultSqlSession@21b39bf] was not registered for synchronization because synchronization is not active
2019-10-08 23:01:35 [http-nio-8080-exec-7] [INFO] com.zaxxer.hikari.HikariDataSource - HikariPool-1 - Starting...
2019-10-08 23:01:35 [http-nio-8080-exec-7] [INFO] com.zaxxer.hikari.HikariDataSource - HikariPool-1 - Start completed.
2019-10-08 23:01:35 [http-nio-8080-exec-7] [DEBUG] o.m.s.t.SpringManagedTransaction - JDBC Connection [HikariProxyConnection@1809035485 wrapping org.postgresql.jdbc.PgConnection@7522078d] will not be managed by Spring
2019-10-08 23:01:35 [http-nio-8080-exec-7] [DEBUG] org.mybatis.spring.SqlSessionUtils - Closing non transactional SqlSession [org.apache.ibatis.session.defaults.DefaultSqlSession@21b39bf]
2019-10-08 23:01:47 [http-nio-8080-exec-9] [DEBUG] org.mybatis.spring.SqlSessionUtils - Creating a new SqlSession
2019-10-08 23:01:47 [http-nio-8080-exec-9] [DEBUG] org.mybatis.spring.SqlSessionUtils - SqlSession [org.apache.ibatis.session.defaults.DefaultSqlSession@54ce1593] was not registered for synchronization because synchronization is not active
2019-10-08 23:01:47 [http-nio-8080-exec-9] [DEBUG] o.m.s.t.SpringManagedTransaction - JDBC Connection [HikariProxyConnection@1111302613 wrapping org.postgresql.jdbc.PgConnection@7522078d] will not be managed by Spring
2019-10-08 23:01:47 [http-nio-8080-exec-9] [DEBUG] org.mybatis.spring.SqlSessionUtils - Closing non transactional SqlSession [org.apache.ibatis.session.defaults.DefaultSqlSession@54ce1593]
2019-10-08 23:03:13 [restartedMain] [INFO] com.spring.movi.MoviApplication - Starting MoviApplication on DESKTOP-SSTPOFF with PID 4140 (D:\Projects\movi\target\classes started by Eanda in D:\Projects\movi)
2019-10-08 23:03:13 [restartedMain] [INFO] com.spring.movi.MoviApplication - No active profile set, falling back to default profiles: default
2019-10-08 23:03:13 [restartedMain] [INFO] o.s.b.d.e.DevToolsPropertyDefaultsPostProcessor - Devtools property defaults active! Set 'spring.devtools.add-properties' to 'false' to disable
2019-10-08 23:03:13 [restartedMain] [INFO] o.s.b.d.e.DevToolsPropertyDefaultsPostProcessor - For additional web related logging consider setting the 'logging.level.web' property to 'DEBUG'
2019-10-08 23:03:14 [restartedMain] [DEBUG] o.m.s.b.a.MybatisAutoConfiguration - Searching for mappers annotated with @Mapper
2019-10-08 23:03:14 [restartedMain] [DEBUG] o.m.s.b.a.MybatisAutoConfiguration - Using auto-configuration base package 'com.spring.movi'
2019-10-08 23:03:14 [restartedMain] [DEBUG] o.m.s.mapper.ClassPathMapperScanner - Identified candidate component class: file [D:\Projects\movi\target\classes\com\spring\movi\dao\MoviTypeDAO.class]
2019-10-08 23:03:14 [restartedMain] [DEBUG] o.m.s.mapper.ClassPathMapperScanner - Identified candidate component class: file [D:\Projects\movi\target\classes\com\spring\movi\dao\TypeDAO.class]
2019-10-08 23:03:14 [restartedMain] [DEBUG] o.m.s.mapper.ClassPathMapperScanner - Creating MapperFactoryBean with name 'moviTypeDAO' and 'com.spring.movi.dao.MoviTypeDAO' mapperInterface
2019-10-08 23:03:14 [restartedMain] [DEBUG] o.m.s.mapper.ClassPathMapperScanner - Enabling autowire by type for MapperFactoryBean with name 'moviTypeDAO'.
2019-10-08 23:03:14 [restartedMain] [DEBUG] o.m.s.mapper.ClassPathMapperScanner - Creating MapperFactoryBean with name 'typeDAO' and 'com.spring.movi.dao.TypeDAO' mapperInterface
2019-10-08 23:03:14 [restartedMain] [DEBUG] o.m.s.mapper.ClassPathMapperScanner - Enabling autowire by type for MapperFactoryBean with name 'typeDAO'.
2019-10-08 23:03:14 [restartedMain] [INFO] o.s.b.w.e.tomcat.TomcatWebServer - Tomcat initialized with port(s): 8080 (http)
2019-10-08 23:03:14 [restartedMain] [INFO] o.a.coyote.http11.Http11NioProtocol - Initializing ProtocolHandler ["http-nio-8080"]
2019-10-08 23:03:14 [restartedMain] [INFO] o.a.catalina.core.StandardService - Starting service [Tomcat]
2019-10-08 23:03:14 [restartedMain] [INFO] o.a.catalina.core.StandardEngine - Starting Servlet engine: [Apache Tomcat/9.0.26]
2019-10-08 23:03:14 [restartedMain] [INFO] o.a.c.c.C.[Tomcat].[localhost].[/] - Initializing Spring embedded WebApplicationContext
2019-10-08 23:03:14 [restartedMain] [INFO] o.s.web.context.ContextLoader - Root WebApplicationContext: initialization completed in 1000 ms
2019-10-08 23:03:15 [restartedMain] [DEBUG] o.m.spring.SqlSessionFactoryBean - Parsed configuration file: 'class path resource [mybatis/mybatis_config.xml]'
2019-10-08 23:03:15 [restartedMain] [DEBUG] o.m.spring.SqlSessionFactoryBean - Parsed mapper file: 'file [D:\Projects\movi\target\classes\mybatis\mapper\movitypedao.xml]'
2019-10-08 23:03:15 [restartedMain] [DEBUG] o.m.spring.SqlSessionFactoryBean - Parsed mapper file: 'file [D:\Projects\movi\target\classes\mybatis\mapper\typedao.xml]'
2019-10-08 23:03:15 [restartedMain] [INFO] o.s.s.c.ThreadPoolTaskExecutor - Initializing ExecutorService 'applicationTaskExecutor'
2019-10-08 23:03:15 [restartedMain] [INFO] o.s.b.a.w.s.WelcomePageHandlerMapping - Adding welcome page template: index
2019-10-08 23:03:15 [restartedMain] [WARN] o.t.templatemode.TemplateMode - [THYMELEAF][restartedMain] Template Mode 'LEGACYHTML5' is deprecated. Using Template Mode 'HTML' instead.
2019-10-08 23:03:15 [restartedMain] [DEBUG] o.m.s.b.a.MybatisAutoConfiguration - Not found configuration for registering mapper bean using @MapperScan, MapperFactoryBean and MapperScannerConfigurer.
2019-10-08 23:03:15 [restartedMain] [INFO] o.s.b.d.a.OptionalLiveReloadServer - LiveReload server is running on port 35729
2019-10-08 23:03:15 [restartedMain] [INFO] o.a.coyote.http11.Http11NioProtocol - Starting ProtocolHandler ["http-nio-8080"]
2019-10-08 23:03:16 [restartedMain] [INFO] o.s.b.w.e.tomcat.TomcatWebServer - Tomcat started on port(s): 8080 (http) with context path ''
2019-10-08 23:03:16 [restartedMain] [INFO] com.spring.movi.MoviApplication - Started MoviApplication in 2.384 seconds (JVM running for 4.284)
2019-10-08 23:03:51 [http-nio-8080-exec-1] [INFO] o.a.c.c.C.[Tomcat].[localhost].[/] - Initializing Spring DispatcherServlet 'dispatcherServlet'
2019-10-08 23:03:51 [http-nio-8080-exec-1] [INFO] o.s.web.servlet.DispatcherServlet - Initializing Servlet 'dispatcherServlet'
2019-10-08 23:03:51 [http-nio-8080-exec-1] [INFO] o.s.web.servlet.DispatcherServlet - Completed initialization in 4 ms
2019-10-08 23:03:51 [http-nio-8080-exec-1] [WARN] n.n.u.t.d.DecoratorProcessor - The layout:decorator/data-layout-decorator processor has been deprecated and will be removed in the next major version of the layout dialect.  Please use layout:decorate/data-layout-decorate instead to future-proof your code.  See https://github.com/ultraq/thymeleaf-layout-dialect/issues/95 for more information.
2019-10-08 23:03:51 [http-nio-8080-exec-1] [WARN] n.n.u.t.e.ExpressionProcessor - Fragment expression "admin/layout/default" is being wrapped as a Thymeleaf 3 fragment expression (~{...}) for backwards compatibility purposes.  This wrapping will be dropped in the next major version of the expression processor, so please rewrite as a Thymeleaf 3 fragment expression to future-proof your code.  See https://github.com/thymeleaf/thymeleaf/issues/451 for more information.
2019-10-08 23:03:52 [http-nio-8080-exec-4] [DEBUG] org.mybatis.spring.SqlSessionUtils - Creating a new SqlSession
2019-10-08 23:03:52 [http-nio-8080-exec-4] [DEBUG] org.mybatis.spring.SqlSessionUtils - SqlSession [org.apache.ibatis.session.defaults.DefaultSqlSession@2c08103] was not registered for synchronization because synchronization is not active
2019-10-08 23:03:52 [http-nio-8080-exec-4] [INFO] com.zaxxer.hikari.HikariDataSource - HikariPool-1 - Starting...
2019-10-08 23:03:52 [http-nio-8080-exec-4] [INFO] com.zaxxer.hikari.HikariDataSource - HikariPool-1 - Start completed.
2019-10-08 23:03:52 [http-nio-8080-exec-4] [DEBUG] o.m.s.t.SpringManagedTransaction - JDBC Connection [HikariProxyConnection@759926043 wrapping org.postgresql.jdbc.PgConnection@699c3fc1] will not be managed by Spring
2019-10-08 23:03:52 [http-nio-8080-exec-4] [DEBUG] org.mybatis.spring.SqlSessionUtils - Closing non transactional SqlSession [org.apache.ibatis.session.defaults.DefaultSqlSession@2c08103]
2019-10-08 23:45:19 [restartedMain] [INFO] com.spring.movi.MoviApplication - Starting MoviApplication on DESKTOP-SSTPOFF with PID 8868 (D:\Projects\movi\target\classes started by Eanda in D:\Projects\movi)
2019-10-08 23:45:19 [restartedMain] [INFO] com.spring.movi.MoviApplication - No active profile set, falling back to default profiles: default
2019-10-08 23:45:19 [restartedMain] [INFO] o.s.b.d.e.DevToolsPropertyDefaultsPostProcessor - Devtools property defaults active! Set 'spring.devtools.add-properties' to 'false' to disable
2019-10-08 23:45:19 [restartedMain] [INFO] o.s.b.d.e.DevToolsPropertyDefaultsPostProcessor - For additional web related logging consider setting the 'logging.level.web' property to 'DEBUG'
2019-10-08 23:45:20 [restartedMain] [DEBUG] o.m.s.b.a.MybatisAutoConfiguration - Searching for mappers annotated with @Mapper
2019-10-08 23:45:20 [restartedMain] [DEBUG] o.m.s.b.a.MybatisAutoConfiguration - Using auto-configuration base package 'com.spring.movi'
2019-10-08 23:45:20 [restartedMain] [DEBUG] o.m.s.mapper.ClassPathMapperScanner - Identified candidate component class: file [D:\Projects\movi\target\classes\com\spring\movi\dao\MoviTypeDAO.class]
2019-10-08 23:45:20 [restartedMain] [DEBUG] o.m.s.mapper.ClassPathMapperScanner - Identified candidate component class: file [D:\Projects\movi\target\classes\com\spring\movi\dao\TypeDAO.class]
2019-10-08 23:45:20 [restartedMain] [DEBUG] o.m.s.mapper.ClassPathMapperScanner - Creating MapperFactoryBean with name 'moviTypeDAO' and 'com.spring.movi.dao.MoviTypeDAO' mapperInterface
2019-10-08 23:45:20 [restartedMain] [DEBUG] o.m.s.mapper.ClassPathMapperScanner - Enabling autowire by type for MapperFactoryBean with name 'moviTypeDAO'.
2019-10-08 23:45:20 [restartedMain] [DEBUG] o.m.s.mapper.ClassPathMapperScanner - Creating MapperFactoryBean with name 'typeDAO' and 'com.spring.movi.dao.TypeDAO' mapperInterface
2019-10-08 23:45:20 [restartedMain] [DEBUG] o.m.s.mapper.ClassPathMapperScanner - Enabling autowire by type for MapperFactoryBean with name 'typeDAO'.
2019-10-08 23:45:20 [restartedMain] [INFO] o.s.b.w.e.tomcat.TomcatWebServer - Tomcat initialized with port(s): 8080 (http)
2019-10-08 23:45:20 [restartedMain] [INFO] o.a.coyote.http11.Http11NioProtocol - Initializing ProtocolHandler ["http-nio-8080"]
2019-10-08 23:45:20 [restartedMain] [INFO] o.a.catalina.core.StandardService - Starting service [Tomcat]
2019-10-08 23:45:20 [restartedMain] [INFO] o.a.catalina.core.StandardEngine - Starting Servlet engine: [Apache Tomcat/9.0.26]
2019-10-08 23:45:20 [restartedMain] [INFO] o.a.c.c.C.[Tomcat].[localhost].[/] - Initializing Spring embedded WebApplicationContext
2019-10-08 23:45:20 [restartedMain] [INFO] o.s.web.context.ContextLoader - Root WebApplicationContext: initialization completed in 1124 ms
2019-10-08 23:45:20 [restartedMain] [DEBUG] o.m.spring.SqlSessionFactoryBean - Parsed configuration file: 'class path resource [mybatis/mybatis_config.xml]'
2019-10-08 23:45:21 [restartedMain] [DEBUG] o.m.spring.SqlSessionFactoryBean - Parsed mapper file: 'file [D:\Projects\movi\target\classes\mybatis\mapper\movitypedao.xml]'
2019-10-08 23:45:21 [restartedMain] [DEBUG] o.m.spring.SqlSessionFactoryBean - Parsed mapper file: 'file [D:\Projects\movi\target\classes\mybatis\mapper\typedao.xml]'
2019-10-08 23:45:21 [restartedMain] [INFO] o.s.s.c.ThreadPoolTaskExecutor - Initializing ExecutorService 'applicationTaskExecutor'
2019-10-08 23:45:21 [restartedMain] [INFO] o.s.b.a.w.s.WelcomePageHandlerMapping - Adding welcome page template: index
2019-10-08 23:45:21 [restartedMain] [WARN] o.t.templatemode.TemplateMode - [THYMELEAF][restartedMain] Template Mode 'LEGACYHTML5' is deprecated. Using Template Mode 'HTML' instead.
2019-10-08 23:45:21 [restartedMain] [DEBUG] o.m.s.b.a.MybatisAutoConfiguration - Not found configuration for registering mapper bean using @MapperScan, MapperFactoryBean and MapperScannerConfigurer.
2019-10-08 23:45:21 [restartedMain] [INFO] o.s.b.d.a.OptionalLiveReloadServer - LiveReload server is running on port 35729
2019-10-08 23:45:21 [restartedMain] [INFO] o.a.coyote.http11.Http11NioProtocol - Starting ProtocolHandler ["http-nio-8080"]
2019-10-08 23:45:21 [restartedMain] [INFO] o.s.b.w.e.tomcat.TomcatWebServer - Tomcat started on port(s): 8080 (http) with context path ''
2019-10-08 23:45:21 [restartedMain] [INFO] com.spring.movi.MoviApplication - Started MoviApplication in 2.569 seconds (JVM running for 4.396)
2019-10-08 23:45:58 [restartedMain] [INFO] com.spring.movi.MoviApplication - Starting MoviApplication on DESKTOP-SSTPOFF with PID 8564 (D:\Projects\movi\target\classes started by Eanda in D:\Projects\movi)
2019-10-08 23:45:58 [restartedMain] [INFO] com.spring.movi.MoviApplication - No active profile set, falling back to default profiles: default
2019-10-08 23:45:58 [restartedMain] [INFO] o.s.b.d.e.DevToolsPropertyDefaultsPostProcessor - Devtools property defaults active! Set 'spring.devtools.add-properties' to 'false' to disable
2019-10-08 23:45:58 [restartedMain] [INFO] o.s.b.d.e.DevToolsPropertyDefaultsPostProcessor - For additional web related logging consider setting the 'logging.level.web' property to 'DEBUG'
2019-10-08 23:45:58 [restartedMain] [DEBUG] o.m.s.b.a.MybatisAutoConfiguration - Searching for mappers annotated with @Mapper
2019-10-08 23:45:58 [restartedMain] [DEBUG] o.m.s.b.a.MybatisAutoConfiguration - Using auto-configuration base package 'com.spring.movi'
2019-10-08 23:45:58 [restartedMain] [DEBUG] o.m.s.mapper.ClassPathMapperScanner - Identified candidate component class: file [D:\Projects\movi\target\classes\com\spring\movi\dao\MoviTypeDAO.class]
2019-10-08 23:45:58 [restartedMain] [DEBUG] o.m.s.mapper.ClassPathMapperScanner - Identified candidate component class: file [D:\Projects\movi\target\classes\com\spring\movi\dao\TypeDAO.class]
2019-10-08 23:45:58 [restartedMain] [DEBUG] o.m.s.mapper.ClassPathMapperScanner - Creating MapperFactoryBean with name 'moviTypeDAO' and 'com.spring.movi.dao.MoviTypeDAO' mapperInterface
2019-10-08 23:45:58 [restartedMain] [DEBUG] o.m.s.mapper.ClassPathMapperScanner - Enabling autowire by type for MapperFactoryBean with name 'moviTypeDAO'.
2019-10-08 23:45:58 [restartedMain] [DEBUG] o.m.s.mapper.ClassPathMapperScanner - Creating MapperFactoryBean with name 'typeDAO' and 'com.spring.movi.dao.TypeDAO' mapperInterface
2019-10-08 23:45:58 [restartedMain] [DEBUG] o.m.s.mapper.ClassPathMapperScanner - Enabling autowire by type for MapperFactoryBean with name 'typeDAO'.
2019-10-08 23:45:59 [restartedMain] [INFO] o.s.b.w.e.tomcat.TomcatWebServer - Tomcat initialized with port(s): 8080 (http)
2019-10-08 23:45:59 [restartedMain] [INFO] o.a.coyote.http11.Http11NioProtocol - Initializing ProtocolHandler ["http-nio-8080"]
2019-10-08 23:45:59 [restartedMain] [INFO] o.a.catalina.core.StandardService - Starting service [Tomcat]
2019-10-08 23:45:59 [restartedMain] [INFO] o.a.catalina.core.StandardEngine - Starting Servlet engine: [Apache Tomcat/9.0.26]
2019-10-08 23:45:59 [restartedMain] [INFO] o.a.c.c.C.[Tomcat].[localhost].[/] - Initializing Spring embedded WebApplicationContext
2019-10-08 23:45:59 [restartedMain] [INFO] o.s.web.context.ContextLoader - Root WebApplicationContext: initialization completed in 1007 ms
2019-10-08 23:45:59 [restartedMain] [DEBUG] o.m.spring.SqlSessionFactoryBean - Parsed configuration file: 'class path resource [mybatis/mybatis_config.xml]'
2019-10-08 23:45:59 [restartedMain] [DEBUG] o.m.spring.SqlSessionFactoryBean - Parsed mapper file: 'file [D:\Projects\movi\target\classes\mybatis\mapper\movitypedao.xml]'
2019-10-08 23:45:59 [restartedMain] [DEBUG] o.m.spring.SqlSessionFactoryBean - Parsed mapper file: 'file [D:\Projects\movi\target\classes\mybatis\mapper\typedao.xml]'
2019-10-08 23:45:59 [restartedMain] [INFO] o.s.s.c.ThreadPoolTaskExecutor - Initializing ExecutorService 'applicationTaskExecutor'
2019-10-08 23:45:59 [restartedMain] [INFO] o.s.b.a.w.s.WelcomePageHandlerMapping - Adding welcome page template: index
2019-10-08 23:45:59 [restartedMain] [WARN] o.t.templatemode.TemplateMode - [THYMELEAF][restartedMain] Template Mode 'LEGACYHTML5' is deprecated. Using Template Mode 'HTML' instead.
2019-10-08 23:46:00 [restartedMain] [DEBUG] o.m.s.b.a.MybatisAutoConfiguration - Not found configuration for registering mapper bean using @MapperScan, MapperFactoryBean and MapperScannerConfigurer.
2019-10-08 23:46:00 [restartedMain] [INFO] o.s.b.d.a.OptionalLiveReloadServer - LiveReload server is running on port 35729
2019-10-08 23:46:00 [restartedMain] [INFO] o.a.coyote.http11.Http11NioProtocol - Starting ProtocolHandler ["http-nio-8080"]
2019-10-08 23:46:00 [restartedMain] [INFO] o.s.b.w.e.tomcat.TomcatWebServer - Tomcat started on port(s): 8080 (http) with context path ''
2019-10-08 23:46:00 [restartedMain] [INFO] com.spring.movi.MoviApplication - Started MoviApplication in 2.442 seconds (JVM running for 4.417)
2019-10-08 23:46:15 [http-nio-8080-exec-1] [INFO] o.a.c.c.C.[Tomcat].[localhost].[/] - Initializing Spring DispatcherServlet 'dispatcherServlet'
2019-10-08 23:46:15 [http-nio-8080-exec-1] [INFO] o.s.web.servlet.DispatcherServlet - Initializing Servlet 'dispatcherServlet'
2019-10-08 23:46:15 [http-nio-8080-exec-1] [INFO] o.s.web.servlet.DispatcherServlet - Completed initialization in 18 ms
2019-10-08 23:46:16 [http-nio-8080-exec-1] [WARN] n.n.u.t.d.DecoratorProcessor - The layout:decorator/data-layout-decorator processor has been deprecated and will be removed in the next major version of the layout dialect.  Please use layout:decorate/data-layout-decorate instead to future-proof your code.  See https://github.com/ultraq/thymeleaf-layout-dialect/issues/95 for more information.
2019-10-08 23:46:16 [http-nio-8080-exec-1] [WARN] n.n.u.t.e.ExpressionProcessor - Fragment expression "admin/layout/default" is being wrapped as a Thymeleaf 3 fragment expression (~{...}) for backwards compatibility purposes.  This wrapping will be dropped in the next major version of the expression processor, so please rewrite as a Thymeleaf 3 fragment expression to future-proof your code.  See https://github.com/thymeleaf/thymeleaf/issues/451 for more information.
2019-10-08 23:46:16 [http-nio-8080-exec-2] [DEBUG] org.mybatis.spring.SqlSessionUtils - Creating a new SqlSession
2019-10-08 23:46:16 [http-nio-8080-exec-2] [DEBUG] org.mybatis.spring.SqlSessionUtils - SqlSession [org.apache.ibatis.session.defaults.DefaultSqlSession@a470099] was not registered for synchronization because synchronization is not active
2019-10-08 23:46:16 [http-nio-8080-exec-2] [INFO] com.zaxxer.hikari.HikariDataSource - HikariPool-1 - Starting...
2019-10-08 23:46:17 [http-nio-8080-exec-2] [INFO] com.zaxxer.hikari.HikariDataSource - HikariPool-1 - Start completed.
2019-10-08 23:46:17 [http-nio-8080-exec-2] [DEBUG] o.m.s.t.SpringManagedTransaction - JDBC Connection [HikariProxyConnection@38910421 wrapping org.postgresql.jdbc.PgConnection@4e97c625] will not be managed by Spring
2019-10-08 23:46:17 [http-nio-8080-exec-2] [DEBUG] org.mybatis.spring.SqlSessionUtils - Closing non transactional SqlSession [org.apache.ibatis.session.defaults.DefaultSqlSession@a470099]
2019-10-08 23:47:45 [restartedMain] [INFO] com.spring.movi.MoviApplication - Starting MoviApplication on DESKTOP-SSTPOFF with PID 12496 (D:\Projects\movi\target\classes started by Eanda in D:\Projects\movi)
2019-10-08 23:47:45 [restartedMain] [INFO] com.spring.movi.MoviApplication - No active profile set, falling back to default profiles: default
2019-10-08 23:47:46 [restartedMain] [INFO] o.s.b.d.e.DevToolsPropertyDefaultsPostProcessor - Devtools property defaults active! Set 'spring.devtools.add-properties' to 'false' to disable
2019-10-08 23:47:46 [restartedMain] [INFO] o.s.b.d.e.DevToolsPropertyDefaultsPostProcessor - For additional web related logging consider setting the 'logging.level.web' property to 'DEBUG'
2019-10-08 23:47:46 [restartedMain] [DEBUG] o.m.s.b.a.MybatisAutoConfiguration - Searching for mappers annotated with @Mapper
2019-10-08 23:47:46 [restartedMain] [DEBUG] o.m.s.b.a.MybatisAutoConfiguration - Using auto-configuration base package 'com.spring.movi'
2019-10-08 23:47:46 [restartedMain] [DEBUG] o.m.s.mapper.ClassPathMapperScanner - Identified candidate component class: file [D:\Projects\movi\target\classes\com\spring\movi\dao\MoviTypeDAO.class]
2019-10-08 23:47:46 [restartedMain] [DEBUG] o.m.s.mapper.ClassPathMapperScanner - Identified candidate component class: file [D:\Projects\movi\target\classes\com\spring\movi\dao\TypeDAO.class]
2019-10-08 23:47:46 [restartedMain] [DEBUG] o.m.s.mapper.ClassPathMapperScanner - Creating MapperFactoryBean with name 'moviTypeDAO' and 'com.spring.movi.dao.MoviTypeDAO' mapperInterface
2019-10-08 23:47:46 [restartedMain] [DEBUG] o.m.s.mapper.ClassPathMapperScanner - Enabling autowire by type for MapperFactoryBean with name 'moviTypeDAO'.
2019-10-08 23:47:46 [restartedMain] [DEBUG] o.m.s.mapper.ClassPathMapperScanner - Creating MapperFactoryBean with name 'typeDAO' and 'com.spring.movi.dao.TypeDAO' mapperInterface
2019-10-08 23:47:46 [restartedMain] [DEBUG] o.m.s.mapper.ClassPathMapperScanner - Enabling autowire by type for MapperFactoryBean with name 'typeDAO'.
2019-10-08 23:47:46 [restartedMain] [INFO] o.s.b.w.e.tomcat.TomcatWebServer - Tomcat initialized with port(s): 8080 (http)
2019-10-08 23:47:46 [restartedMain] [INFO] o.a.coyote.http11.Http11NioProtocol - Initializing ProtocolHandler ["http-nio-8080"]
2019-10-08 23:47:46 [restartedMain] [INFO] o.a.catalina.core.StandardService - Starting service [Tomcat]
2019-10-08 23:47:46 [restartedMain] [INFO] o.a.catalina.core.StandardEngine - Starting Servlet engine: [Apache Tomcat/9.0.26]
2019-10-08 23:47:47 [restartedMain] [INFO] o.a.c.c.C.[Tomcat].[localhost].[/] - Initializing Spring embedded WebApplicationContext
2019-10-08 23:47:47 [restartedMain] [INFO] o.s.web.context.ContextLoader - Root WebApplicationContext: initialization completed in 1016 ms
2019-10-08 23:47:47 [restartedMain] [DEBUG] o.m.spring.SqlSessionFactoryBean - Parsed configuration file: 'class path resource [mybatis/mybatis_config.xml]'
2019-10-08 23:47:47 [restartedMain] [DEBUG] o.m.spring.SqlSessionFactoryBean - Parsed mapper file: 'file [D:\Projects\movi\target\classes\mybatis\mapper\movitypedao.xml]'
2019-10-08 23:47:47 [restartedMain] [DEBUG] o.m.spring.SqlSessionFactoryBean - Parsed mapper file: 'file [D:\Projects\movi\target\classes\mybatis\mapper\typedao.xml]'
2019-10-08 23:47:47 [restartedMain] [INFO] o.s.s.c.ThreadPoolTaskExecutor - Initializing ExecutorService 'applicationTaskExecutor'
2019-10-08 23:47:47 [restartedMain] [INFO] o.s.b.a.w.s.WelcomePageHandlerMapping - Adding welcome page template: index
2019-10-08 23:47:47 [restartedMain] [WARN] o.t.templatemode.TemplateMode - [THYMELEAF][restartedMain] Template Mode 'LEGACYHTML5' is deprecated. Using Template Mode 'HTML' instead.
2019-10-08 23:47:47 [restartedMain] [DEBUG] o.m.s.b.a.MybatisAutoConfiguration - Not found configuration for registering mapper bean using @MapperScan, MapperFactoryBean and MapperScannerConfigurer.
2019-10-08 23:47:48 [restartedMain] [INFO] o.s.b.d.a.OptionalLiveReloadServer - LiveReload server is running on port 35729
2019-10-08 23:47:48 [restartedMain] [INFO] o.a.coyote.http11.Http11NioProtocol - Starting ProtocolHandler ["http-nio-8080"]
2019-10-08 23:47:48 [restartedMain] [INFO] o.s.b.w.e.tomcat.TomcatWebServer - Tomcat started on port(s): 8080 (http) with context path ''
2019-10-08 23:47:48 [restartedMain] [INFO] com.spring.movi.MoviApplication - Started MoviApplication in 2.374 seconds (JVM running for 4.516)
2019-10-08 23:48:02 [http-nio-8080-exec-1] [INFO] o.a.c.c.C.[Tomcat].[localhost].[/] - Initializing Spring DispatcherServlet 'dispatcherServlet'
2019-10-08 23:48:02 [http-nio-8080-exec-1] [INFO] o.s.web.servlet.DispatcherServlet - Initializing Servlet 'dispatcherServlet'
2019-10-08 23:48:02 [http-nio-8080-exec-1] [INFO] o.s.web.servlet.DispatcherServlet - Completed initialization in 4 ms
2019-10-08 23:48:02 [http-nio-8080-exec-1] [WARN] n.n.u.t.d.DecoratorProcessor - The layout:decorator/data-layout-decorator processor has been deprecated and will be removed in the next major version of the layout dialect.  Please use layout:decorate/data-layout-decorate instead to future-proof your code.  See https://github.com/ultraq/thymeleaf-layout-dialect/issues/95 for more information.
2019-10-08 23:48:02 [http-nio-8080-exec-1] [WARN] n.n.u.t.e.ExpressionProcessor - Fragment expression "admin/layout/default" is being wrapped as a Thymeleaf 3 fragment expression (~{...}) for backwards compatibility purposes.  This wrapping will be dropped in the next major version of the expression processor, so please rewrite as a Thymeleaf 3 fragment expression to future-proof your code.  See https://github.com/thymeleaf/thymeleaf/issues/451 for more information.
2019-10-08 23:48:03 [http-nio-8080-exec-10] [DEBUG] org.mybatis.spring.SqlSessionUtils - Creating a new SqlSession
2019-10-08 23:48:03 [http-nio-8080-exec-10] [DEBUG] org.mybatis.spring.SqlSessionUtils - SqlSession [org.apache.ibatis.session.defaults.DefaultSqlSession@1162ca30] was not registered for synchronization because synchronization is not active
2019-10-08 23:48:03 [http-nio-8080-exec-10] [INFO] com.zaxxer.hikari.HikariDataSource - HikariPool-1 - Starting...
2019-10-08 23:48:03 [http-nio-8080-exec-10] [INFO] com.zaxxer.hikari.HikariDataSource - HikariPool-1 - Start completed.
2019-10-08 23:48:03 [http-nio-8080-exec-10] [DEBUG] o.m.s.t.SpringManagedTransaction - JDBC Connection [HikariProxyConnection@1260141417 wrapping org.postgresql.jdbc.PgConnection@3c16a8a1] will not be managed by Spring
2019-10-08 23:48:03 [http-nio-8080-exec-10] [DEBUG] org.mybatis.spring.SqlSessionUtils - Closing non transactional SqlSession [org.apache.ibatis.session.defaults.DefaultSqlSession@1162ca30]
2019-10-08 23:48:23 [http-nio-8080-exec-9] [DEBUG] org.mybatis.spring.SqlSessionUtils - Creating a new SqlSession
2019-10-08 23:48:23 [http-nio-8080-exec-9] [DEBUG] org.mybatis.spring.SqlSessionUtils - SqlSession [org.apache.ibatis.session.defaults.DefaultSqlSession@d18a72b] was not registered for synchronization because synchronization is not active
2019-10-08 23:48:23 [http-nio-8080-exec-9] [DEBUG] o.m.s.t.SpringManagedTransaction - JDBC Connection [HikariProxyConnection@860704868 wrapping org.postgresql.jdbc.PgConnection@3c16a8a1] will not be managed by Spring
2019-10-08 23:48:23 [http-nio-8080-exec-9] [DEBUG] org.mybatis.spring.SqlSessionUtils - Closing non transactional SqlSession [org.apache.ibatis.session.defaults.DefaultSqlSession@d18a72b]
2019-10-08 23:49:29 [restartedMain] [INFO] com.spring.movi.MoviApplication - Starting MoviApplication on DESKTOP-SSTPOFF with PID 17528 (D:\Projects\movi\target\classes started by Eanda in D:\Projects\movi)
2019-10-08 23:49:29 [restartedMain] [INFO] com.spring.movi.MoviApplication - No active profile set, falling back to default profiles: default
2019-10-08 23:49:29 [restartedMain] [INFO] o.s.b.d.e.DevToolsPropertyDefaultsPostProcessor - Devtools property defaults active! Set 'spring.devtools.add-properties' to 'false' to disable
2019-10-08 23:49:29 [restartedMain] [INFO] o.s.b.d.e.DevToolsPropertyDefaultsPostProcessor - For additional web related logging consider setting the 'logging.level.web' property to 'DEBUG'
2019-10-08 23:49:29 [restartedMain] [DEBUG] o.m.s.b.a.MybatisAutoConfiguration - Searching for mappers annotated with @Mapper
2019-10-08 23:49:29 [restartedMain] [DEBUG] o.m.s.b.a.MybatisAutoConfiguration - Using auto-configuration base package 'com.spring.movi'
2019-10-08 23:49:29 [restartedMain] [DEBUG] o.m.s.mapper.ClassPathMapperScanner - Identified candidate component class: file [D:\Projects\movi\target\classes\com\spring\movi\dao\MoviTypeDAO.class]
2019-10-08 23:49:29 [restartedMain] [DEBUG] o.m.s.mapper.ClassPathMapperScanner - Identified candidate component class: file [D:\Projects\movi\target\classes\com\spring\movi\dao\TypeDAO.class]
2019-10-08 23:49:29 [restartedMain] [DEBUG] o.m.s.mapper.ClassPathMapperScanner - Creating MapperFactoryBean with name 'moviTypeDAO' and 'com.spring.movi.dao.MoviTypeDAO' mapperInterface
2019-10-08 23:49:29 [restartedMain] [DEBUG] o.m.s.mapper.ClassPathMapperScanner - Enabling autowire by type for MapperFactoryBean with name 'moviTypeDAO'.
2019-10-08 23:49:29 [restartedMain] [DEBUG] o.m.s.mapper.ClassPathMapperScanner - Creating MapperFactoryBean with name 'typeDAO' and 'com.spring.movi.dao.TypeDAO' mapperInterface
2019-10-08 23:49:29 [restartedMain] [DEBUG] o.m.s.mapper.ClassPathMapperScanner - Enabling autowire by type for MapperFactoryBean with name 'typeDAO'.
2019-10-08 23:49:30 [restartedMain] [INFO] o.s.b.w.e.tomcat.TomcatWebServer - Tomcat initialized with port(s): 8080 (http)
2019-10-08 23:49:30 [restartedMain] [INFO] o.a.coyote.http11.Http11NioProtocol - Initializing ProtocolHandler ["http-nio-8080"]
2019-10-08 23:49:30 [restartedMain] [INFO] o.a.catalina.core.StandardService - Starting service [Tomcat]
2019-10-08 23:49:30 [restartedMain] [INFO] o.a.catalina.core.StandardEngine - Starting Servlet engine: [Apache Tomcat/9.0.26]
2019-10-08 23:49:30 [restartedMain] [INFO] o.a.c.c.C.[Tomcat].[localhost].[/] - Initializing Spring embedded WebApplicationContext
2019-10-08 23:49:30 [restartedMain] [INFO] o.s.web.context.ContextLoader - Root WebApplicationContext: initialization completed in 1031 ms
2019-10-08 23:49:30 [restartedMain] [DEBUG] o.m.spring.SqlSessionFactoryBean - Parsed configuration file: 'class path resource [mybatis/mybatis_config.xml]'
2019-10-08 23:49:30 [restartedMain] [DEBUG] o.m.spring.SqlSessionFactoryBean - Parsed mapper file: 'file [D:\Projects\movi\target\classes\mybatis\mapper\movitypedao.xml]'
2019-10-08 23:49:30 [restartedMain] [DEBUG] o.m.spring.SqlSessionFactoryBean - Parsed mapper file: 'file [D:\Projects\movi\target\classes\mybatis\mapper\typedao.xml]'
2019-10-08 23:49:30 [restartedMain] [INFO] o.s.s.c.ThreadPoolTaskExecutor - Initializing ExecutorService 'applicationTaskExecutor'
2019-10-08 23:49:30 [restartedMain] [INFO] o.s.b.a.w.s.WelcomePageHandlerMapping - Adding welcome page template: index
2019-10-08 23:49:30 [restartedMain] [WARN] o.t.templatemode.TemplateMode - [THYMELEAF][restartedMain] Template Mode 'LEGACYHTML5' is deprecated. Using Template Mode 'HTML' instead.
2019-10-08 23:49:31 [restartedMain] [DEBUG] o.m.s.b.a.MybatisAutoConfiguration - Not found configuration for registering mapper bean using @MapperScan, MapperFactoryBean and MapperScannerConfigurer.
2019-10-08 23:49:31 [restartedMain] [INFO] o.s.b.d.a.OptionalLiveReloadServer - LiveReload server is running on port 35729
2019-10-08 23:49:31 [restartedMain] [INFO] o.a.coyote.http11.Http11NioProtocol - Starting ProtocolHandler ["http-nio-8080"]
2019-10-08 23:49:31 [restartedMain] [INFO] o.s.b.w.e.tomcat.TomcatWebServer - Tomcat started on port(s): 8080 (http) with context path ''
2019-10-08 23:49:31 [restartedMain] [INFO] com.spring.movi.MoviApplication - Started MoviApplication in 2.467 seconds (JVM running for 4.496)
2019-10-08 23:49:46 [http-nio-8080-exec-1] [INFO] o.a.c.c.C.[Tomcat].[localhost].[/] - Initializing Spring DispatcherServlet 'dispatcherServlet'
2019-10-08 23:49:46 [http-nio-8080-exec-1] [INFO] o.s.web.servlet.DispatcherServlet - Initializing Servlet 'dispatcherServlet'
2019-10-08 23:49:46 [http-nio-8080-exec-1] [INFO] o.s.web.servlet.DispatcherServlet - Completed initialization in 7 ms
2019-10-08 23:49:46 [http-nio-8080-exec-1] [WARN] n.n.u.t.d.DecoratorProcessor - The layout:decorator/data-layout-decorator processor has been deprecated and will be removed in the next major version of the layout dialect.  Please use layout:decorate/data-layout-decorate instead to future-proof your code.  See https://github.com/ultraq/thymeleaf-layout-dialect/issues/95 for more information.
2019-10-08 23:49:46 [http-nio-8080-exec-1] [WARN] n.n.u.t.e.ExpressionProcessor - Fragment expression "admin/layout/default" is being wrapped as a Thymeleaf 3 fragment expression (~{...}) for backwards compatibility purposes.  This wrapping will be dropped in the next major version of the expression processor, so please rewrite as a Thymeleaf 3 fragment expression to future-proof your code.  See https://github.com/thymeleaf/thymeleaf/issues/451 for more information.
2019-10-08 23:49:47 [http-nio-8080-exec-3] [DEBUG] org.mybatis.spring.SqlSessionUtils - Creating a new SqlSession
2019-10-08 23:49:47 [http-nio-8080-exec-3] [DEBUG] org.mybatis.spring.SqlSessionUtils - SqlSession [org.apache.ibatis.session.defaults.DefaultSqlSession@252d7db5] was not registered for synchronization because synchronization is not active
2019-10-08 23:49:47 [http-nio-8080-exec-3] [INFO] com.zaxxer.hikari.HikariDataSource - HikariPool-1 - Starting...
2019-10-08 23:49:47 [http-nio-8080-exec-3] [INFO] com.zaxxer.hikari.HikariDataSource - HikariPool-1 - Start completed.
2019-10-08 23:49:47 [http-nio-8080-exec-3] [DEBUG] o.m.s.t.SpringManagedTransaction - JDBC Connection [HikariProxyConnection@2073563501 wrapping org.postgresql.jdbc.PgConnection@404fd8ab] will not be managed by Spring
2019-10-08 23:49:47 [http-nio-8080-exec-3] [DEBUG] org.mybatis.spring.SqlSessionUtils - Closing non transactional SqlSession [org.apache.ibatis.session.defaults.DefaultSqlSession@252d7db5]
2019-10-08 23:50:21 [restartedMain] [INFO] com.spring.movi.MoviApplication - Starting MoviApplication on DESKTOP-SSTPOFF with PID 17800 (D:\Projects\movi\target\classes started by Eanda in D:\Projects\movi)
2019-10-08 23:50:21 [restartedMain] [INFO] com.spring.movi.MoviApplication - No active profile set, falling back to default profiles: default
2019-10-08 23:50:21 [restartedMain] [INFO] o.s.b.d.e.DevToolsPropertyDefaultsPostProcessor - Devtools property defaults active! Set 'spring.devtools.add-properties' to 'false' to disable
2019-10-08 23:50:21 [restartedMain] [INFO] o.s.b.d.e.DevToolsPropertyDefaultsPostProcessor - For additional web related logging consider setting the 'logging.level.web' property to 'DEBUG'
2019-10-08 23:50:22 [restartedMain] [DEBUG] o.m.s.b.a.MybatisAutoConfiguration - Searching for mappers annotated with @Mapper
2019-10-08 23:50:22 [restartedMain] [DEBUG] o.m.s.b.a.MybatisAutoConfiguration - Using auto-configuration base package 'com.spring.movi'
2019-10-08 23:50:22 [restartedMain] [DEBUG] o.m.s.mapper.ClassPathMapperScanner - Identified candidate component class: file [D:\Projects\movi\target\classes\com\spring\movi\dao\MoviTypeDAO.class]
2019-10-08 23:50:22 [restartedMain] [DEBUG] o.m.s.mapper.ClassPathMapperScanner - Identified candidate component class: file [D:\Projects\movi\target\classes\com\spring\movi\dao\TypeDAO.class]
2019-10-08 23:50:22 [restartedMain] [DEBUG] o.m.s.mapper.ClassPathMapperScanner - Creating MapperFactoryBean with name 'moviTypeDAO' and 'com.spring.movi.dao.MoviTypeDAO' mapperInterface
2019-10-08 23:50:22 [restartedMain] [DEBUG] o.m.s.mapper.ClassPathMapperScanner - Enabling autowire by type for MapperFactoryBean with name 'moviTypeDAO'.
2019-10-08 23:50:22 [restartedMain] [DEBUG] o.m.s.mapper.ClassPathMapperScanner - Creating MapperFactoryBean with name 'typeDAO' and 'com.spring.movi.dao.TypeDAO' mapperInterface
2019-10-08 23:50:22 [restartedMain] [DEBUG] o.m.s.mapper.ClassPathMapperScanner - Enabling autowire by type for MapperFactoryBean with name 'typeDAO'.
2019-10-08 23:50:22 [restartedMain] [INFO] o.s.b.w.e.tomcat.TomcatWebServer - Tomcat initialized with port(s): 8080 (http)
2019-10-08 23:50:22 [restartedMain] [INFO] o.a.coyote.http11.Http11NioProtocol - Initializing ProtocolHandler ["http-nio-8080"]
2019-10-08 23:50:22 [restartedMain] [INFO] o.a.catalina.core.StandardService - Starting service [Tomcat]
2019-10-08 23:50:22 [restartedMain] [INFO] o.a.catalina.core.StandardEngine - Starting Servlet engine: [Apache Tomcat/9.0.26]
2019-10-08 23:50:22 [restartedMain] [INFO] o.a.c.c.C.[Tomcat].[localhost].[/] - Initializing Spring embedded WebApplicationContext
2019-10-08 23:50:22 [restartedMain] [INFO] o.s.web.context.ContextLoader - Root WebApplicationContext: initialization completed in 1000 ms
2019-10-08 23:50:23 [restartedMain] [DEBUG] o.m.spring.SqlSessionFactoryBean - Parsed configuration file: 'class path resource [mybatis/mybatis_config.xml]'
2019-10-08 23:50:23 [restartedMain] [DEBUG] o.m.spring.SqlSessionFactoryBean - Parsed mapper file: 'file [D:\Projects\movi\target\classes\mybatis\mapper\movitypedao.xml]'
2019-10-08 23:50:23 [restartedMain] [DEBUG] o.m.spring.SqlSessionFactoryBean - Parsed mapper file: 'file [D:\Projects\movi\target\classes\mybatis\mapper\typedao.xml]'
2019-10-08 23:50:23 [restartedMain] [INFO] o.s.s.c.ThreadPoolTaskExecutor - Initializing ExecutorService 'applicationTaskExecutor'
2019-10-08 23:50:23 [restartedMain] [INFO] o.s.b.a.w.s.WelcomePageHandlerMapping - Adding welcome page template: index
2019-10-08 23:50:23 [restartedMain] [WARN] o.t.templatemode.TemplateMode - [THYMELEAF][restartedMain] Template Mode 'LEGACYHTML5' is deprecated. Using Template Mode 'HTML' instead.
2019-10-08 23:50:23 [restartedMain] [DEBUG] o.m.s.b.a.MybatisAutoConfiguration - Not found configuration for registering mapper bean using @MapperScan, MapperFactoryBean and MapperScannerConfigurer.
2019-10-08 23:50:23 [restartedMain] [INFO] o.s.b.d.a.OptionalLiveReloadServer - LiveReload server is running on port 35729
2019-10-08 23:50:23 [restartedMain] [INFO] o.a.coyote.http11.Http11NioProtocol - Starting ProtocolHandler ["http-nio-8080"]
2019-10-08 23:50:23 [restartedMain] [INFO] o.s.b.w.e.tomcat.TomcatWebServer - Tomcat started on port(s): 8080 (http) with context path ''
2019-10-08 23:50:23 [restartedMain] [INFO] com.spring.movi.MoviApplication - Started MoviApplication in 2.393 seconds (JVM running for 4.083)
2019-10-08 23:50:40 [http-nio-8080-exec-1] [INFO] o.a.c.c.C.[Tomcat].[localhost].[/] - Initializing Spring DispatcherServlet 'dispatcherServlet'
2019-10-08 23:50:40 [http-nio-8080-exec-1] [INFO] o.s.web.servlet.DispatcherServlet - Initializing Servlet 'dispatcherServlet'
2019-10-08 23:50:40 [http-nio-8080-exec-1] [INFO] o.s.web.servlet.DispatcherServlet - Completed initialization in 4 ms
2019-10-08 23:50:40 [http-nio-8080-exec-1] [WARN] n.n.u.t.d.DecoratorProcessor - The layout:decorator/data-layout-decorator processor has been deprecated and will be removed in the next major version of the layout dialect.  Please use layout:decorate/data-layout-decorate instead to future-proof your code.  See https://github.com/ultraq/thymeleaf-layout-dialect/issues/95 for more information.
2019-10-08 23:50:41 [http-nio-8080-exec-1] [WARN] n.n.u.t.e.ExpressionProcessor - Fragment expression "admin/layout/default" is being wrapped as a Thymeleaf 3 fragment expression (~{...}) for backwards compatibility purposes.  This wrapping will be dropped in the next major version of the expression processor, so please rewrite as a Thymeleaf 3 fragment expression to future-proof your code.  See https://github.com/thymeleaf/thymeleaf/issues/451 for more information.
2019-10-08 23:50:41 [http-nio-8080-exec-9] [DEBUG] org.mybatis.spring.SqlSessionUtils - Creating a new SqlSession
2019-10-08 23:50:41 [http-nio-8080-exec-9] [DEBUG] org.mybatis.spring.SqlSessionUtils - SqlSession [org.apache.ibatis.session.defaults.DefaultSqlSession@56ff9a20] was not registered for synchronization because synchronization is not active
2019-10-08 23:50:41 [http-nio-8080-exec-9] [INFO] com.zaxxer.hikari.HikariDataSource - HikariPool-1 - Starting...
2019-10-08 23:50:42 [http-nio-8080-exec-9] [INFO] com.zaxxer.hikari.HikariDataSource - HikariPool-1 - Start completed.
2019-10-08 23:50:42 [http-nio-8080-exec-9] [DEBUG] o.m.s.t.SpringManagedTransaction - JDBC Connection [HikariProxyConnection@1928265136 wrapping org.postgresql.jdbc.PgConnection@4db11138] will not be managed by Spring
2019-10-08 23:50:42 [http-nio-8080-exec-9] [DEBUG] org.mybatis.spring.SqlSessionUtils - Closing non transactional SqlSession [org.apache.ibatis.session.defaults.DefaultSqlSession@56ff9a20]
2019-10-08 23:50:55 [http-nio-8080-exec-1] [DEBUG] org.mybatis.spring.SqlSessionUtils - Creating a new SqlSession
2019-10-08 23:50:55 [http-nio-8080-exec-1] [DEBUG] org.mybatis.spring.SqlSessionUtils - SqlSession [org.apache.ibatis.session.defaults.DefaultSqlSession@10860999] was not registered for synchronization because synchronization is not active
2019-10-08 23:50:55 [http-nio-8080-exec-1] [DEBUG] o.m.s.t.SpringManagedTransaction - JDBC Connection [HikariProxyConnection@314246643 wrapping org.postgresql.jdbc.PgConnection@4db11138] will not be managed by Spring
2019-10-08 23:50:55 [http-nio-8080-exec-1] [DEBUG] org.mybatis.spring.SqlSessionUtils - Closing non transactional SqlSession [org.apache.ibatis.session.defaults.DefaultSqlSession@10860999]
2019-10-08 23:50:58 [http-nio-8080-exec-8] [DEBUG] org.mybatis.spring.SqlSessionUtils - Creating a new SqlSession
2019-10-08 23:50:58 [http-nio-8080-exec-8] [DEBUG] org.mybatis.spring.SqlSessionUtils - SqlSession [org.apache.ibatis.session.defaults.DefaultSqlSession@124d2185] was not registered for synchronization because synchronization is not active
2019-10-08 23:50:58 [http-nio-8080-exec-8] [DEBUG] o.m.s.t.SpringManagedTransaction - JDBC Connection [HikariProxyConnection@1540716757 wrapping org.postgresql.jdbc.PgConnection@4db11138] will not be managed by Spring
2019-10-08 23:50:58 [http-nio-8080-exec-8] [DEBUG] org.mybatis.spring.SqlSessionUtils - Closing non transactional SqlSession [org.apache.ibatis.session.defaults.DefaultSqlSession@124d2185]
2019-10-08 23:51:12 [http-nio-8080-exec-8] [DEBUG] org.mybatis.spring.SqlSessionUtils - Creating a new SqlSession
2019-10-08 23:51:12 [http-nio-8080-exec-8] [DEBUG] org.mybatis.spring.SqlSessionUtils - SqlSession [org.apache.ibatis.session.defaults.DefaultSqlSession@686aa7e2] was not registered for synchronization because synchronization is not active
2019-10-08 23:51:12 [http-nio-8080-exec-8] [DEBUG] o.m.s.t.SpringManagedTransaction - JDBC Connection [HikariProxyConnection@928113671 wrapping org.postgresql.jdbc.PgConnection@4db11138] will not be managed by Spring
2019-10-08 23:51:12 [http-nio-8080-exec-8] [DEBUG] org.mybatis.spring.SqlSessionUtils - Closing non transactional SqlSession [org.apache.ibatis.session.defaults.DefaultSqlSession@686aa7e2]
2019-10-08 23:52:01 [restartedMain] [INFO] com.spring.movi.MoviApplication - Starting MoviApplication on DESKTOP-SSTPOFF with PID 14792 (D:\Projects\movi\target\classes started by Eanda in D:\Projects\movi)
2019-10-08 23:52:01 [restartedMain] [INFO] com.spring.movi.MoviApplication - No active profile set, falling back to default profiles: default
2019-10-08 23:52:01 [restartedMain] [INFO] o.s.b.d.e.DevToolsPropertyDefaultsPostProcessor - Devtools property defaults active! Set 'spring.devtools.add-properties' to 'false' to disable
2019-10-08 23:52:01 [restartedMain] [INFO] o.s.b.d.e.DevToolsPropertyDefaultsPostProcessor - For additional web related logging consider setting the 'logging.level.web' property to 'DEBUG'
2019-10-08 23:52:02 [restartedMain] [DEBUG] o.m.s.b.a.MybatisAutoConfiguration - Searching for mappers annotated with @Mapper
2019-10-08 23:52:02 [restartedMain] [DEBUG] o.m.s.b.a.MybatisAutoConfiguration - Using auto-configuration base package 'com.spring.movi'
2019-10-08 23:52:02 [restartedMain] [DEBUG] o.m.s.mapper.ClassPathMapperScanner - Identified candidate component class: file [D:\Projects\movi\target\classes\com\spring\movi\dao\MoviTypeDAO.class]
2019-10-08 23:52:02 [restartedMain] [DEBUG] o.m.s.mapper.ClassPathMapperScanner - Identified candidate component class: file [D:\Projects\movi\target\classes\com\spring\movi\dao\TypeDAO.class]
2019-10-08 23:52:02 [restartedMain] [DEBUG] o.m.s.mapper.ClassPathMapperScanner - Creating MapperFactoryBean with name 'moviTypeDAO' and 'com.spring.movi.dao.MoviTypeDAO' mapperInterface
2019-10-08 23:52:02 [restartedMain] [DEBUG] o.m.s.mapper.ClassPathMapperScanner - Enabling autowire by type for MapperFactoryBean with name 'moviTypeDAO'.
2019-10-08 23:52:02 [restartedMain] [DEBUG] o.m.s.mapper.ClassPathMapperScanner - Creating MapperFactoryBean with name 'typeDAO' and 'com.spring.movi.dao.TypeDAO' mapperInterface
2019-10-08 23:52:02 [restartedMain] [DEBUG] o.m.s.mapper.ClassPathMapperScanner - Enabling autowire by type for MapperFactoryBean with name 'typeDAO'.
2019-10-08 23:52:02 [restartedMain] [INFO] o.s.b.w.e.tomcat.TomcatWebServer - Tomcat initialized with port(s): 8080 (http)
2019-10-08 23:52:02 [restartedMain] [INFO] o.a.coyote.http11.Http11NioProtocol - Initializing ProtocolHandler ["http-nio-8080"]
2019-10-08 23:52:02 [restartedMain] [INFO] o.a.catalina.core.StandardService - Starting service [Tomcat]
2019-10-08 23:52:02 [restartedMain] [INFO] o.a.catalina.core.StandardEngine - Starting Servlet engine: [Apache Tomcat/9.0.26]
2019-10-08 23:52:03 [restartedMain] [INFO] o.a.c.c.C.[Tomcat].[localhost].[/] - Initializing Spring embedded WebApplicationContext
2019-10-08 23:52:03 [restartedMain] [INFO] o.s.web.context.ContextLoader - Root WebApplicationContext: initialization completed in 1015 ms
2019-10-08 23:52:03 [restartedMain] [DEBUG] o.m.spring.SqlSessionFactoryBean - Parsed configuration file: 'class path resource [mybatis/mybatis_config.xml]'
2019-10-08 23:52:03 [restartedMain] [DEBUG] o.m.spring.SqlSessionFactoryBean - Parsed mapper file: 'file [D:\Projects\movi\target\classes\mybatis\mapper\movitypedao.xml]'
2019-10-08 23:52:03 [restartedMain] [DEBUG] o.m.spring.SqlSessionFactoryBean - Parsed mapper file: 'file [D:\Projects\movi\target\classes\mybatis\mapper\typedao.xml]'
2019-10-08 23:52:03 [restartedMain] [INFO] o.s.s.c.ThreadPoolTaskExecutor - Initializing ExecutorService 'applicationTaskExecutor'
2019-10-08 23:52:03 [restartedMain] [INFO] o.s.b.a.w.s.WelcomePageHandlerMapping - Adding welcome page template: index
2019-10-08 23:52:03 [restartedMain] [WARN] o.t.templatemode.TemplateMode - [THYMELEAF][restartedMain] Template Mode 'LEGACYHTML5' is deprecated. Using Template Mode 'HTML' instead.
2019-10-08 23:52:03 [restartedMain] [DEBUG] o.m.s.b.a.MybatisAutoConfiguration - Not found configuration for registering mapper bean using @MapperScan, MapperFactoryBean and MapperScannerConfigurer.
2019-10-08 23:52:03 [restartedMain] [INFO] o.s.b.d.a.OptionalLiveReloadServer - LiveReload server is running on port 35729
2019-10-08 23:52:04 [restartedMain] [INFO] o.a.coyote.http11.Http11NioProtocol - Starting ProtocolHandler ["http-nio-8080"]
2019-10-08 23:52:04 [restartedMain] [INFO] o.s.b.w.e.tomcat.TomcatWebServer - Tomcat started on port(s): 8080 (http) with context path ''
2019-10-08 23:52:04 [restartedMain] [INFO] com.spring.movi.MoviApplication - Started MoviApplication in 2.39 seconds (JVM running for 4.55)
2019-10-08 23:52:18 [http-nio-8080-exec-1] [INFO] o.a.c.c.C.[Tomcat].[localhost].[/] - Initializing Spring DispatcherServlet 'dispatcherServlet'
2019-10-08 23:52:18 [http-nio-8080-exec-1] [INFO] o.s.web.servlet.DispatcherServlet - Initializing Servlet 'dispatcherServlet'
2019-10-08 23:52:18 [http-nio-8080-exec-1] [INFO] o.s.web.servlet.DispatcherServlet - Completed initialization in 5 ms
2019-10-08 23:52:18 [http-nio-8080-exec-1] [WARN] n.n.u.t.d.DecoratorProcessor - The layout:decorator/data-layout-decorator processor has been deprecated and will be removed in the next major version of the layout dialect.  Please use layout:decorate/data-layout-decorate instead to future-proof your code.  See https://github.com/ultraq/thymeleaf-layout-dialect/issues/95 for more information.
2019-10-08 23:52:19 [http-nio-8080-exec-1] [WARN] n.n.u.t.e.ExpressionProcessor - Fragment expression "admin/layout/default" is being wrapped as a Thymeleaf 3 fragment expression (~{...}) for backwards compatibility purposes.  This wrapping will be dropped in the next major version of the expression processor, so please rewrite as a Thymeleaf 3 fragment expression to future-proof your code.  See https://github.com/thymeleaf/thymeleaf/issues/451 for more information.
2019-10-08 23:52:20 [http-nio-8080-exec-1] [DEBUG] org.mybatis.spring.SqlSessionUtils - Creating a new SqlSession
2019-10-08 23:52:20 [http-nio-8080-exec-1] [DEBUG] org.mybatis.spring.SqlSessionUtils - SqlSession [org.apache.ibatis.session.defaults.DefaultSqlSession@549b7fc8] was not registered for synchronization because synchronization is not active
2019-10-08 23:52:20 [http-nio-8080-exec-1] [INFO] com.zaxxer.hikari.HikariDataSource - HikariPool-1 - Starting...
2019-10-08 23:52:20 [http-nio-8080-exec-1] [INFO] com.zaxxer.hikari.HikariDataSource - HikariPool-1 - Start completed.
2019-10-08 23:52:20 [http-nio-8080-exec-1] [DEBUG] o.m.s.t.SpringManagedTransaction - JDBC Connection [HikariProxyConnection@430555472 wrapping org.postgresql.jdbc.PgConnection@58a1eba9] will not be managed by Spring
2019-10-08 23:52:20 [http-nio-8080-exec-1] [DEBUG] org.mybatis.spring.SqlSessionUtils - Closing non transactional SqlSession [org.apache.ibatis.session.defaults.DefaultSqlSession@549b7fc8]
2019-10-08 23:52:23 [http-nio-8080-exec-8] [DEBUG] org.mybatis.spring.SqlSessionUtils - Creating a new SqlSession
2019-10-08 23:52:23 [http-nio-8080-exec-8] [DEBUG] org.mybatis.spring.SqlSessionUtils - SqlSession [org.apache.ibatis.session.defaults.DefaultSqlSession@3078d439] was not registered for synchronization because synchronization is not active
2019-10-08 23:52:23 [http-nio-8080-exec-8] [DEBUG] o.m.s.t.SpringManagedTransaction - JDBC Connection [HikariProxyConnection@1506255975 wrapping org.postgresql.jdbc.PgConnection@58a1eba9] will not be managed by Spring
2019-10-08 23:52:23 [http-nio-8080-exec-8] [DEBUG] org.mybatis.spring.SqlSessionUtils - Closing non transactional SqlSession [org.apache.ibatis.session.defaults.DefaultSqlSession@3078d439]
2019-10-08 23:52:26 [http-nio-8080-exec-4] [DEBUG] org.mybatis.spring.SqlSessionUtils - Creating a new SqlSession
2019-10-08 23:52:26 [http-nio-8080-exec-4] [DEBUG] org.mybatis.spring.SqlSessionUtils - SqlSession [org.apache.ibatis.session.defaults.DefaultSqlSession@1755250a] was not registered for synchronization because synchronization is not active
2019-10-08 23:52:26 [http-nio-8080-exec-4] [DEBUG] o.m.s.t.SpringManagedTransaction - JDBC Connection [HikariProxyConnection@1885622969 wrapping org.postgresql.jdbc.PgConnection@58a1eba9] will not be managed by Spring
2019-10-08 23:52:26 [http-nio-8080-exec-4] [DEBUG] org.mybatis.spring.SqlSessionUtils - Closing non transactional SqlSession [org.apache.ibatis.session.defaults.DefaultSqlSession@1755250a]
2019-10-08 23:52:55 [http-nio-8080-exec-6] [DEBUG] org.mybatis.spring.SqlSessionUtils - Creating a new SqlSession
2019-10-08 23:52:55 [http-nio-8080-exec-6] [DEBUG] org.mybatis.spring.SqlSessionUtils - SqlSession [org.apache.ibatis.session.defaults.DefaultSqlSession@241a00fc] was not registered for synchronization because synchronization is not active
2019-10-08 23:52:55 [http-nio-8080-exec-6] [DEBUG] o.m.s.t.SpringManagedTransaction - JDBC Connection [HikariProxyConnection@700934559 wrapping org.postgresql.jdbc.PgConnection@58a1eba9] will not be managed by Spring
2019-10-08 23:52:55 [http-nio-8080-exec-6] [DEBUG] org.mybatis.spring.SqlSessionUtils - Closing non transactional SqlSession [org.apache.ibatis.session.defaults.DefaultSqlSession@241a00fc]
2019-10-08 23:53:17 [http-nio-8080-exec-3] [DEBUG] org.mybatis.spring.SqlSessionUtils - Creating a new SqlSession
2019-10-08 23:53:17 [http-nio-8080-exec-3] [DEBUG] org.mybatis.spring.SqlSessionUtils - SqlSession [org.apache.ibatis.session.defaults.DefaultSqlSession@38fc9d] was not registered for synchronization because synchronization is not active
2019-10-08 23:53:17 [http-nio-8080-exec-3] [DEBUG] o.m.s.t.SpringManagedTransaction - JDBC Connection [HikariProxyConnection@1540230749 wrapping org.postgresql.jdbc.PgConnection@58a1eba9] will not be managed by Spring
2019-10-08 23:53:17 [http-nio-8080-exec-3] [DEBUG] org.mybatis.spring.SqlSessionUtils - Closing non transactional SqlSession [org.apache.ibatis.session.defaults.DefaultSqlSession@38fc9d]
2019-10-08 23:53:54 [restartedMain] [INFO] com.spring.movi.MoviApplication - Starting MoviApplication on DESKTOP-SSTPOFF with PID 1468 (D:\Projects\movi\target\classes started by Eanda in D:\Projects\movi)
2019-10-08 23:53:54 [restartedMain] [INFO] com.spring.movi.MoviApplication - No active profile set, falling back to default profiles: default
2019-10-08 23:53:54 [restartedMain] [INFO] o.s.b.d.e.DevToolsPropertyDefaultsPostProcessor - Devtools property defaults active! Set 'spring.devtools.add-properties' to 'false' to disable
2019-10-08 23:53:54 [restartedMain] [INFO] o.s.b.d.e.DevToolsPropertyDefaultsPostProcessor - For additional web related logging consider setting the 'logging.level.web' property to 'DEBUG'
2019-10-08 23:53:54 [restartedMain] [DEBUG] o.m.s.b.a.MybatisAutoConfiguration - Searching for mappers annotated with @Mapper
2019-10-08 23:53:54 [restartedMain] [DEBUG] o.m.s.b.a.MybatisAutoConfiguration - Using auto-configuration base package 'com.spring.movi'
2019-10-08 23:53:54 [restartedMain] [DEBUG] o.m.s.mapper.ClassPathMapperScanner - Identified candidate component class: file [D:\Projects\movi\target\classes\com\spring\movi\dao\MoviTypeDAO.class]
2019-10-08 23:53:54 [restartedMain] [DEBUG] o.m.s.mapper.ClassPathMapperScanner - Identified candidate component class: file [D:\Projects\movi\target\classes\com\spring\movi\dao\TypeDAO.class]
2019-10-08 23:53:54 [restartedMain] [DEBUG] o.m.s.mapper.ClassPathMapperScanner - Creating MapperFactoryBean with name 'moviTypeDAO' and 'com.spring.movi.dao.MoviTypeDAO' mapperInterface
2019-10-08 23:53:54 [restartedMain] [DEBUG] o.m.s.mapper.ClassPathMapperScanner - Enabling autowire by type for MapperFactoryBean with name 'moviTypeDAO'.
2019-10-08 23:53:54 [restartedMain] [DEBUG] o.m.s.mapper.ClassPathMapperScanner - Creating MapperFactoryBean with name 'typeDAO' and 'com.spring.movi.dao.TypeDAO' mapperInterface
2019-10-08 23:53:54 [restartedMain] [DEBUG] o.m.s.mapper.ClassPathMapperScanner - Enabling autowire by type for MapperFactoryBean with name 'typeDAO'.
2019-10-08 23:53:55 [restartedMain] [INFO] o.s.b.w.e.tomcat.TomcatWebServer - Tomcat initialized with port(s): 8080 (http)
2019-10-08 23:53:55 [restartedMain] [INFO] o.a.coyote.http11.Http11NioProtocol - Initializing ProtocolHandler ["http-nio-8080"]
2019-10-08 23:53:55 [restartedMain] [INFO] o.a.catalina.core.StandardService - Starting service [Tomcat]
2019-10-08 23:53:55 [restartedMain] [INFO] o.a.catalina.core.StandardEngine - Starting Servlet engine: [Apache Tomcat/9.0.26]
2019-10-08 23:53:55 [restartedMain] [INFO] o.a.c.c.C.[Tomcat].[localhost].[/] - Initializing Spring embedded WebApplicationContext
2019-10-08 23:53:55 [restartedMain] [INFO] o.s.web.context.ContextLoader - Root WebApplicationContext: initialization completed in 1023 ms
2019-10-08 23:53:55 [restartedMain] [DEBUG] o.m.spring.SqlSessionFactoryBean - Parsed configuration file: 'class path resource [mybatis/mybatis_config.xml]'
2019-10-08 23:53:55 [restartedMain] [DEBUG] o.m.spring.SqlSessionFactoryBean - Parsed mapper file: 'file [D:\Projects\movi\target\classes\mybatis\mapper\movitypedao.xml]'
2019-10-08 23:53:55 [restartedMain] [DEBUG] o.m.spring.SqlSessionFactoryBean - Parsed mapper file: 'file [D:\Projects\movi\target\classes\mybatis\mapper\typedao.xml]'
2019-10-08 23:53:55 [restartedMain] [INFO] o.s.s.c.ThreadPoolTaskExecutor - Initializing ExecutorService 'applicationTaskExecutor'
2019-10-08 23:53:55 [restartedMain] [INFO] o.s.b.a.w.s.WelcomePageHandlerMapping - Adding welcome page template: index
2019-10-08 23:53:55 [restartedMain] [WARN] o.t.templatemode.TemplateMode - [THYMELEAF][restartedMain] Template Mode 'LEGACYHTML5' is deprecated. Using Template Mode 'HTML' instead.
2019-10-08 23:53:55 [restartedMain] [DEBUG] o.m.s.b.a.MybatisAutoConfiguration - Not found configuration for registering mapper bean using @MapperScan, MapperFactoryBean and MapperScannerConfigurer.
2019-10-08 23:53:56 [restartedMain] [INFO] o.s.b.d.a.OptionalLiveReloadServer - LiveReload server is running on port 35729
2019-10-08 23:53:56 [restartedMain] [INFO] o.a.coyote.http11.Http11NioProtocol - Starting ProtocolHandler ["http-nio-8080"]
2019-10-08 23:53:56 [restartedMain] [INFO] o.s.b.w.e.tomcat.TomcatWebServer - Tomcat started on port(s): 8080 (http) with context path ''
2019-10-08 23:53:56 [restartedMain] [INFO] com.spring.movi.MoviApplication - Started MoviApplication in 2.395 seconds (JVM running for 4.146)
2019-10-08 23:54:39 [http-nio-8080-exec-1] [INFO] o.a.c.c.C.[Tomcat].[localhost].[/] - Initializing Spring DispatcherServlet 'dispatcherServlet'
2019-10-08 23:54:39 [http-nio-8080-exec-1] [INFO] o.s.web.servlet.DispatcherServlet - Initializing Servlet 'dispatcherServlet'
2019-10-08 23:54:39 [http-nio-8080-exec-1] [INFO] o.s.web.servlet.DispatcherServlet - Completed initialization in 4 ms
2019-10-08 23:54:39 [http-nio-8080-exec-1] [WARN] n.n.u.t.d.DecoratorProcessor - The layout:decorator/data-layout-decorator processor has been deprecated and will be removed in the next major version of the layout dialect.  Please use layout:decorate/data-layout-decorate instead to future-proof your code.  See https://github.com/ultraq/thymeleaf-layout-dialect/issues/95 for more information.
2019-10-08 23:54:39 [http-nio-8080-exec-1] [WARN] n.n.u.t.e.ExpressionProcessor - Fragment expression "admin/layout/default" is being wrapped as a Thymeleaf 3 fragment expression (~{...}) for backwards compatibility purposes.  This wrapping will be dropped in the next major version of the expression processor, so please rewrite as a Thymeleaf 3 fragment expression to future-proof your code.  See https://github.com/thymeleaf/thymeleaf/issues/451 for more information.
2019-10-08 23:54:40 [http-nio-8080-exec-1] [DEBUG] org.mybatis.spring.SqlSessionUtils - Creating a new SqlSession
2019-10-08 23:54:40 [http-nio-8080-exec-1] [DEBUG] org.mybatis.spring.SqlSessionUtils - SqlSession [org.apache.ibatis.session.defaults.DefaultSqlSession@2cb13e3d] was not registered for synchronization because synchronization is not active
2019-10-08 23:54:40 [http-nio-8080-exec-1] [INFO] com.zaxxer.hikari.HikariDataSource - HikariPool-1 - Starting...
2019-10-08 23:54:40 [http-nio-8080-exec-1] [INFO] com.zaxxer.hikari.HikariDataSource - HikariPool-1 - Start completed.
2019-10-08 23:54:40 [http-nio-8080-exec-1] [DEBUG] o.m.s.t.SpringManagedTransaction - JDBC Connection [HikariProxyConnection@462104163 wrapping org.postgresql.jdbc.PgConnection@3a8ef0dd] will not be managed by Spring
2019-10-08 23:54:40 [http-nio-8080-exec-1] [DEBUG] org.mybatis.spring.SqlSessionUtils - Closing non transactional SqlSession [org.apache.ibatis.session.defaults.DefaultSqlSession@2cb13e3d]
2019-10-08 23:54:55 [http-nio-8080-exec-5] [DEBUG] org.mybatis.spring.SqlSessionUtils - Creating a new SqlSession
2019-10-08 23:54:55 [http-nio-8080-exec-5] [DEBUG] org.mybatis.spring.SqlSessionUtils - SqlSession [org.apache.ibatis.session.defaults.DefaultSqlSession@528af9f0] was not registered for synchronization because synchronization is not active
2019-10-08 23:54:55 [http-nio-8080-exec-5] [DEBUG] o.m.s.t.SpringManagedTransaction - JDBC Connection [HikariProxyConnection@311067810 wrapping org.postgresql.jdbc.PgConnection@3a8ef0dd] will not be managed by Spring
2019-10-08 23:54:55 [http-nio-8080-exec-5] [DEBUG] org.mybatis.spring.SqlSessionUtils - Closing non transactional SqlSession [org.apache.ibatis.session.defaults.DefaultSqlSession@528af9f0]
2019-10-08 23:55:12 [http-nio-8080-exec-9] [DEBUG] org.mybatis.spring.SqlSessionUtils - Creating a new SqlSession
2019-10-08 23:55:12 [http-nio-8080-exec-9] [DEBUG] org.mybatis.spring.SqlSessionUtils - SqlSession [org.apache.ibatis.session.defaults.DefaultSqlSession@3eff40e1] was not registered for synchronization because synchronization is not active
2019-10-08 23:55:12 [http-nio-8080-exec-9] [DEBUG] o.m.s.t.SpringManagedTransaction - JDBC Connection [HikariProxyConnection@1633597782 wrapping org.postgresql.jdbc.PgConnection@3a8ef0dd] will not be managed by Spring
2019-10-08 23:55:12 [http-nio-8080-exec-9] [DEBUG] org.mybatis.spring.SqlSessionUtils - Closing non transactional SqlSession [org.apache.ibatis.session.defaults.DefaultSqlSession@3eff40e1]
2019-10-08 23:55:17 [http-nio-8080-exec-5] [DEBUG] org.mybatis.spring.SqlSessionUtils - Creating a new SqlSession
2019-10-08 23:55:17 [http-nio-8080-exec-5] [DEBUG] org.mybatis.spring.SqlSessionUtils - SqlSession [org.apache.ibatis.session.defaults.DefaultSqlSession@3e48eaf6] was not registered for synchronization because synchronization is not active
2019-10-08 23:55:17 [http-nio-8080-exec-5] [DEBUG] o.m.s.t.SpringManagedTransaction - JDBC Connection [HikariProxyConnection@1965636006 wrapping org.postgresql.jdbc.PgConnection@3a8ef0dd] will not be managed by Spring
2019-10-08 23:55:17 [http-nio-8080-exec-5] [DEBUG] org.mybatis.spring.SqlSessionUtils - Closing non transactional SqlSession [org.apache.ibatis.session.defaults.DefaultSqlSession@3e48eaf6]
